Pivô escolhido: 971
Pivô escolhido: 171
Pivô escolhido: 131
Começando o insertion sort com: 118 14 25 92 0 53 34 124 65
Começando o insertion sort com: 141 133 143
Pivô escolhido: 810
Pivô escolhido: 392
Pivô escolhido: 379
Pivô escolhido: 190
Começando o insertion sort com: 188
Pivô escolhido: 333
Pivô escolhido: 244
Começando o insertion sort com: 215 213 195 234
Pivô escolhido: 320
Começando o insertion sort com: 300 245 291 263 299 318 251
Começando o insertion sort com: 322 330
Começando o insertion sort com: 343 364 362 372 353 371
Começando o insertion sort com: 387 391
Pivô escolhido: 556
Pivô escolhido: 394
Começando o insertion sort com:
Começando o insertion sort com: 459 499 498 431 550 444 471 544 449 422
Pivô escolhido: 591
Começando o insertion sort com: 584 580
Pivô escolhido: 781
Pivô escolhido: 615
Começando o insertion sort com: 592 603 601
Pivô escolhido: 661
Começando o insertion sort com: 637 658
Pivô escolhido: 693
Começando o insertion sort com: 678 668 679 665 667 689 675
Começando o insertion sort com: 723 725 698 776
Começando o insertion sort com: 788 793 787
Pivô escolhido: 857
Começando o insertion sort com: 824 855 833 821 838
Começando o insertion sort com: 875 924 924 966 862 864 861 865 946
Começando o insertion sort com: 998
0
14
25
34
53
65
92
118
124
131
131
133
141
143
171
188
190
195
213
215
234
244
245
251
263
291
299
300
318
320
320
322
330
333
343
353
362
364
371
372
379
387
391
392
394
422
431
444
449
459
471
498
499
544
550
556
580
584
591
592
601
603
615
637
658
661
665
667
668
675
678
679
689
693
698
723
725
776
781
787
788
793
810
821
824
833
838
855
857
861
862
864
865
875
924
924
946
966
971
998
