Pivô escolhido: 115
Pivô escolhido: 91
Pivô escolhido: 72
Pivô escolhido: 15
Pivô escolhido: 1
Começando o insertion sort com:
Pivô escolhido: 8
Começando o insertion sort com: 3 4 5 6 7 2
Começando o insertion sort com: 11 12 13 10 9 14
Pivô escolhido: 62
Pivô escolhido: 21
Começando o insertion sort com: 17 18 19 20 16
Pivô escolhido: 39
Pivô escolhido: 32
Começando o insertion sort com: 24 25 26 27 28 29 30 31 23 22
Começando o insertion sort com: 36 37 38 35 34 33
Pivô escolhido: 49
Começando o insertion sort com: 43 44 45 46 47 48 40 41 42
Pivô escolhido: 50
Começando o insertion sort com:
Pivô escolhido: 51
Começando o insertion sort com:
Começando o insertion sort com: 58 59 60 61 53 52 54 55 57 56
Começando o insertion sort com: 65 66 67 68 69 70 64 63 71
Pivô escolhido: 74
Começando o insertion sort com: 73
Pivô escolhido: 77
Começando o insertion sort com: 75 76
Pivô escolhido: 88
Começando o insertion sort com: 81 82 83 84 85 86 87 78 80 79
Começando o insertion sort com: 89 90
Pivô escolhido: 104
Pivô escolhido: 93
Começando o insertion sort com: 92
Começando o insertion sort com: 96 97 98 99 100 101 102 103 95 94
Começando o insertion sort com: 107 108 109 110 111 112 113 106 105 114
Pivô escolhido: 667
Pivô escolhido: 332
Pivô escolhido: 192
Pivô escolhido: 145
Pivô escolhido: 121
Começando o insertion sort com: 117 118 119 120 116
Pivô escolhido: 144
Pivô escolhido: 129
Começando o insertion sort com: 124 125 126 127 128 123 122
Pivô escolhido: 134
Começando o insertion sort com: 133 130 131 132
Começando o insertion sort com: 139 140 141 142 143 138 137 136 135
Começando o insertion sort com:
Pivô escolhido: 173
Pivô escolhido: 149
Começando o insertion sort com: 148 147 146
Pivô escolhido: 161
Pivô escolhido: 160
Começando o insertion sort com: 153 154 155 156 157 158 159 152 150 151
Começando o insertion sort com:
Pivô escolhido: 162
Começando o insertion sort com:
Começando o insertion sort com: 168 169 170 171 172 165 164 163 167 166
Pivô escolhido: 174
Começando o insertion sort com:
Pivô escolhido: 175
Começando o insertion sort com:
Pivô escolhido: 183
Começando o insertion sort com: 181 182 179 180 178 177 176
Começando o insertion sort com: 190 191 189 188 187 186 185 184
Pivô escolhido: 224
Pivô escolhido: 204
Pivô escolhido: 200
Começando o insertion sort com: 195 196 197 198 199 193 194
Começando o insertion sort com: 203 202 201
Pivô escolhido: 220
Pivô escolhido: 219
Pivô escolhido: 216
Pivô escolhido: 215
Começando o insertion sort com: 208 209 210 211 212 213 214 207 206 205
Começando o insertion sort com:
Começando o insertion sort com: 218 217
Começando o insertion sort com:
Começando o insertion sort com: 223 222 221
Pivô escolhido: 294
Pivô escolhido: 258
Pivô escolhido: 230
Começando o insertion sort com: 228 229 225 226 227
Pivô escolhido: 256
Pivô escolhido: 236
Começando o insertion sort com: 235 232 233 234 231
Pivô escolhido: 246
Começando o insertion sort com: 242 243 244 245 237 238 239 240 241
Começando o insertion sort com: 253 254 255 252 251 250 249 248 247
Começando o insertion sort com: 257
Pivô escolhido: 271
Pivô escolhido: 267
Começando o insertion sort com: 263 264 265 266 262 261 260 259
Começando o insertion sort com: 270 269 268
Pivô escolhido: 284
Pivô escolhido: 279
Começando o insertion sort com: 277 278 276 275 274 273 272
Começando o insertion sort com: 283 282 281 280
Começando o insertion sort com: 291 292 293 290 289 288 287 286 285
Pivô escolhido: 327
Pivô escolhido: 311
Pivô escolhido: 295
Começando o insertion sort com:
Pivô escolhido: 310
Pivô escolhido: 300
Começando o insertion sort com: 296 297 298 299
Começando o insertion sort com: 307 308 309 306 305 304 303 302 301
Começando o insertion sort com:
Pivô escolhido: 322
Começando o insertion sort com: 317 318 319 320 321 312 313 314 315 316
Começando o insertion sort com: 326 325 324 323
Começando o insertion sort com: 331 330 329 328
Pivô escolhido: 344
Pivô escolhido: 339
Começando o insertion sort com: 335 336 337 338 334 333
Começando o insertion sort com: 343 342 341 340
Pivô escolhido: 540
Pivô escolhido: 369
Pivô escolhido: 361
Pivô escolhido: 359
Pivô escolhido: 354
Começando o insertion sort com: 348 349 350 351 352 353 346 345 347
Começando o insertion sort com: 358 357 356 355
Começando o insertion sort com: 360
Começando o insertion sort com: 366 367 368 365 364 363 362
Pivô escolhido: 449
Pivô escolhido: 430
Pivô escolhido: 424
Pivô escolhido: 384
Pivô escolhido: 380
Começando o insertion sort com: 374 375 376 377 378 379 370 371 372 373
Começando o insertion sort com: 383 382 381
Pivô escolhido: 385
Começando o insertion sort com:
Pivô escolhido: 408
Pivô escolhido: 387
Começando o insertion sort com: 386
Pivô escolhido: 397
Começando o insertion sort com: 395 396 392 393 388 389 394 391 390
Começando o insertion sort com: 406 407 405 404 403 402 401 400 399 398
Pivô escolhido: 418
Começando o insertion sort com: 416 417 409 410 411 412 413 415 414
Começando o insertion sort com: 423 422 421 420 419
Começando o insertion sort com: 429 428 427 426 425
Pivô escolhido: 442
Pivô escolhido: 434
Começando o insertion sort com: 433 432 431
Começando o insertion sort com: 441 440 439 438 435 437 436
Começando o insertion sort com: 448 447 446 445 444 443
Pivô escolhido: 463
Pivô escolhido: 452
Começando o insertion sort com: 451 450
Começando o insertion sort com: 459 460 461 462 458 457 454 453 456 455
Pivô escolhido: 523
Pivô escolhido: 494
Pivô escolhido: 488
Pivô escolhido: 469
Começando o insertion sort com: 468 467 466 465 464
Pivô escolhido: 474
Começando o insertion sort com: 471 472 473 470
Pivô escolhido: 479
Começando o insertion sort com: 478 477 475 476
Começando o insertion sort com: 487 482 481 480 486 485 484 483
Começando o insertion sort com: 493 492 491 490 489
Pivô escolhido: 505
Começando o insertion sort com: 502 503 504 495 496 497 498 499 500 501
Pivô escolhido: 517
Pivô escolhido: 509
Começando o insertion sort com: 508 507 506
Começando o insertion sort com: 516 511 510 513 512 515 514
Começando o insertion sort com: 522 521 520 519 518
Pivô escolhido: 529
Começando o insertion sort com: 525 526 527 528 524
Começando o insertion sort com: 538 539 530 537 536 535 534 533 532 531
Pivô escolhido: 635
Pivô escolhido: 598
Pivô escolhido: 590
Pivô escolhido: 579
Pivô escolhido: 569
Pivô escolhido: 562
Pivô escolhido: 548
Começando o insertion sort com: 545 546 547 541 542 543 544
Pivô escolhido: 551
Começando o insertion sort com: 550 549
Começando o insertion sort com: 558 559 560 561 553 552 557 556 555 554
Começando o insertion sort com: 568 567 566 565 564 563
Começando o insertion sort com: 575 576 577 578 574 573 572 571 570
Começando o insertion sort com: 585 586 587 588 589 584 583 582 581 580
Começando o insertion sort com: 596 597 595 594 593 592 591
Pivô escolhido: 608
Começando o insertion sort com: 604 605 606 607 599 600 601 602 603
Pivô escolhido: 631
Pivô escolhido: 614
Começando o insertion sort com: 613 612 611 610 609
Pivô escolhido: 626
Pivô escolhido: 620
Começando o insertion sort com: 619 618 617 615 616
Começando o insertion sort com: 625 621 624 623 622
Começando o insertion sort com: 630 629 628 627
Começando o insertion sort com: 634 633 632
Pivô escolhido: 663
Pivô escolhido: 650
Pivô escolhido: 645
Começando o insertion sort com: 641 642 643 644 636 637 638 640 639
Começando o insertion sort com: 649 648 647 646
Pivô escolhido: 652
Começando o insertion sort com: 651
Começando o insertion sort com: 660 661 662 656 655 654 653 659 658 657
Começando o insertion sort com: 666 665 664
Pivô escolhido: 828
Pivô escolhido: 790
Pivô escolhido: 767
Pivô escolhido: 680
Pivô escolhido: 675
Começando o insertion sort com: 670 671 672 673 674 668 669
Começando o insertion sort com: 679 678 677 676
Pivô escolhido: 689
Começando o insertion sort com: 684 685 686 687 688 681 682 683
Pivô escolhido: 690
Começando o insertion sort com:
Pivô escolhido: 724
Pivô escolhido: 711
Pivô escolhido: 696
Começando o insertion sort com: 694 695 691 692 693
Pivô escolhido: 699
Começando o insertion sort com: 698 697
Pivô escolhido: 708
Começando o insertion sort com: 707 703 704 702 701 700 706 705
Começando o insertion sort com: 710 709
Pivô escolhido: 716
Começando o insertion sort com: 713 714 715 712
Começando o insertion sort com: 717 723 722 721 720 719 718
Pivô escolhido: 746
Pivô escolhido: 725
Começando o insertion sort com:
Pivô escolhido: 732
Começando o insertion sort com: 731 729 728 727 726 730
Pivô escolhido: 733
Começando o insertion sort com:
Pivô escolhido: 738
Começando o insertion sort com: 734 735 736 737
Começando o insertion sort com: 741 739 740 745 742 744 743
Pivô escolhido: 752
Começando o insertion sort com: 748 749 750 751 747
Pivô escolhido: 765
Pivô escolhido: 764
Pivô escolhido: 760
Começando o insertion sort com: 757 758 755 754 753 756 759
Começando o insertion sort com: 763 762 761
Começando o insertion sort com:
Começando o insertion sort com: 766
Pivô escolhido: 787
Pivô escolhido: 784
Pivô escolhido: 780
Pivô escolhido: 768
Começando o insertion sort com:
Pivô escolhido: 775
Começando o insertion sort com: 773 774 771 772 769 770
Começando o insertion sort com: 779 778 777 776
Começando o insertion sort com: 783 782 781
Começando o insertion sort com: 786 785
Começando o insertion sort com: 789 788
Pivô escolhido: 813
Pivô escolhido: 805
Pivô escolhido: 794
Começando o insertion sort com: 791 792 793
Começando o insertion sort com: 799 800 801 802 803 804 798 797 796 795
Começando o insertion sort com: 810 811 812 809 808 807 806
Pivô escolhido: 816
Começando o insertion sort com: 815 814
Pivô escolhido: 826
Começando o insertion sort com: 822 823 824 825 818 817 821 820 819
Começando o insertion sort com: 827
Pivô escolhido: 970
Pivô escolhido: 885
Pivô escolhido: 876
Pivô escolhido: 841
Pivô escolhido: 836
Começando o insertion sort com: 832 833 834 835 829 830 831
Começando o insertion sort com: 840 839 838 837
Pivô escolhido: 859
Pivô escolhido: 852
Começando o insertion sort com: 846 847 848 849 850 851 845 844 843 842
Começando o insertion sort com: 858 857 856 855 854 853
Pivô escolhido: 866
Começando o insertion sort com: 865 860 861 862 863 864
Começando o insertion sort com: 873 874 875 872 871 870 869 868 867
Começando o insertion sort com: 881 882 883 884 880 879 878 877
Pivô escolhido: 886
Começando o insertion sort com:
Pivô escolhido: 906
Pivô escolhido: 895
Começando o insertion sort com: 892 893 894 889 888 887 891 890
Começando o insertion sort com: 902 903 904 905 901 900 899 898 897 896
Pivô escolhido: 936
Pivô escolhido: 923
Pivô escolhido: 913
Começando o insertion sort com: 907 908 909 910 911 912
Começando o insertion sort com: 921 922 920 919 918 917 916 915 914
Pivô escolhido: 932
Começando o insertion sort com: 931 924 925 926 930 929 928 927
Começando o insertion sort com: 935 934 933
Pivô escolhido: 938
Começando o insertion sort com: 937
Pivô escolhido: 956
Pivô escolhido: 944
Começando o insertion sort com: 942 941 940 939 943
Pivô escolhido: 945
Começando o insertion sort com:
Começando o insertion sort com: 953 947 946 952 951 950 949 948 955 954
Pivô escolhido: 963
Começando o insertion sort com: 958 959 960 961 962 957
Começando o insertion sort com: 964 965 969 968 967 966
Pivô escolhido: 986
Pivô escolhido: 974
Começando o insertion sort com: 973 972 971
Pivô escolhido: 977
Começando o insertion sort com: 976 975
Começando o insertion sort com: 984 985 979 978 983 982 981 980
Pivô escolhido: 996
Começando o insertion sort com: 992 993 994 995 987 988 991 990 989
Começando o insertion sort com: 998 997 999
1
2
3
4
5
6
7
8
9
10
11
12
13
14
15
16
17
18
19
20
21
22
23
24
25
26
27
28
29
30
31
32
33
34
35
36
37
38
39
40
41
42
43
44
45
46
47
48
49
50
51
52
53
54
55
56
57
58
59
60
61
62
63
64
65
66
67
68
69
70
71
72
73
74
75
76
77
78
79
80
81
82
83
84
85
86
87
88
89
90
91
92
93
94
95
96
97
98
99
100
101
102
103
104
105
106
107
108
109
110
111
112
113
114
115
116
117
118
119
120
121
122
123
124
125
126
127
128
129
130
131
132
133
134
135
136
137
138
139
140
141
142
143
144
145
146
147
148
149
150
151
152
153
154
155
156
157
158
159
160
161
162
163
164
165
166
167
168
169
170
171
172
173
174
175
176
177
178
179
180
181
182
183
184
185
186
187
188
189
190
191
192
193
194
195
196
197
198
199
200
201
202
203
204
205
206
207
208
209
210
211
212
213
214
215
216
217
218
219
220
221
222
223
224
225
226
227
228
229
230
231
232
233
234
235
236
237
238
239
240
241
242
243
244
245
246
247
248
249
250
251
252
253
254
255
256
257
258
259
260
261
262
263
264
265
266
267
268
269
270
271
272
273
274
275
276
277
278
279
280
281
282
283
284
285
286
287
288
289
290
291
292
293
294
295
296
297
298
299
300
301
302
303
304
305
306
307
308
309
310
311
312
313
314
315
316
317
318
319
320
321
322
323
324
325
326
327
328
329
330
331
332
333
334
335
336
337
338
339
340
341
342
343
344
345
346
347
348
349
350
351
352
353
354
355
356
357
358
359
360
361
362
363
364
365
366
367
368
369
370
371
372
373
374
375
376
377
378
379
380
381
382
383
384
385
386
387
388
389
390
391
392
393
394
395
396
397
398
399
400
401
402
403
404
405
406
407
408
409
410
411
412
413
414
415
416
417
418
419
420
421
422
423
424
425
426
427
428
429
430
431
432
433
434
435
436
437
438
439
440
441
442
443
444
445
446
447
448
449
450
451
452
453
454
455
456
457
458
459
460
461
462
463
464
465
466
467
468
469
470
471
472
473
474
475
476
477
478
479
480
481
482
483
484
485
486
487
488
489
490
491
492
493
494
495
496
497
498
499
500
501
502
503
504
505
506
507
508
509
510
511
512
513
514
515
516
517
518
519
520
521
522
523
524
525
526
527
528
529
530
531
532
533
534
535
536
537
538
539
540
541
542
543
544
545
546
547
548
549
550
551
552
553
554
555
556
557
558
559
560
561
562
563
564
565
566
567
568
569
570
571
572
573
574
575
576
577
578
579
580
581
582
583
584
585
586
587
588
589
590
591
592
593
594
595
596
597
598
599
600
601
602
603
604
605
606
607
608
609
610
611
612
613
614
615
616
617
618
619
620
621
622
623
624
625
626
627
628
629
630
631
632
633
634
635
636
637
638
639
640
641
642
643
644
645
646
647
648
649
650
651
652
653
654
655
656
657
658
659
660
661
662
663
664
665
666
667
668
669
670
671
672
673
674
675
676
677
678
679
680
681
682
683
684
685
686
687
688
689
690
691
692
693
694
695
696
697
698
699
700
701
702
703
704
705
706
707
708
709
710
711
712
713
714
715
716
717
718
719
720
721
722
723
724
725
726
727
728
729
730
731
732
733
734
735
736
737
738
739
740
741
742
743
744
745
746
747
748
749
750
751
752
753
754
755
756
757
758
759
760
761
762
763
764
765
766
767
768
769
770
771
772
773
774
775
776
777
778
779
780
781
782
783
784
785
786
787
788
789
790
791
792
793
794
795
796
797
798
799
800
801
802
803
804
805
806
807
808
809
810
811
812
813
814
815
816
817
818
819
820
821
822
823
824
825
826
827
828
829
830
831
832
833
834
835
836
837
838
839
840
841
842
843
844
845
846
847
848
849
850
851
852
853
854
855
856
857
858
859
860
861
862
863
864
865
866
867
868
869
870
871
872
873
874
875
876
877
878
879
880
881
882
883
884
885
886
887
888
889
890
891
892
893
894
895
896
897
898
899
900
901
902
903
904
905
906
907
908
909
910
911
912
913
914
915
916
917
918
919
920
921
922
923
924
925
926
927
928
929
930
931
932
933
934
935
936
937
938
939
940
941
942
943
944
945
946
947
948
949
950
951
952
953
954
955
956
957
958
959
960
961
962
963
964
965
966
967
968
969
970
971
972
973
974
975
976
977
978
979
980
981
982
983
984
985
986
987
988
989
990
991
992
993
994
995
996
997
998
999
