Pivô escolhido: 377
Pivô escolhido: 315
Pivô escolhido: 49
Pivô escolhido: 8
Pivô escolhido: 1
Começando o insertion sort com: 0 0 0 0 0
Pivô escolhido: 5
Pivô escolhido: 3
Começando o insertion sort com: 2 2 2 2
Começando o insertion sort com: 4 4 4 4 4
Começando o insertion sort com: 7 6 6 6 7 6 7
Pivô escolhido: 22
Pivô escolhido: 18
Pivô escolhido: 17
Pivô escolhido: 9
Começando o insertion sort com:
Pivô escolhido: 15
Pivô escolhido: 11
Começando o insertion sort com: 10 10 10
Pivô escolhido: 14
Começando o insertion sort com: 12 13 12 13 12 12
Começando o insertion sort com:
Começando o insertion sort com: 16 16 16 16 16 16 16
Começando o insertion sort com:
Pivô escolhido: 21
Começando o insertion sort com: 19 20 19 20 20 20 19 19
Começando o insertion sort com:
Pivô escolhido: 26
Pivô escolhido: 24
Começando o insertion sort com: 23 23 23 23 23
Começando o insertion sort com: 25 25 25
Pivô escolhido: 47
Pivô escolhido: 43
Pivô escolhido: 28
Começando o insertion sort com: 27 27 27 27
Pivô escolhido: 34
Pivô escolhido: 32
Pivô escolhido: 31
Começando o insertion sort com: 29 29 30 29 30 30 29 30 30 30
Começando o insertion sort com:
Começando o insertion sort com: 33 33 33
Pivô escolhido: 40
Pivô escolhido: 38
Pivô escolhido: 36
Começando o insertion sort com: 35 35 35
Começando o insertion sort com: 37 37 37 37 37 37
Começando o insertion sort com: 39 39 39
Começando o insertion sort com: 42 42 41 42 42 42 41 41
Pivô escolhido: 46
Começando o insertion sort com: 44 45 45 45 45 44 44 45
Começando o insertion sort com:
Começando o insertion sort com: 48 48 48 48
Pivô escolhido: 127
Pivô escolhido: 120
Pivô escolhido: 93
Pivô escolhido: 89
Pivô escolhido: 61
Pivô escolhido: 58
Pivô escolhido: 54
Pivô escolhido: 53
Pivô escolhido: 52
Pivô escolhido: 50
Começando o insertion sort com:
Começando o insertion sort com: 51 51 51 51 51
Começando o insertion sort com:
Começando o insertion sort com:
Pivô escolhido: 56
Começando o insertion sort com: 55 55 55 55
Começando o insertion sort com: 57
Pivô escolhido: 59
Começando o insertion sort com:
Começando o insertion sort com: 60 60 60 60 60 60 60
Pivô escolhido: 74
Pivô escolhido: 69
Pivô escolhido: 63
Começando o insertion sort com: 62 62 62 62 62 62 62
Pivô escolhido: 66
Pivô escolhido: 64
Começando o insertion sort com:
Começando o insertion sort com: 65 65 65 65 65 65
Começando o insertion sort com: 68 67 68 67 68 67 67 67 67
Pivô escolhido: 72
Pivô escolhido: 71
Começando o insertion sort com: 70 70 70 70
Começando o insertion sort com:
Começando o insertion sort com: 73 73 73 73 73 73 73
Pivô escolhido: 76
Começando o insertion sort com: 75 75 75
Pivô escolhido: 88
Pivô escolhido: 82
Pivô escolhido: 80
Começando o insertion sort com: 79 78 79 78 78 78 79 79 79 78
Começando o insertion sort com: 81
Pivô escolhido: 86
Começando o insertion sort com: 83 85 85 83 83 83 83 83 83 85
Começando o insertion sort com: 87 87
Começando o insertion sort com:
Pivô escolhido: 91
Começando o insertion sort com: 90 90 90 90 90 90 90 90
Começando o insertion sort com: 92 92 92 92 92
Pivô escolhido: 101
Pivô escolhido: 98
Pivô escolhido: 94
Começando o insertion sort com:
Pivô escolhido: 97
Começando o insertion sort com: 95 95 96 96 95 96 95 96 95 95
Começando o insertion sort com:
Começando o insertion sort com: 100 100 100 99 99 100 100 99 100 99
Pivô escolhido: 110
Pivô escolhido: 105
Pivô escolhido: 104
Começando o insertion sort com: 102 102 102 103 102 102 103 103 102
Começando o insertion sort com:
Pivô escolhido: 108
Começando o insertion sort com: 107 106 106 106 107 106 106
Começando o insertion sort com: 109 109 109
Pivô escolhido: 111
Começando o insertion sort com:
Pivô escolhido: 112
Começando o insertion sort com:
Pivô escolhido: 119
Pivô escolhido: 113
Começando o insertion sort com:
Pivô escolhido: 115
Começando o insertion sort com: 114 114
Pivô escolhido: 117
Começando o insertion sort com: 116 116 116 116 116 116 116
Começando o insertion sort com: 118 118 118 118 118
Começando o insertion sort com:
Pivô escolhido: 122
Começando o insertion sort com: 121 121 121 121 121 121 121
Pivô escolhido: 124
Começando o insertion sort com: 123 123 123 123 123
Pivô escolhido: 126
Começando o insertion sort com: 125 125 125 125 125 125 125
Começando o insertion sort com:
Pivô escolhido: 295
Pivô escolhido: 216
Pivô escolhido: 174
Pivô escolhido: 152
Pivô escolhido: 136
Pivô escolhido: 129
Começando o insertion sort com: 128 128 128 128 128 128 128
Pivô escolhido: 134
Pivô escolhido: 131
Começando o insertion sort com: 130 130 130 130 130 130 130 130
Começando o insertion sort com: 132 132 132 132 133 132 133 132
Começando o insertion sort com: 135 135 135 135 135
Pivô escolhido: 141
Pivô escolhido: 139
Pivô escolhido: 137
Começando o insertion sort com:
Começando o insertion sort com: 138 138 138 138 138
Começando o insertion sort com: 140 140
Pivô escolhido: 146
Pivô escolhido: 142
Começando o insertion sort com:
Pivô escolhido: 145
Pivô escolhido: 143
Começando o insertion sort com:
Começando o insertion sort com: 144 144 144 144 144 144 144
Começando o insertion sort com:
Pivô escolhido: 147
Começando o insertion sort com:
Pivô escolhido: 151
Pivô escolhido: 150
Começando o insertion sort com: 148 149 148 148 148 149 148 148 148
Começando o insertion sort com:
Começando o insertion sort com:
Pivô escolhido: 171
Pivô escolhido: 162
Pivô escolhido: 160
Pivô escolhido: 153
Começando o insertion sort com:
Pivô escolhido: 157
Pivô escolhido: 156
Pivô escolhido: 154
Começando o insertion sort com:
Começando o insertion sort com: 155 155 155 155 155
Começando o insertion sort com:
Pivô escolhido: 158
Começando o insertion sort com:
Começando o insertion sort com: 159 159 159 159 159
Começando o insertion sort com: 161 161 161 161 161 161
Pivô escolhido: 165
Pivô escolhido: 164
Começando o insertion sort com: 163 163 163 163 163 163
Começando o insertion sort com:
Pivô escolhido: 168
Começando o insertion sort com: 166 166 167 166 166 167 166
Pivô escolhido: 170
Começando o insertion sort com: 169 169 169 169 169 169
Começando o insertion sort com:
Começando o insertion sort com: 173 173 173 172 173 172 173 172
Pivô escolhido: 186
Pivô escolhido: 180
Pivô escolhido: 179
Pivô escolhido: 175
Começando o insertion sort com:
Começando o insertion sort com: 176 176 177 177 176 177 176 177 178 178
Começando o insertion sort com:
Pivô escolhido: 184
Começando o insertion sort com: 181 182 183 183 183 181 182
Começando o insertion sort com: 185 185 185
Pivô escolhido: 215
Pivô escolhido: 211
Pivô escolhido: 194
Pivô escolhido: 189
Começando o insertion sort com: 188 188 188 188 188 187 188 188
Pivô escolhido: 190
Começando o insertion sort com:
Pivô escolhido: 191
Começando o insertion sort com:
Começando o insertion sort com: 192 192 192 193 192 193 192 192 192 193
Pivô escolhido: 201
Pivô escolhido: 196
Começando o insertion sort com: 195 195 195 195 195
Pivô escolhido: 199
Começando o insertion sort com: 198 198 198 198 198 197 198 198
Começando o insertion sort com: 200 200 200 200
Pivô escolhido: 203
Começando o insertion sort com: 202 202 202 202 202 202 202 202 202
Pivô escolhido: 207
Pivô escolhido: 206
Começando o insertion sort com: 204 205 205 204 204 204 204
Começando o insertion sort com:
Pivô escolhido: 210
Começando o insertion sort com: 208 209 209 209 208 208 209
Começando o insertion sort com:
Pivô escolhido: 213
Começando o insertion sort com: 212 212 212 212 212
Começando o insertion sort com: 214 214 214 214
Começando o insertion sort com:
Pivô escolhido: 284
Pivô escolhido: 217
Começando o insertion sort com:
Pivô escolhido: 260
Pivô escolhido: 221
Pivô escolhido: 220
Pivô escolhido: 218
Começando o insertion sort com:
Começando o insertion sort com: 219 219 219 219 219 219 219 219
Começando o insertion sort com:
Pivô escolhido: 244
Pivô escolhido: 231
Pivô escolhido: 226
Pivô escolhido: 225
Começando o insertion sort com: 224 222 222 224 223 224 224 224
Começando o insertion sort com:
Pivô escolhido: 228
Começando o insertion sort com: 227 227 227 227 227 227
Pivô escolhido: 229
Começando o insertion sort com:
Começando o insertion sort com: 230 230 230 230
Pivô escolhido: 233
Começando o insertion sort com: 232 232 232 232 232
Pivô escolhido: 236
Pivô escolhido: 234
Começando o insertion sort com:
Começando o insertion sort com: 235 235 235 235 235 235
Pivô escolhido: 243
Pivô escolhido: 242
Pivô escolhido: 239
Começando o insertion sort com: 237 237 238 237 237 238
Começando o insertion sort com: 241 241 241 241 240
Começando o insertion sort com:
Começando o insertion sort com:
Pivô escolhido: 258
Pivô escolhido: 250
Pivô escolhido: 247
Começando o insertion sort com: 246 245 245 245 246 245
Começando o insertion sort com: 248 248 249 249 249 249 249 248
Pivô escolhido: 256
Pivô escolhido: 253
Pivô escolhido: 251
Começando o insertion sort com:
Começando o insertion sort com: 252 252 252 252 252
Pivô escolhido: 255
Começando o insertion sort com: 254 254 254 254 254
Começando o insertion sort com:
Começando o insertion sort com: 257
Começando o insertion sort com: 259 259
Pivô escolhido: 280
Pivô escolhido: 265
Pivô escolhido: 264
Pivô escolhido: 261
Começando o insertion sort com:
Começando o insertion sort com: 262 263 262 262 262 263
Começando o insertion sort com:
Pivô escolhido: 267
Começando o insertion sort com: 266 266 266 266 266 266 266 266 266
Pivô escolhido: 276
Pivô escolhido: 275
Pivô escolhido: 271
Pivô escolhido: 268
Começando o insertion sort com:
Começando o insertion sort com: 270 269 270 269 270 269
Pivô escolhido: 274
Começando o insertion sort com: 272 272 273 272 273 273 272
Começando o insertion sort com:
Começando o insertion sort com:
Pivô escolhido: 279
Pivô escolhido: 278
Começando o insertion sort com: 277 277 277 277 277 277
Começando o insertion sort com:
Começando o insertion sort com:
Começando o insertion sort com: 281 283 282 282 282 282 282 281 281 281
Pivô escolhido: 291
Pivô escolhido: 289
Pivô escolhido: 286
Começando o insertion sort com: 285 285 285 285 285 285
Pivô escolhido: 288
Começando o insertion sort com: 287 287 287 287 287 287 287 287
Começando o insertion sort com:
Começando o insertion sort com: 290 290 290
Pivô escolhido: 293
Começando o insertion sort com: 292 292 292
Começando o insertion sort com: 294 294 294 294 294
Pivô escolhido: 313
Pivô escolhido: 299
Pivô escolhido: 296
Começando o insertion sort com:
Começando o insertion sort com: 297 298 297 297 298 297
Pivô escolhido: 303
Pivô escolhido: 300
Começando o insertion sort com:
Começando o insertion sort com: 302 301 302 301 302
Pivô escolhido: 306
Pivô escolhido: 304
Começando o insertion sort com:
Começando o insertion sort com: 305 305 305 305 305 305 305 305 305 305
Pivô escolhido: 311
Pivô escolhido: 308
Começando o insertion sort com: 307 307 307 307
Começando o insertion sort com: 310 310 310 309 309 309 309 309 310 309
Começando o insertion sort com: 312 312 312 312
Começando o insertion sort com: 314 314 314 314
Pivô escolhido: 353
Pivô escolhido: 332
Pivô escolhido: 324
Pivô escolhido: 321
Pivô escolhido: 317
Começando o insertion sort com: 316 316 316
Pivô escolhido: 318
Começando o insertion sort com:
Pivô escolhido: 319
Começando o insertion sort com:
Começando o insertion sort com: 320 320 320 320 320
Começando o insertion sort com: 323 322 323 323 323 323
Pivô escolhido: 329
Pivô escolhido: 327
Começando o insertion sort com: 325 325 325 326 326 326 325
Começando o insertion sort com: 328 328 328 328 328 328
Começando o insertion sort com: 330 331 330
Pivô escolhido: 340
Pivô escolhido: 335
Começando o insertion sort com: 334 333 333 333 333 334 334 333
Pivô escolhido: 337
Começando o insertion sort com: 336 336 336 336 336 336 336 336
Começando o insertion sort com: 339 338 339 338 338
Pivô escolhido: 351
Pivô escolhido: 342
Começando o insertion sort com: 341 341 341 341 341
Pivô escolhido: 345
Começando o insertion sort com: 344 343 343 344 344 344 344
Pivô escolhido: 346
Começando o insertion sort com:
Pivô escolhido: 348
Começando o insertion sort com: 347 347 347 347 347 347
Pivô escolhido: 350
Começando o insertion sort com: 349 349 349
Começando o insertion sort com:
Começando o insertion sort com: 352 352
Pivô escolhido: 360
Pivô escolhido: 357
Pivô escolhido: 354
Começando o insertion sort com:
Pivô escolhido: 356
Começando o insertion sort com: 355 355 355 355 355 355
Começando o insertion sort com:
Começando o insertion sort com: 359 358 358 359
Pivô escolhido: 375
Pivô escolhido: 362
Começando o insertion sort com: 361 361 361 361 361 361
Pivô escolhido: 371
Pivô escolhido: 364
Começando o insertion sort com: 363 363 363 363 363
Pivô escolhido: 365
Começando o insertion sort com:
Pivô escolhido: 370
Pivô escolhido: 366
Começando o insertion sort com:
Pivô escolhido: 367
Começando o insertion sort com:
Começando o insertion sort com: 368 368 368 369 368
Começando o insertion sort com:
Pivô escolhido: 373
Começando o insertion sort com: 372 372 372 372 372
Começando o insertion sort com: 374 374 374 374
Começando o insertion sort com: 376 376 376 376 376
Pivô escolhido: 805
Pivô escolhido: 702
Pivô escolhido: 515
Pivô escolhido: 421
Pivô escolhido: 412
Pivô escolhido: 389
Pivô escolhido: 382
Pivô escolhido: 378
Começando o insertion sort com:
Começando o insertion sort com: 381 381 379 379 379 381 380 381 379 379
Pivô escolhido: 386
Começando o insertion sort com: 384 383 384 385 383 385 383 385 384 383
Começando o insertion sort com: 388 387 387 387 388 387
Pivô escolhido: 393
Pivô escolhido: 392
Começando o insertion sort com: 390 390 390 391 391 390 391 391
Começando o insertion sort com:
Pivô escolhido: 396
Pivô escolhido: 395
Começando o insertion sort com: 394 394 394 394 394 394 394
Começando o insertion sort com:
Pivô escolhido: 402
Pivô escolhido: 400
Pivô escolhido: 398
Começando o insertion sort com: 397 397 397 397 397 397 397 397 397 397
Começando o insertion sort com: 399
Começando o insertion sort com: 401 401 401 401 401 401 401 401
Pivô escolhido: 405
Pivô escolhido: 404
Começando o insertion sort com: 403 403 403
Começando o insertion sort com:
Pivô escolhido: 411
Pivô escolhido: 406
Começando o insertion sort com:
Pivô escolhido: 407
Começando o insertion sort com:
Pivô escolhido: 409
Começando o insertion sort com: 408 408 408 408
Começando o insertion sort com: 410 410 410 410 410
Começando o insertion sort com:
Pivô escolhido: 416
Pivô escolhido: 413
Começando o insertion sort com:
Começando o insertion sort com: 415 414 414 415 414 415 415 415 414 415
Pivô escolhido: 418
Começando o insertion sort com: 417 417 417
Começando o insertion sort com: 420 420 420 420 419 420 420
Pivô escolhido: 512
Pivô escolhido: 462
Pivô escolhido: 424
Começando o insertion sort com: 422 422 422 423 423
Pivô escolhido: 438
Pivô escolhido: 436
Pivô escolhido: 426
Começando o insertion sort com: 425 425
Pivô escolhido: 429
Pivô escolhido: 428
Começando o insertion sort com: 427 427 427 427 427
Começando o insertion sort com:
Pivô escolhido: 430
Começando o insertion sort com:
Pivô escolhido: 433
Começando o insertion sort com: 431 431 432 431 432
Começando o insertion sort com: 434 434 434 435 435 434 434 434
Começando o insertion sort com: 437 437 437 437 437 437
Pivô escolhido: 457
Pivô escolhido: 443
Pivô escolhido: 442
Pivô escolhido: 439
Começando o insertion sort com:
Pivô escolhido: 441
Começando o insertion sort com: 440 440 440 440 440 440
Começando o insertion sort com:
Começando o insertion sort com:
Pivô escolhido: 455
Pivô escolhido: 451
Pivô escolhido: 447
Começando o insertion sort com: 445 444 444 444 446 446 445 445 444 444
Pivô escolhido: 449
Começando o insertion sort com: 448
Começando o insertion sort com: 450 450 450 450 450 450 450 450
Pivô escolhido: 453
Começando o insertion sort com: 452 452 452 452 452
Começando o insertion sort com: 454 454 454
Começando o insertion sort com: 456 456 456 456 456 456
Pivô escolhido: 458
Começando o insertion sort com:
Pivô escolhido: 461
Começando o insertion sort com: 459 460 460 460 460 460 459
Começando o insertion sort com:
Pivô escolhido: 504
Pivô escolhido: 469
Pivô escolhido: 464
Começando o insertion sort com: 463 463 463 463
Pivô escolhido: 467
Começando o insertion sort com: 465 465 465 466 466 466 466 465 465
Começando o insertion sort com: 468 468 468 468 468 468 468 468 468
Pivô escolhido: 493
Pivô escolhido: 471
Pivô escolhido: 470
Começando o insertion sort com:
Começando o insertion sort com:
Pivô escolhido: 489
Pivô escolhido: 482
Pivô escolhido: 478
Pivô escolhido: 474
Pivô escolhido: 472
Começando o insertion sort com:
Começando o insertion sort com: 473 473 473 473 473 473 473 473
Começando o insertion sort com: 476 477 477 476 477 476 477 475 475 476
Pivô escolhido: 480
Começando o insertion sort com: 479
Começando o insertion sort com: 481 481
Pivô escolhido: 487
Pivô escolhido: 486
Pivô escolhido: 483
Começando o insertion sort com:
Começando o insertion sort com: 484 484 484 484 485 484 484
Começando o insertion sort com:
Começando o insertion sort com: 488 488 488 488 488 488
Pivô escolhido: 490
Começando o insertion sort com:
Pivô escolhido: 491
Começando o insertion sort com:
Começando o insertion sort com: 492 492 492 492
Pivô escolhido: 501
Pivô escolhido: 500
Pivô escolhido: 494
Começando o insertion sort com:
Pivô escolhido: 496
Começando o insertion sort com: 495 495
Começando o insertion sort com: 497 499 498 498 498 499 498 497 498 499
Começando o insertion sort com:
Começando o insertion sort com: 503 503 502 502 502 502 503
Pivô escolhido: 510
Pivô escolhido: 505
Começando o insertion sort com:
Pivô escolhido: 508
Começando o insertion sort com: 506 507 506
Começando o insertion sort com: 509 509 509 509 509
Começando o insertion sort com: 511 511
Pivô escolhido: 513
Começando o insertion sort com:
Começando o insertion sort com: 514 514 514 514 514 514 514
Pivô escolhido: 682
Pivô escolhido: 619
Pivô escolhido: 573
Pivô escolhido: 557
Pivô escolhido: 542
Pivô escolhido: 524
Pivô escolhido: 522
Pivô escolhido: 517
Começando o insertion sort com: 516 516 516 516
Pivô escolhido: 521
Começando o insertion sort com: 519 519 520 518 520 520 519 519 518
Começando o insertion sort com:
Começando o insertion sort com: 523 523 523
Pivô escolhido: 528
Pivô escolhido: 527
Começando o insertion sort com: 525 526 526 525 525 525 525 525 526
Começando o insertion sort com:
Pivô escolhido: 530
Começando o insertion sort com:
Pivô escolhido: 533
Começando o insertion sort com: 532 531 531 532 532 531 532 531 532
Pivô escolhido: 541
Pivô escolhido: 538
Pivô escolhido: 534
Começando o insertion sort com:
Pivô escolhido: 536
Começando o insertion sort com: 535 535 535
Começando o insertion sort com: 537 537 537 537 537 537
Começando o insertion sort com: 540 539 540 540 540 539 540 539 540
Começando o insertion sort com:
Pivô escolhido: 552
Pivô escolhido: 548
Pivô escolhido: 545
Começando o insertion sort com: 544 543 543 544 543
Começando o insertion sort com: 546 547 546 547 547 547 547 546
Pivô escolhido: 551
Começando o insertion sort com: 550 549 550 550 550 550 550
Começando o insertion sort com:
Pivô escolhido: 556
Começando o insertion sort com: 553 554 553 555 555 555 553 555 555
Começando o insertion sort com:
Pivô escolhido: 571
Pivô escolhido: 562
Pivô escolhido: 559
Começando o insertion sort com: 558 558 558 558 558 558
Começando o insertion sort com: 561 561 560 561 561 561
Pivô escolhido: 567
Pivô escolhido: 564
Começando o insertion sort com: 563 563 563 563
Começando o insertion sort com: 565 566 566 566 566 565 566 566
Começando o insertion sort com: 570 568 570 569 568 569 568 570
Começando o insertion sort com: 572 572 572 572
Pivô escolhido: 580
Pivô escolhido: 575
Começando o insertion sort com: 574 574
Pivô escolhido: 576
Começando o insertion sort com:
Começando o insertion sort com: 577 577 579 577 578 579 579 578 577 579
Pivô escolhido: 604
Pivô escolhido: 599
Pivô escolhido: 587
Pivô escolhido: 582
Começando o insertion sort com: 581 581 581 581
Pivô escolhido: 585
Começando o insertion sort com: 584 584 583 584 583 583 584 583
Começando o insertion sort com: 586 586 586 586
Pivô escolhido: 598
Pivô escolhido: 592
Pivô escolhido: 590
Pivô escolhido: 588
Começando o insertion sort com:
Começando o insertion sort com: 589 589 589 589 589
Começando o insertion sort com: 591 591 591 591 591 591
Pivô escolhido: 596
Pivô escolhido: 594
Começando o insertion sort com: 593 593 593 593
Começando o insertion sort com: 595 595 595 595
Começando o insertion sort com: 597 597 597 597 597 597
Começando o insertion sort com:
Pivô escolhido: 601
Começando o insertion sort com: 600 600
Começando o insertion sort com: 602 602 602 602 602
Pivô escolhido: 607
Começando o insertion sort com: 606 606 605 605 605 605 606 606
Pivô escolhido: 616
Pivô escolhido: 613
Pivô escolhido: 611
Pivô escolhido: 609
Começando o insertion sort com: 608 608 608 608
Começando o insertion sort com: 610 610 610 610
Começando o insertion sort com: 612 612 612
Começando o insertion sort com: 614 615 615 615 614 615 615 615 615
Pivô escolhido: 617
Começando o insertion sort com:
Começando o insertion sort com: 618 618 618 618 618 618 618
Pivô escolhido: 666
Pivô escolhido: 656
Pivô escolhido: 636
Pivô escolhido: 628
Pivô escolhido: 624
Pivô escolhido: 623
Pivô escolhido: 622
Começando o insertion sort com: 620 620 620 620 620 620 621 620
Começando o insertion sort com:
Começando o insertion sort com:
Pivô escolhido: 627
Começando o insertion sort com: 626 626 625 626 625
Começando o insertion sort com:
Pivô escolhido: 635
Pivô escolhido: 631
Começando o insertion sort com: 630 630 629 630 630 630
Pivô escolhido: 633
Começando o insertion sort com: 632 632 632 632 632
Começando o insertion sort com: 634 634 634
Começando o insertion sort com:
Pivô escolhido: 646
Pivô escolhido: 642
Pivô escolhido: 639
Pivô escolhido: 638
Começando o insertion sort com: 637 637 637 637 637
Começando o insertion sort com:
Começando o insertion sort com: 641 640 641 641
Pivô escolhido: 643
Começando o insertion sort com:
Começando o insertion sort com: 644 645 644 644 644 644 645 644 644 644
Pivô escolhido: 649
Começando o insertion sort com: 648 647 648 647 648
Pivô escolhido: 650
Começando o insertion sort com:
Pivô escolhido: 652
Começando o insertion sort com: 651 651 651 651 651 651
Pivô escolhido: 653
Começando o insertion sort com:
Pivô escolhido: 654
Começando o insertion sort com:
Começando o insertion sort com: 655 655 655 655 655 655
Pivô escolhido: 661
Pivô escolhido: 659
Pivô escolhido: 657
Começando o insertion sort com:
Pivô escolhido: 658
Começando o insertion sort com:
Começando o insertion sort com:
Começando o insertion sort com: 660 660 660 660 660 660
Pivô escolhido: 665
Pivô escolhido: 662
Começando o insertion sort com:
Começando o insertion sort com: 664 663 663 664 663 664 664
Começando o insertion sort com:
Pivô escolhido: 667
Começando o insertion sort com:
Pivô escolhido: 676
Pivô escolhido: 672
Pivô escolhido: 668
Começando o insertion sort com:
Pivô escolhido: 671
Começando o insertion sort com: 669 670 670 669 669 670 670 669
Começando o insertion sort com:
Pivô escolhido: 675
Começando o insertion sort com: 674 674 674 673 673 673 673 674
Começando o insertion sort com:
Pivô escolhido: 680
Começando o insertion sort com: 677 678 677 677 679 677 677 677
Começando o insertion sort com: 681 681 681 681 681
Pivô escolhido: 694
Pivô escolhido: 686
Pivô escolhido: 684
Começando o insertion sort com: 683 683 683 683 683 683
Começando o insertion sort com: 685 685 685 685
Pivô escolhido: 689
Começando o insertion sort com: 688 687 688 687 687 688 688 687 687
Pivô escolhido: 692
Pivô escolhido: 691
Começando o insertion sort com: 690 690 690 690 690 690
Começando o insertion sort com:
Começando o insertion sort com: 693
Pivô escolhido: 698
Começando o insertion sort com: 695 697 696 696 697 696 695 696 695
Pivô escolhido: 701
Começando o insertion sort com: 699 700 699 700 700 700
Começando o insertion sort com:
Pivô escolhido: 715
Pivô escolhido: 708
Pivô escolhido: 706
Pivô escolhido: 705
Começando o insertion sort com: 704 703 704 704 704 704 703 703 704 704
Começando o insertion sort com:
Começando o insertion sort com: 707 707 707 707 707 707
Pivô escolhido: 709
Começando o insertion sort com:
Pivô escolhido: 714
Pivô escolhido: 710
Começando o insertion sort com:
Pivô escolhido: 711
Começando o insertion sort com:
Pivô escolhido: 713
Começando o insertion sort com: 712 712 712 712 712 712 712 712
Começando o insertion sort com:
Começando o insertion sort com:
Pivô escolhido: 762
Pivô escolhido: 738
Pivô escolhido: 717
Começando o insertion sort com: 716 716 716 716
Pivô escolhido: 736
Pivô escolhido: 719
Começando o insertion sort com: 718 718 718 718
Pivô escolhido: 727
Pivô escolhido: 721
Começando o insertion sort com: 720 720 720 720 720 720 720 720 720
Pivô escolhido: 726
Pivô escolhido: 722
Começando o insertion sort com:
Pivô escolhido: 723
Começando o insertion sort com:
Começando o insertion sort com: 724 725 724 725 725
Começando o insertion sort com:
Pivô escolhido: 735
Pivô escolhido: 729
Começando o insertion sort com: 728 728 728 728
Pivô escolhido: 731
Começando o insertion sort com: 730 730 730 730 730
Pivô escolhido: 732
Começando o insertion sort com:
Começando o insertion sort com: 733 733 734 734 734 734 733 733
Começando o insertion sort com:
Começando o insertion sort com: 737 737 737 737 737 737 737 737 737 737
Pivô escolhido: 753
Pivô escolhido: 746
Pivô escolhido: 742
Pivô escolhido: 741
Começando o insertion sort com: 739 739 740 739 740 739 740 740
Começando o insertion sort com:
Pivô escolhido: 745
Pivô escolhido: 744
Começando o insertion sort com: 743 743 743 743 743
Começando o insertion sort com:
Começando o insertion sort com:
Pivô escolhido: 751
Pivô escolhido: 749
Começando o insertion sort com: 747 748 747 747 747 748
Começando o insertion sort com: 750 750 750 750
Começando o insertion sort com: 752 752 752 752 752
Pivô escolhido: 756
Começando o insertion sort com: 754 755 754 755 754 754 755 755 755
Pivô escolhido: 761
Pivô escolhido: 759
Começando o insertion sort com: 757 758 757 757 757 757 758
Começando o insertion sort com: 760 760
Começando o insertion sort com:
Pivô escolhido: 795
Pivô escolhido: 773
Pivô escolhido: 766
Pivô escolhido: 765
Pivô escolhido: 763
Começando o insertion sort com:
Começando o insertion sort com: 764 764 764 764 764 764 764 764
Começando o insertion sort com:
Pivô escolhido: 772
Pivô escolhido: 770
Pivô escolhido: 769
Começando o insertion sort com: 767 768 768 767 767 767 768 767 768
Começando o insertion sort com:
Começando o insertion sort com: 771 771 771 771 771
Começando o insertion sort com:
Pivô escolhido: 792
Pivô escolhido: 782
Pivô escolhido: 779
Pivô escolhido: 775
Começando o insertion sort com: 774 774 774 774 774 774
Pivô escolhido: 777
Começando o insertion sort com: 776 776 776 776 776 776 776
Começando o insertion sort com: 778 778 778
Começando o insertion sort com: 780 781 781 781 781 781 780 781 780
Pivô escolhido: 783
Começando o insertion sort com:
Pivô escolhido: 790
Pivô escolhido: 786
Começando o insertion sort com: 785 784 785 785
Pivô escolhido: 789
Pivô escolhido: 787
Começando o insertion sort com:
Começando o insertion sort com: 788 788 788 788 788 788
Começando o insertion sort com:
Começando o insertion sort com: 791 791 791 791 791 791
Pivô escolhido: 794
Começando o insertion sort com: 793 793 793 793 793 793
Começando o insertion sort com:
Pivô escolhido: 798
Pivô escolhido: 796
Começando o insertion sort com:
Começando o insertion sort com: 797 797 797 797 797 797 797
Pivô escolhido: 799
Começando o insertion sort com:
Pivô escolhido: 802
Começando o insertion sort com: 800 800 801 801 801 800 800 800 800 801
Pivô escolhido: 804
Começando o insertion sort com: 803 803 803 803 803 803
Começando o insertion sort com:
Pivô escolhido: 903
Pivô escolhido: 886
Pivô escolhido: 860
Pivô escolhido: 825
Pivô escolhido: 822
Pivô escolhido: 811
Pivô escolhido: 810
Pivô escolhido: 809
Pivô escolhido: 806
Começando o insertion sort com:
Começando o insertion sort com: 808 807 807 807 808 808 807 807 807 807
Começando o insertion sort com:
Começando o insertion sort com:
Pivô escolhido: 816
Pivô escolhido: 814
Pivô escolhido: 813
Começando o insertion sort com: 812 812 812 812 812 812 812 812
Começando o insertion sort com:
Começando o insertion sort com: 815 815 815
Pivô escolhido: 819
Pivô escolhido: 818
Começando o insertion sort com: 817 817 817 817
Começando o insertion sort com:
Começando o insertion sort com: 820 820 820 821 821
Pivô escolhido: 823
Começando o insertion sort com:
Começando o insertion sort com: 824 824 824 824 824 824 824
Pivô escolhido: 854
Pivô escolhido: 835
Pivô escolhido: 830
Pivô escolhido: 826
Começando o insertion sort com:
Pivô escolhido: 828
Começando o insertion sort com: 827 827 827 827 827 827 827
Começando o insertion sort com: 829
Pivô escolhido: 832
Começando o insertion sort com: 831 831 831 831 831 831
Começando o insertion sort com: 834 833 834 833 834 833 833 834 834 834
Pivô escolhido: 837
Começando o insertion sort com: 836 836 836 836 836 836 836 836
Pivô escolhido: 839
Começando o insertion sort com: 838 838
Pivô escolhido: 849
Pivô escolhido: 844
Pivô escolhido: 843
Pivô escolhido: 842
Começando o insertion sort com: 840 841 840 841 840 841 840
Começando o insertion sort com:
Começando o insertion sort com:
Pivô escolhido: 846
Começando o insertion sort com: 845 845
Começando o insertion sort com: 848 848 848 848 848 847 848 847
Pivô escolhido: 850
Começando o insertion sort com:
Pivô escolhido: 851
Começando o insertion sort com:
Pivô escolhido: 853
Começando o insertion sort com: 852 852 852 852
Começando o insertion sort com:
Pivô escolhido: 855
Começando o insertion sort com:
Pivô escolhido: 857
Começando o insertion sort com: 856 856
Começando o insertion sort com: 858 858 859 859 859 859 858 858
Pivô escolhido: 868
Pivô escolhido: 864
Começando o insertion sort com: 862 862 862 862 863 862 861 861
Pivô escolhido: 865
Começando o insertion sort com:
Começando o insertion sort com: 867 867 866 866 866 867 866 867 866 866
Pivô escolhido: 880
Pivô escolhido: 876
Pivô escolhido: 870
Começando o insertion sort com: 869 869 869 869
Pivô escolhido: 875
Pivô escolhido: 873
Começando o insertion sort com: 871 872 871 871 871 872 872
Começando o insertion sort com: 874 874
Começando o insertion sort com:
Pivô escolhido: 878
Começando o insertion sort com: 877 877 877 877 877
Começando o insertion sort com: 879 879 879 879 879 879 879 879 879
Pivô escolhido: 885
Pivô escolhido: 884
Começando o insertion sort com: 881 882 882 881 883 882 883
Começando o insertion sort com:
Começando o insertion sort com:
Pivô escolhido: 899
Pivô escolhido: 894
Pivô escolhido: 888
Começando o insertion sort com: 887 887
Pivô escolhido: 891
Pivô escolhido: 890
Começando o insertion sort com: 889 889 889 889 889 889 889
Começando o insertion sort com:
Pivô escolhido: 893
Começando o insertion sort com: 892 892 892 892 892 892
Começando o insertion sort com:
Pivô escolhido: 896
Começando o insertion sort com: 895 895
Pivô escolhido: 897
Começando o insertion sort com:
Começando o insertion sort com: 898 898 898 898 898 898 898 898
Começando o insertion sort com: 901 902 901 900 902 900 902
Pivô escolhido: 941
Pivô escolhido: 940
Pivô escolhido: 916
Pivô escolhido: 904
Começando o insertion sort com:
Pivô escolhido: 907
Começando o insertion sort com: 906 905 905 905 905
Pivô escolhido: 910
Começando o insertion sort com: 908 908 909 909
Pivô escolhido: 911
Começando o insertion sort com:
Pivô escolhido: 914
Começando o insertion sort com: 912 913 913 912 913 912 913
Começando o insertion sort com: 915 915 915 915
Pivô escolhido: 929
Pivô escolhido: 920
Pivô escolhido: 917
Começando o insertion sort com:
Começando o insertion sort com: 919 919 919 918 919 918 918 918
Pivô escolhido: 924
Pivô escolhido: 923
Começando o insertion sort com: 921 922 922 922 922 921 922 922 922
Começando o insertion sort com:
Pivô escolhido: 927
Começando o insertion sort com: 925 925 925 925 925 926 926
Começando o insertion sort com: 928 928 928 928 928
Pivô escolhido: 932
Começando o insertion sort com: 930 930 930 930 931 931 930 930
Pivô escolhido: 938
Pivô escolhido: 937
Pivô escolhido: 933
Começando o insertion sort com:
Pivô escolhido: 936
Pivô escolhido: 935
Começando o insertion sort com: 934 934 934 934
Começando o insertion sort com:
Começando o insertion sort com:
Começando o insertion sort com:
Começando o insertion sort com: 939 939 939 939 939 939 939 939 939
Começando o insertion sort com:
Pivô escolhido: 981
Pivô escolhido: 976
Pivô escolhido: 958
Pivô escolhido: 945
Pivô escolhido: 942
Começando o insertion sort com:
Começando o insertion sort com: 943 943 943 943 943 944 944
Pivô escolhido: 956
Pivô escolhido: 952
Pivô escolhido: 951
Pivô escolhido: 947
Começando o insertion sort com: 946 946 946 946 946 946
Pivô escolhido: 950
Pivô escolhido: 949
Começando o insertion sort com: 948 948 948 948 948
Começando o insertion sort com:
Começando o insertion sort com:
Começando o insertion sort com:
Pivô escolhido: 954
Começando o insertion sort com: 953 953 953 953 953 953 953 953 953
Começando o insertion sort com: 955 955 955 955 955 955 955
Começando o insertion sort com: 957 957 957 957 957 957 957
Pivô escolhido: 962
Pivô escolhido: 961
Pivô escolhido: 959
Começando o insertion sort com:
Começando o insertion sort com: 960 960 960 960
Começando o insertion sort com:
Pivô escolhido: 971
Pivô escolhido: 965
Começando o insertion sort com: 964 964 963 963 964 963 963
Pivô escolhido: 969
Começando o insertion sort com: 968 967 966 968 968 968 966 968 968 966
Começando o insertion sort com: 970 970 970 970 970
Pivô escolhido: 975
Pivô escolhido: 974
Pivô escolhido: 973
Começando o insertion sort com: 972 972 972 972
Começando o insertion sort com:
Começando o insertion sort com:
Começando o insertion sort com:
Pivô escolhido: 979
Pivô escolhido: 978
Começando o insertion sort com: 977 977 977 977 977 977
Começando o insertion sort com:
Começando o insertion sort com: 980 980 980
Pivô escolhido: 994
Pivô escolhido: 984
Pivô escolhido: 983
Começando o insertion sort com: 982 982 982 982 982 982 982
Começando o insertion sort com:
Pivô escolhido: 990
Pivô escolhido: 988
Pivô escolhido: 985
Começando o insertion sort com:
Começando o insertion sort com: 986 987 986 986 986 986 987
Começando o insertion sort com: 989 989 989 989 989 989 989
Pivô escolhido: 991
Começando o insertion sort com:
Começando o insertion sort com: 993 992 992 993 993 992 992 993 992
Pivô escolhido: 995
Começando o insertion sort com:
Pivô escolhido: 999
Pivô escolhido: 996
Começando o insertion sort com:
Pivô escolhido: 997
Começando o insertion sort com:
Começando o insertion sort com: 998 998 998 998 998
Começando o insertion sort com: 1000 1000 1000 1000 1000 1000 1000 1000 1000 1000
0
0
0
0
0
1
1
1
1
1
1
1
2
2
2
2
3
3
3
3
3
3
4
4
4
4
4
5
5
5
5
5
5
5
5
6
6
6
6
7
7
7
8
8
8
8
8
9
9
9
9
9
9
9
10
10
10
11
11
11
12
12
12
12
13
13
14
14
14
14
14
15
15
15
15
15
16
16
16
16
16
16
16
17
17
17
17
17
17
17
17
18
18
18
18
19
19
19
19
20
20
20
20
21
21
21
21
21
21
21
21
22
22
22
22
23
23
23
23
23
24
24
24
24
25
25
25
26
26
26
26
26
26
26
26
26
26
26
26
26
27
27
27
27
28
28
28
29
29
29
29
30
30
30
30
30
30
31
31
31
31
31
32
32
32
32
33
33
33
34
34
34
34
34
34
34
34
34
34
35
35
35
36
36
37
37
37
37
37
37
38
38
38
39
39
39
40
40
40
41
41
41
42
42
42
42
42
43
43
43
43
43
43
44
44
44
45
45
45
45
45
46
46
46
46
46
46
46
47
47
47
47
47
48
48
48
48
49
49
49
49
49
49
49
49
49
50
50
50
50
50
50
51
51
51
51
51
52
52
52
52
53
53
53
53
54
54
54
54
54
54
54
55
55
55
55
56
56
56
56
56
56
57
58
58
58
59
59
59
59
59
60
60
60
60
60
60
60
61
61
61
61
61
61
61
61
61
61
61
61
62
62
62
62
62
62
62
63
63
63
63
63
63
63
63
64
64
64
64
64
64
64
64
65
65
65
65
65
65
66
66
66
66
66
66
66
66
66
67
67
67
67
67
67
68
68
68
69
69
69
69
69
69
69
70
70
70
70
71
71
71
71
71
71
71
72
72
72
72
72
72
72
72
72
72
73
73
73
73
73
73
73
74
74
74
74
74
74
75
75
75
76
76
76
76
78
78
78
78
78
79
79
79
79
79
80
80
80
80
81
82
82
82
82
82
82
82
82
82
83
83
83
83
83
83
83
85
85
85
86
86
86
87
87
88
88
88
88
89
89
89
89
89
89
89
89
90
90
90
90
90
90
90
90
91
91
91
91
92
92
92
92
92
93
93
93
93
93
93
94
94
95
95
95
95
95
95
96
96
96
96
97
97
97
97
97
97
98
98
98
98
98
98
99
99
99
99
100
100
100
100
100
100
101
101
101
101
102
102
102
102
102
102
103
103
103
104
104
104
104
105
105
105
106
106
106
106
106
107
107
108
108
108
108
108
108
109
109
109
110
110
110
110
110
110
110
110
110
111
111
111
111
111
112
112
112
112
112
112
113
113
113
113
113
113
114
114
115
115
116
116
116
116
116
116
116
117
117
117
117
117
117
117
118
118
118
118
118
119
119
120
120
120
120
120
120
120
120
120
121
121
121
121
121
121
121
122
122
122
122
122
122
122
122
123
123
123
123
123
124
124
124
125
125
125
125
125
125
125
126
126
126
126
126
126
127
127
127
127
127
127
128
128
128
128
128
128
128
129
129
129
130
130
130
130
130
130
130
130
131
131
131
131
131
131
132
132
132
132
132
132
133
133
134
134
134
135
135
135
135
135
136
136
136
136
137
137
137
137
137
137
137
137
138
138
138
138
138
139
139
139
139
139
140
140
141
141
142
142
142
142
142
142
142
143
143
143
143
143
143
144
144
144
144
144
144
144
145
145
145
145
145
146
146
146
146
147
147
147
147
148
148
148
148
148
148
148
149
149
150
150
150
150
150
150
150
151
151
151
151
152
152
152
152
152
152
152
152
152
153
153
153
153
153
153
153
153
154
154
154
154
154
154
155
155
155
155
155
156
156
156
156
156
156
157
157
157
157
157
157
157
158
158
158
158
158
158
159
159
159
159
159
160
160
161
161
161
161
161
161
162
162
162
162
162
163
163
163
163
163
163
164
164
164
164
164
164
164
164
165
165
165
165
165
165
165
165
166
166
166
166
166
167
167
168
168
168
168
168
168
169
169
169
169
169
169
170
170
170
170
170
171
171
171
171
171
172
172
172
173
173
173
173
173
174
174
174
174
174
174
174
174
174
174
175
175
175
175
175
175
176
176
176
176
177
177
177
177
178
178
179
179
179
179
179
179
179
179
180
180
180
180
181
181
182
182
183
183
183
184
184
184
184
184
184
185
185
185
186
186
186
186
187
188
188
188
188
188
188
188
189
189
189
189
189
189
189
190
190
190
191
191
191
191
191
191
192
192
192
192
192
192
192
193
193
193
194
194
194
194
194
195
195
195
195
195
196
196
196
196
197
198
198
198
198
198
198
198
199
199
199
199
199
199
200
200
200
200
201
201
201
201
201
201
202
202
202
202
202
202
202
202
202
203
203
203
203
203
204
204
204
204
204
205
205
206
206
206
206
207
207
207
207
207
207
207
207
208
208
208
209
209
209
209
210
210
210
210
210
210
210
210
211
211
211
211
212
212
212
212
212
213
213
213
214
214
214
214
215
215
215
215
215
215
215
215
216
216
216
216
216
217
217
217
217
217
217
218
218
218
218
218
218
218
219
219
219
219
219
219
219
219
220
220
220
220
220
220
221
221
221
221
221
222
222
223
224
224
224
224
224
225
225
225
225
225
225
225
225
226
226
226
226
226
227
227
227
227
227
227
228
228
228
228
228
228
228
228
229
229
229
229
229
229
229
229
229
230
230
230
230
231
231
231
231
231
232
232
232
232
232
233
233
233
233
234
234
234
234
234
235
235
235
235
235
235
236
236
236
236
236
237
237
237
237
238
238
239
239
239
239
239
239
240
241
241
241
241
242
242
242
242
242
243
243
244
244
244
245
245
245
245
246
246
247
247
247
247
247
247
247
248
248
248
249
249
249
249
249
250
250
250
250
250
250
251
251
251
251
251
251
251
251
252
252
252
252
252
253
253
254
254
254
254
254
255
255
255
255
255
255
255
256
256
256
256
256
256
256
256
256
256
257
258
258
258
258
259
259
260
260
260
260
260
260
261
261
261
261
261
261
262
262
262
262
263
263
264
264
264
264
264
264
265
265
265
266
266
266
266
266
266
266
266
266
267
267
267
268
268
268
268
268
268
268
268
268
268
268
269
269
269
270
270
270
271
271
271
271
271
272
272
272
272
273
273
273
274
274
274
274
275
275
275
275
275
275
276
276
276
276
276
276
276
277
277
277
277
277
277
278
278
278
278
278
278
279
279
279
279
279
279
279
279
280
280
280
280
281
281
281
281
282
282
282
282
282
283
284
284
284
284
284
284
284
284
285
285
285
285
285
285
286
286
286
286
286
286
287
287
287
287
287
287
287
287
288
288
288
288
289
289
289
289
289
289
289
290
290
290
291
291
292
292
292
293
293
293
293
293
294
294
294
294
294
295
295
295
295
295
295
295
295
295
296
296
296
296
296
296
297
297
297
297
298
298
299
299
299
299
300
300
300
300
300
300
301
301
302
302
302
303
303
303
303
303
303
303
303
303
303
304
304
304
304
304
304
304
305
305
305
305
305
305
305
305
305
305
306
306
306
306
306
306
306
306
307
307
307
307
308
308
308
308
308
308
308
309
309
309
309
309
309
310
310
310
310
311
311
311
311
311
311
311
311
311
312
312
312
312
313
313
313
313
314
314
314
314
315
315
315
315
315
315
316
316
316
317
317
317
317
317
318
318
318
318
319
319
319
319
319
319
320
320
320
320
320
321
321
321
321
321
321
322
323
323
323
323
323
324
324
324
324
324
324
324
324
325
325
325
325
326
326
326
327
327
327
327
327
328
328
328
328
328
328
329
330
330
331
332
332
332
332
332
332
332
333
333
333
333
333
334
334
334
335
335
335
335
336
336
336
336
336
336
336
336
337
337
337
337
337
337
338
338
338
339
339
340
340
340
340
340
341
341
341
341
341
342
342
342
342
343
343
344
344
344
344
344
345
345
345
345
345
345
346
346
346
346
347
347
347
347
347
347
348
348
348
348
348
349
349
349
350
350
350
350
350
350
350
350
350
351
351
351
352
352
353
353
353
353
353
354
354
354
355
355
355
355
355
355
356
356
356
356
356
356
356
356
356
357
357
357
357
358
358
359
359
360
360
360
361
361
361
361
361
361
362
362
362
362
362
362
362
363
363
363
363
363
364
364
365
365
365
365
366
366
366
366
367
367
367
367
367
367
368
368
368
368
369
370
370
370
370
370
370
370
370
371
371
371
371
371
371
371
372
372
372
372
372
373
373
373
373
373
373
373
374
374
374
374
375
375
375
375
375
375
375
375
375
376
376
376
376
376
377
377
377
377
377
377
378
378
378
378
379
379
379
379
379
380
381
381
381
381
382
382
382
382
382
382
383
383
383
383
384
384
384
385
385
385
386
386
386
386
386
386
387
387
387
387
388
388
389
389
389
389
389
389
389
389
390
390
390
390
391
391
391
391
392
392
392
392
392
392
392
393
393
393
393
393
393
393
393
394
394
394
394
394
394
394
395
395
395
395
395
395
395
395
396
396
396
396
396
396
397
397
397
397
397
397
397
397
397
397
398
398
398
398
399
400
400
400
400
400
400
401
401
401
401
401
401
401
401
402
402
402
403
403
403
404
404
404
404
404
404
404
404
405
405
405
405
405
406
406
406
406
406
406
406
406
406
407
407
407
407
407
407
407
407
407
408
408
408
408
409
409
409
410
410
410
410
410
411
411
411
411
411
411
411
411
412
412
412
413
413
413
413
413
413
414
414
414
414
415
415
415
415
415
415
416
416
416
417
417
417
418
418
418
418
418
418
419
420
420
420
420
420
420
421
421
421
421
421
421
421
421
421
421
421
421
422
422
422
423
423
424
424
424
424
424
424
424
424
424
424
424
425
425
426
426
426
426
426
427
427
427
427
427
428
428
428
428
428
428
429
429
429
429
429
429
429
430
430
430
430
431
431
431
432
432
433
433
433
433
433
434
434
434
434
434
434
435
435
436
436
436
436
436
436
436
436
437
437
437
437
437
437
438
438
438
438
438
438
438
439
439
439
439
439
439
440
440
440
440
440
440
441
441
441
441
441
441
441
442
442
442
442
442
442
443
443
443
443
443
443
444
444
444
444
444
445
445
445
446
446
447
447
447
447
447
448
449
449
449
449
449
450
450
450
450
450
450
450
450
451
451
451
451
451
452
452
452
452
452
453
453
453
454
454
454
455
455
455
455
455
455
455
456
456
456
456
456
456
457
457
457
457
457
457
457
457
458
458
458
459
459
460
460
460
460
460
461
461
461
461
461
461
461
462
462
462
462
462
462
462
462
462
462
462
462
462
462
463
463
463
463
464
464
464
465
465
465
465
465
466
466
466
466
467
467
467
468
468
468
468
468
468
468
468
468
469
469
469
469
469
469
470
470
470
470
470
470
470
470
470
470
470
470
471
471
471
472
472
472
473
473
473
473
473
473
473
473
474
474
474
474
474
474
474
475
475
476
476
476
476
477
477
477
477
478
478
478
478
479
480
480
480
480
480
480
480
480
480
481
481
482
482
482
482
482
483
483
483
483
484
484
484
484
484
484
485
486
486
487
487
487
487
488
488
488
488
488
488
489
489
489
489
489
489
489
489
489
489
490
490
490
490
490
491
491
491
491
491
491
491
492
492
492
492
493
493
493
493
493
493
493
493
494
494
494
494
494
495
495
496
496
496
496
497
497
498
498
498
498
498
499
499
499
500
500
500
500
500
500
500
500
500
501
501
501
502
502
502
502
503
503
503
504
504
504
504
504
504
505
505
505
505
505
506
506
507
508
508
508
509
509
509
509
509
510
510
510
510
510
511
511
512
512
512
513
513
513
513
513
513
514
514
514
514
514
514
514
515
515
515
515
515
515
515
515
516
516
516
516
517
517
517
518
518
519
519
519
519
520
520
520
521
521
521
521
521
521
521
521
521
521
522
522
522
522
522
523
523
523
524
524
524
524
524
525
525
525
525
525
525
526
526
526
527
527
527
527
527
527
527
528
528
528
528
528
528
528
530
530
530
530
530
530
531
531
531
531
532
532
532
532
532
533
533
533
533
533
533
533
533
534
534
534
534
534
535
535
535
536
536
536
536
536
537
537
537
537
537
537
538
538
538
539
539
539
540
540
540
540
540
540
541
541
541
541
542
542
542
542
542
543
543
543
544
544
545
545
545
545
545
545
545
546
546
546
547
547
547
547
547
548
548
548
548
548
548
549
550
550
550
550
550
550
551
551
551
551
551
551
551
551
552
552
552
552
552
553
553
553
554
555
555
555
555
555
556
556
556
556
556
556
557
557
557
557
557
558
558
558
558
558
558
559
559
559
559
560
561
561
561
561
561
562
562
562
562
562
562
562
563
563
563
563
564
564
564
565
565
566
566
566
566
566
566
567
567
567
567
567
567
568
568
568
569
569
570
570
570
571
571
571
571
571
571
571
572
572
572
572
573
573
573
573
573
573
573
573
574
574
575
575
575
575
575
575
575
575
576
576
576
576
577
577
577
577
578
578
579
579
579
579
580
580
580
580
580
580
580
580
581
581
581
581
582
582
582
583
583
583
583
584
584
584
584
585
585
585
585
586
586
586
586
587
587
587
587
587
588
588
588
588
588
588
589
589
589
589
589
590
590
590
590
590
590
591
591
591
591
591
591
592
592
592
593
593
593
593
594
594
594
594
595
595
595
595
596
596
596
596
596
597
597
597
597
597
597
598
598
598
598
599
599
599
599
599
600
600
601
601
601
601
601
601
601
601
602
602
602
602
602
604
604
604
604
604
604
604
604
605
605
605
605
606
606
606
606
607
607
607
607
608
608
608
608
609
609
609
609
609
609
609
609
609
610
610
610
610
611
611
611
611
611
612
612
612
613
613
613
614
614
615
615
615
615
615
615
615
616
616
616
616
616
617
617
617
617
617
617
617
617
617
617
618
618
618
618
618
618
618
619
620
620
620
620
620
620
620
621
622
622
622
622
622
622
623
623
623
623
623
623
623
623
624
624
624
624
624
624
624
624
625
625
626
626
626
627
627
627
627
627
627
627
627
628
628
628
628
628
628
628
628
629
630
630
630
630
630
631
631
631
631
631
631
631
631
632
632
632
632
632
633
633
633
633
633
633
633
633
634
634
634
635
635
636
636
636
636
636
636
636
636
637
637
637
637
637
638
638
638
638
638
638
638
638
638
638
639
639
639
640
641
641
641
642
642
642
643
644
644
644
644
644
644
644
644
645
645
646
646
646
646
646
646
647
647
648
648
648
649
649
649
649
649
649
650
650
650
651
651
651
651
651
651
652
652
652
652
653
653
653
653
653
653
653
654
654
654
654
654
654
655
655
655
655
655
655
656
656
656
657
657
657
657
657
658
658
658
658
658
658
658
658
658
658
658
658
659
659
659
659
659
659
659
660
660
660
660
660
660
661
661
661
661
661
661
662
662
662
662
662
662
662
662
662
663
663
663
664
664
664
664
665
665
665
665
666
666
666
667
667
667
667
667
667
667
667
667
668
668
668
668
668
668
668
669
669
669
669
670
670
670
670
671
671
671
671
671
671
671
671
671
671
671
671
672
672
672
672
672
673
673
673
673
674
674
674
674
675
675
675
676
676
676
677
677
677
677
677
677
678
679
680
680
680
680
680
681
681
681
681
681
682
682
682
682
682
682
683
683
683
683
683
683
684
684
684
684
685
685
685
685
686
686
686
686
686
686
687
687
687
687
687
688
688
688
688
689
689
689
689
690
690
690
690
690
690
691
691
691
691
691
691
691
691
691
691
692
692
692
692
692
692
692
693
694
694
694
694
694
695
695
695
696
696
696
696
697
697
698
698
698
698
698
699
699
700
700
700
700
701
701
701
701
701
702
702
702
702
702
702
703
703
703
704
704
704
704
704
704
704
705
705
705
705
706
706
706
706
706
706
706
706
707
707
707
707
707
707
708
708
708
708
708
708
709
709
709
709
709
709
709
710
710
710
710
711
711
711
712
712
712
712
712
712
712
712
713
713
713
714
714
714
714
714
715
715
716
716
716
716
717
717
717
717
717
717
718
718
718
718
719
719
719
720
720
720
720
720
720
720
720
720
721
721
721
721
721
721
721
722
722
722
723
723
723
723
723
723
724
724
725
725
725
726
726
726
727
727
727
727
727
727
728
728
728
728
729
729
729
729
730
730
730
730
730
731
731
731
731
731
731
732
732
732
732
732
733
733
733
733
734
734
734
734
735
735
735
735
735
735
735
736
736
737
737
737
737
737
737
737
737
737
737
738
738
738
738
738
739
739
739
739
740
740
740
740
741
741
741
741
741
741
741
742
742
742
742
742
742
742
743
743
743
743
743
744
744
744
744
744
744
744
744
744
745
745
745
746
746
746
746
746
746
747
747
747
747
748
748
749
749
749
749
749
750
750
750
750
751
751
751
752
752
752
752
752
753
753
753
753
754
754
754
754
755
755
755
755
755
756
756
756
756
756
756
756
757
757
757
757
757
758
758
759
759
759
759
759
760
760
761
761
761
761
761
761
761
762
762
762
762
762
762
762
762
763
763
763
763
763
764
764
764
764
764
764
764
764
765
765
765
765
765
765
765
766
766
766
766
767
767
767
767
767
768
768
768
768
769
769
769
769
769
770
770
770
770
770
771
771
771
771
771
772
772
772
772
772
772
772
772
773
773
773
774
774
774
774
774
774
775
775
775
776
776
776
776
776
776
776
777
777
777
777
777
777
777
777
778
778
778
779
779
779
779
779
779
779
779
780
780
780
781
781
781
781
781
781
782
783
783
783
784
785
785
785
786
786
786
786
786
786
786
786
786
787
787
787
787
787
788
788
788
788
788
788
789
789
789
789
789
789
790
790
790
790
790
790
790
790
791
791
791
791
791
791
792
792
792
792
793
793
793
793
793
793
794
794
794
794
794
795
795
795
795
795
795
795
795
796
796
796
796
796
796
796
796
796
797
797
797
797
797
797
797
798
798
798
798
798
798
798
798
798
798
798
798
798
799
799
799
800
800
800
800
800
800
801
801
801
801
802
802
802
802
802
802
802
803
803
803
803
803
803
804
804
804
804
804
804
805
805
805
805
805
806
806
806
806
806
806
807
807
807
807
807
807
807
808
808
808
809
809
809
809
809
810
810
810
810
810
811
811
811
811
811
811
811
811
812
812
812
812
812
812
812
812
813
813
813
813
813
813
813
813
813
814
814
814
814
815
815
815
816
816
816
816
816
816
816
817
817
817
817
818
818
818
818
818
818
818
818
818
818
818
819
819
820
820
820
821
821
822
822
822
822
822
822
822
823
823
823
823
824
824
824
824
824
824
824
825
825
825
825
825
826
826
826
826
826
827
827
827
827
827
827
827
828
828
828
828
828
828
828
829
830
830
830
830
830
830
831
831
831
831
831
831
832
832
832
832
832
833
833
833
833
834
834
834
834
834
834
835
835
835
835
835
836
836
836
836
836
836
836
836
837
837
837
837
837
837
837
838
838
839
839
839
839
839
839
839
840
840
840
840
841
841
841
842
842
842
842
843
843
843
843
843
844
844
844
844
845
845
846
846
846
847
847
848
848
848
848
848
848
849
849
849
849
850
850
850
850
850
850
851
851
851
851
851
852
852
852
852
853
853
853
853
853
853
853
853
853
854
854
854
854
854
854
855
855
855
855
855
856
856
857
857
857
857
857
858
858
858
858
859
859
859
859
860
860
860
860
860
860
860
860
861
861
862
862
862
862
862
863
864
864
864
864
864
864
864
864
864
864
865
865
865
865
865
865
866
866
866
866
866
866
867
867
867
867
868
868
868
868
868
869
869
869
869
870
870
870
871
871
871
871
872
872
872
873
873
873
873
873
873
873
873
873
874
874
875
875
875
875
875
875
875
876
876
876
876
877
877
877
877
877
878
878
878
878
879
879
879
879
879
879
879
879
879
880
880
880
880
881
881
882
882
882
883
883
884
884
884
884
884
884
884
885
885
885
885
885
885
885
886
886
886
886
886
887
887
888
888
889
889
889
889
889
889
889
890
890
890
890
890
891
891
891
891
891
892
892
892
892
892
892
893
893
893
893
893
894
894
894
894
894
894
894
894
894
894
895
895
896
896
897
897
897
897
897
898
898
898
898
898
898
898
898
899
899
899
899
899
899
899
900
900
901
901
902
902
902
903
903
903
903
903
903
903
904
904
904
904
904
904
904
904
905
905
905
905
906
907
907
907
907
908
908
909
909
910
910
910
911
911
911
911
911
912
912
912
913
913
913
913
914
914
914
914
915
915
915
915
916
916
916
916
916
916
916
916
917
917
917
917
917
917
917
917
918
918
918
918
919
919
919
919
920
920
920
920
920
920
920
921
921
922
922
922
922
922
922
922
923
923
923
924
924
924
925
925
925
925
925
926
926
927
927
927
927
927
928
928
928
928
928
929
929
929
929
929
929
930
930
930
930
930
930
931
931
932
932
932
932
933
933
933
933
933
933
934
934
934
934
935
935
935
935
935
935
935
935
935
936
936
936
936
937
937
937
938
938
938
938
938
939
939
939
939
939
939
939
939
939
940
940
940
940
940
940
940
940
941
941
942
942
942
942
942
942
942
943
943
943
943
943
944
944
945
945
945
945
945
945
945
946
946
946
946
946
946
947
947
947
947
947
947
947
948
948
948
948
948
949
949
949
949
949
949
949
949
949
950
950
950
951
951
951
951
951
952
952
952
952
952
952
952
952
952
953
953
953
953
953
953
953
953
953
954
954
954
954
954
954
955
955
955
955
955
955
955
956
956
956
956
957
957
957
957
957
957
957
958
958
958
958
958
958
958
958
958
959
959
959
959
959
959
959
960
960
960
960
961
961
961
962
962
962
962
962
962
962
962
962
963
963
963
963
964
964
964
965
965
965
965
966
966
966
967
968
968
968
968
968
968
969
969
969
969
969
970
970
970
970
970
971
971
971
972
972
972
972
973
973
973
973
973
973
973
973
973
974
974
974
974
974
974
975
975
975
975
975
975
976
976
976
976
976
976
976
976
976
977
977
977
977
977
977
978
978
978
978
978
979
979
979
979
979
979
979
979
980
980
980
981
981
981
981
981
981
981
981
982
982
982
982
982
982
982
983
983
983
983
983
984
984
984
984
984
984
984
985
985
985
985
985
985
985
986
986
986
986
986
987
987
988
988
988
988
989
989
989
989
989
989
989
990
990
990
990
990
990
990
990
991
991
991
991
992
992
992
992
992
993
993
993
993
994
994
994
994
994
995
995
995
995
995
995
995
995
996
996
996
996
997
997
997
997
997
997
998
998
998
998
998
999
999
999
999
999
999
999
999
999
999
1000
1000
1000
1000
1000
1000
1000
1000
1000
1000
