Pivô escolhido: 129
Pivô escolhido: 52
Pivô escolhido: 9
Pivô escolhido: 6
Pivô escolhido: 4
Pivô escolhido: 0
Começando o insertion sort com:
Pivô escolhido: 1
Começando o insertion sort com:
Pivô escolhido: 2
Começando o insertion sort com:
Começando o insertion sort com: 3 3 3 3 3 3
Começando o insertion sort com: 5 5 5 5 5 5 5 5 5
Pivô escolhido: 8
Começando o insertion sort com: 7 7 7 7 7 7 7 7
Começando o insertion sort com:
Pivô escolhido: 51
Pivô escolhido: 13
Pivô escolhido: 11
Começando o insertion sort com: 10 10 10
Pivô escolhido: 12
Começando o insertion sort com:
Começando o insertion sort com:
Pivô escolhido: 37
Pivô escolhido: 16
Pivô escolhido: 14
Começando o insertion sort com:
Começando o insertion sort com: 15 15 15 15
Pivô escolhido: 32
Pivô escolhido: 17
Começando o insertion sort com:
Pivô escolhido: 22
Pivô escolhido: 18
Começando o insertion sort com:
Pivô escolhido: 21
Pivô escolhido: 19
Começando o insertion sort com:
Começando o insertion sort com: 20 20 20 20 20 20 20 20 20
Começando o insertion sort com:
Pivô escolhido: 23
Começando o insertion sort com:
Pivô escolhido: 31
Pivô escolhido: 25
Começando o insertion sort com: 24 24 24 24 24 24 24 24 24 24
Pivô escolhido: 30
Pivô escolhido: 28
Pivô escolhido: 27
Começando o insertion sort com: 26 26 26 26 26 26 26 26 26 26
Começando o insertion sort com:
Pivô escolhido: 29
Começando o insertion sort com:
Começando o insertion sort com:
Começando o insertion sort com:
Começando o insertion sort com:
Pivô escolhido: 34
Começando o insertion sort com: 33 33 33 33 33
Pivô escolhido: 36
Começando o insertion sort com: 35 35 35 35 35 35 35 35 35 35
Começando o insertion sort com:
Pivô escolhido: 45
Pivô escolhido: 43
Pivô escolhido: 39
Começando o insertion sort com: 38 38 38 38 38 38 38 38 38
Pivô escolhido: 41
Pivô escolhido: 40
Começando o insertion sort com:
Começando o insertion sort com:
Começando o insertion sort com: 42 42 42 42 42 42 42
Pivô escolhido: 44
Começando o insertion sort com:
Começando o insertion sort com:
Pivô escolhido: 49
Pivô escolhido: 48
Pivô escolhido: 47
Começando o insertion sort com: 46 46 46 46 46 46 46 46 46
Começando o insertion sort com:
Começando o insertion sort com:
Começando o insertion sort com: 50 50 50 50 50
Começando o insertion sort com:
Pivô escolhido: 58
Pivô escolhido: 53
Começando o insertion sort com:
Pivô escolhido: 54
Começando o insertion sort com:
Pivô escolhido: 56
Pivô escolhido: 55
Começando o insertion sort com:
Começando o insertion sort com:
Começando o insertion sort com: 57 57 57 57 57 57 57 57
Pivô escolhido: 99
Pivô escolhido: 67
Pivô escolhido: 63
Pivô escolhido: 62
Pivô escolhido: 59
Começando o insertion sort com:
Pivô escolhido: 61
Começando o insertion sort com: 60 60 60 60 60 60 60 60
Começando o insertion sort com:
Começando o insertion sort com:
Pivô escolhido: 65
Pivô escolhido: 64
Começando o insertion sort com:
Começando o insertion sort com:
Começando o insertion sort com: 66 66 66 66 66 66 66 66
Pivô escolhido: 73
Pivô escolhido: 71
Pivô escolhido: 69
Começando o insertion sort com: 68 68 68 68 68 68 68 68 68 68
Pivô escolhido: 70
Começando o insertion sort com:
Começando o insertion sort com:
Pivô escolhido: 72
Começando o insertion sort com:
Começando o insertion sort com:
Pivô escolhido: 88
Pivô escolhido: 83
Pivô escolhido: 75
Começando o insertion sort com: 74 74 74 74 74 74 74 74
Pivô escolhido: 79
Pivô escolhido: 77
Começando o insertion sort com: 76 76 76 76 76 76 76 76 76 76
Pivô escolhido: 78
Começando o insertion sort com:
Começando o insertion sort com:
Pivô escolhido: 81
Pivô escolhido: 80
Começando o insertion sort com:
Começando o insertion sort com:
Pivô escolhido: 82
Começando o insertion sort com:
Começando o insertion sort com:
Pivô escolhido: 87
Pivô escolhido: 84
Começando o insertion sort com:
Pivô escolhido: 86
Começando o insertion sort com: 85 85 85 85 85 85 85 85
Começando o insertion sort com:
Começando o insertion sort com:
Pivô escolhido: 89
Começando o insertion sort com:
Pivô escolhido: 92
Pivô escolhido: 91
Pivô escolhido: 90
Começando o insertion sort com:
Começando o insertion sort com:
Começando o insertion sort com:
Pivô escolhido: 97
Pivô escolhido: 96
Pivô escolhido: 95
Pivô escolhido: 93
Começando o insertion sort com:
Pivô escolhido: 94
Começando o insertion sort com:
Começando o insertion sort com:
Começando o insertion sort com:
Começando o insertion sort com:
Pivô escolhido: 98
Começando o insertion sort com:
Começando o insertion sort com:
Pivô escolhido: 110
Pivô escolhido: 102
Pivô escolhido: 101
Começando o insertion sort com: 100 100 100 100 100 100 100 100 100
Começando o insertion sort com:
Pivô escolhido: 106
Pivô escolhido: 103
Começando o insertion sort com:
Pivô escolhido: 104
Começando o insertion sort com:
Começando o insertion sort com: 105 105 105 105 105 105 105 105
Pivô escolhido: 109
Pivô escolhido: 108
Começando o insertion sort com: 107 107 107 107 107 107 107 107 107
Começando o insertion sort com:
Começando o insertion sort com:
Pivô escolhido: 121
Pivô escolhido: 117
Pivô escolhido: 114
Pivô escolhido: 111
Começando o insertion sort com:
Pivô escolhido: 113
Começando o insertion sort com: 112 112 112 112 112
Começando o insertion sort com:
Pivô escolhido: 115
Começando o insertion sort com:
Começando o insertion sort com: 116 116 116 116 116 116 116 116 116
Pivô escolhido: 120
Pivô escolhido: 119
Começando o insertion sort com: 118 118 118 118 118 118 118 118
Começando o insertion sort com:
Começando o insertion sort com:
Pivô escolhido: 126
Pivô escolhido: 123
Começando o insertion sort com: 122 122 122 122 122 122 122
Pivô escolhido: 124
Começando o insertion sort com:
Começando o insertion sort com: 125 125 125 125 125
Pivô escolhido: 127
Começando o insertion sort com:
Pivô escolhido: 128
Começando o insertion sort com:
Começando o insertion sort com:
Pivô escolhido: 225
Pivô escolhido: 157
Pivô escolhido: 139
Pivô escolhido: 135
Pivô escolhido: 133
Pivô escolhido: 130
Começando o insertion sort com:
Pivô escolhido: 131
Começando o insertion sort com:
Pivô escolhido: 132
Começando o insertion sort com:
Começando o insertion sort com:
Começando o insertion sort com: 134 134 134 134 134 134 134
Pivô escolhido: 137
Começando o insertion sort com: 136 136 136 136 136 136 136 136 136
Começando o insertion sort com: 138 138 138 138 138 138
Pivô escolhido: 143
Pivô escolhido: 140
Começando o insertion sort com:
Pivô escolhido: 141
Começando o insertion sort com:
Pivô escolhido: 142
Começando o insertion sort com:
Começando o insertion sort com:
Pivô escolhido: 150
Pivô escolhido: 146
Pivô escolhido: 144
Começando o insertion sort com:
Começando o insertion sort com: 145 145 145 145 145 145 145 145 145
Pivô escolhido: 148
Pivô escolhido: 147
Começando o insertion sort com:
Começando o insertion sort com:
Começando o insertion sort com: 149 149 149 149 149 149
Pivô escolhido: 156
Pivô escolhido: 155
Pivô escolhido: 152
Começando o insertion sort com: 151 151 151 151 151 151 151 151 151 151
Pivô escolhido: 153
Começando o insertion sort com:
Pivô escolhido: 154
Começando o insertion sort com:
Começando o insertion sort com:
Começando o insertion sort com:
Começando o insertion sort com:
Pivô escolhido: 183
Pivô escolhido: 170
Pivô escolhido: 167
Pivô escolhido: 159
Pivô escolhido: 158
Começando o insertion sort com:
Começando o insertion sort com:
Pivô escolhido: 163
Pivô escolhido: 162
Pivô escolhido: 160
Começando o insertion sort com:
Começando o insertion sort com: 161 161 161 161 161 161 161 161 161 161
Começando o insertion sort com:
Pivô escolhido: 164
Começando o insertion sort com:
Pivô escolhido: 165
Começando o insertion sort com:
Começando o insertion sort com: 166 166 166 166 166 166
Pivô escolhido: 168
Começando o insertion sort com:
Começando o insertion sort com: 169 169 169 169 169 169
Pivô escolhido: 172
Pivô escolhido: 171
Começando o insertion sort com:
Começando o insertion sort com:
Pivô escolhido: 178
Pivô escolhido: 174
Começando o insertion sort com: 173 173 173 173 173 173 173 173 173
Pivô escolhido: 175
Começando o insertion sort com:
Pivô escolhido: 176
Começando o insertion sort com:
Começando o insertion sort com: 177 177 177 177 177
Pivô escolhido: 182
Pivô escolhido: 180
Começando o insertion sort com: 179 179 179 179 179 179 179 179 179 179
Começando o insertion sort com: 181 181 181 181 181 181 181 181 181
Começando o insertion sort com:
Pivô escolhido: 213
Pivô escolhido: 207
Pivô escolhido: 203
Pivô escolhido: 194
Pivô escolhido: 192
Pivô escolhido: 184
Começando o insertion sort com:
Pivô escolhido: 189
Pivô escolhido: 188
Pivô escolhido: 186
Pivô escolhido: 185
Começando o insertion sort com:
Começando o insertion sort com:
Começando o insertion sort com: 187 187 187 187 187 187 187 187
Começando o insertion sort com:
Pivô escolhido: 190
Começando o insertion sort com:
Pivô escolhido: 191
Começando o insertion sort com:
Começando o insertion sort com:
Começando o insertion sort com: 193 193 193 193 193 193 193 193 193 193
Pivô escolhido: 201
Pivô escolhido: 200
Pivô escolhido: 198
Pivô escolhido: 197
Pivô escolhido: 195
Começando o insertion sort com:
Começando o insertion sort com: 196 196 196 196 196 196 196 196
Começando o insertion sort com:
Começando o insertion sort com: 199 199 199 199 199 199 199 199 199 199
Começando o insertion sort com:
Pivô escolhido: 202
Começando o insertion sort com:
Começando o insertion sort com:
Pivô escolhido: 204
Começando o insertion sort com:
Pivô escolhido: 205
Começando o insertion sort com:
Começando o insertion sort com: 206 206 206 206 206 206 206 206 206 206
Pivô escolhido: 210
Começando o insertion sort com: 208 208 209 208 209 209 209 209 208
Pivô escolhido: 212
Pivô escolhido: 211
Começando o insertion sort com:
Começando o insertion sort com:
Começando o insertion sort com:
Pivô escolhido: 215
Pivô escolhido: 214
Começando o insertion sort com:
Começando o insertion sort com:
Pivô escolhido: 223
Pivô escolhido: 219
Pivô escolhido: 218
Pivô escolhido: 217
Pivô escolhido: 216
Começando o insertion sort com:
Começando o insertion sort com:
Começando o insertion sort com:
Começando o insertion sort com:
Pivô escolhido: 222
Pivô escolhido: 221
Começando o insertion sort com: 220 220 220 220 220 220 220 220 220
Começando o insertion sort com:
Começando o insertion sort com:
Começando o insertion sort com: 224 224 224 224 224 224
Pivô escolhido: 862
Pivô escolhido: 235
Pivô escolhido: 234
Pivô escolhido: 229
Pivô escolhido: 226
Começando o insertion sort com:
Pivô escolhido: 228
Começando o insertion sort com: 227 227 227 227 227 227 227 227
Começando o insertion sort com:
Pivô escolhido: 232
Pivô escolhido: 231
Começando o insertion sort com: 230 230 230 230 230 230 230 230 230
Começando o insertion sort com:
Pivô escolhido: 233
Começando o insertion sort com:
Começando o insertion sort com:
Começando o insertion sort com:
Pivô escolhido: 517
Pivô escolhido: 489
Pivô escolhido: 397
Pivô escolhido: 286
Pivô escolhido: 257
Pivô escolhido: 240
Pivô escolhido: 239
Pivô escolhido: 236
Começando o insertion sort com:
Pivô escolhido: 237
Começando o insertion sort com:
Começando o insertion sort com: 238 238 238 238 238 238 238
Começando o insertion sort com:
Pivô escolhido: 243
Pivô escolhido: 242
Começando o insertion sort com: 241 241 241 241 241 241 241 241 241 241
Começando o insertion sort com:
Pivô escolhido: 256
Pivô escolhido: 250
Pivô escolhido: 247
Pivô escolhido: 246
Pivô escolhido: 245
Pivô escolhido: 244
Começando o insertion sort com:
Começando o insertion sort com:
Começando o insertion sort com:
Começando o insertion sort com:
Pivô escolhido: 248
Começando o insertion sort com:
Começando o insertion sort com: 249 249 249 249 249 249 249 249
Pivô escolhido: 254
Pivô escolhido: 252
Começando o insertion sort com: 251 251 251 251 251 251 251
Começando o insertion sort com: 253 253 253 253 253 253 253 253 253 253
Começando o insertion sort com: 255 255 255 255 255 255
Começando o insertion sort com:
Pivô escolhido: 275
Pivô escolhido: 261
Pivô escolhido: 259
Começando o insertion sort com: 258 258 258 258 258 258 258 258 258 258
Começando o insertion sort com: 260 260 260 260
Pivô escolhido: 274
Pivô escolhido: 263
Pivô escolhido: 262
Começando o insertion sort com:
Começando o insertion sort com:
Pivô escolhido: 270
Pivô escolhido: 267
Pivô escolhido: 264
Começando o insertion sort com:
Pivô escolhido: 265
Começando o insertion sort com:
Começando o insertion sort com: 266 266 266 266 266
Pivô escolhido: 269
Começando o insertion sort com: 268 268 268 268 268 268 268 268 268
Começando o insertion sort com:
Pivô escolhido: 272
Pivô escolhido: 271
Começando o insertion sort com:
Começando o insertion sort com:
Começando o insertion sort com: 273 273 273 273 273 273 273 273 273 273
Começando o insertion sort com:
Pivô escolhido: 276
Começando o insertion sort com:
Pivô escolhido: 278
Pivô escolhido: 277
Começando o insertion sort com:
Começando o insertion sort com:
Pivô escolhido: 285
Pivô escolhido: 283
Pivô escolhido: 281
Pivô escolhido: 279
Começando o insertion sort com:
Começando o insertion sort com: 280 280 280 280
Pivô escolhido: 282
Começando o insertion sort com:
Começando o insertion sort com:
Começando o insertion sort com: 284 284 284 284 284 284 284
Começando o insertion sort com:
Pivô escolhido: 335
Pivô escolhido: 298
Pivô escolhido: 292
Pivô escolhido: 289
Pivô escolhido: 287
Começando o insertion sort com:
Pivô escolhido: 288
Começando o insertion sort com:
Começando o insertion sort com:
Pivô escolhido: 290
Começando o insertion sort com:
Começando o insertion sort com: 291 291 291 291 291 291 291 291
Pivô escolhido: 295
Pivô escolhido: 294
Começando o insertion sort com: 293 293 293 293 293 293 293 293 293 293
Começando o insertion sort com:
Pivô escolhido: 297
Começando o insertion sort com: 296 296 296 296 296
Começando o insertion sort com:
Pivô escolhido: 332
Pivô escolhido: 321
Pivô escolhido: 317
Pivô escolhido: 304
Pivô escolhido: 302
Pivô escolhido: 299
Começando o insertion sort com:
Pivô escolhido: 301
Começando o insertion sort com: 300 300 300 300 300
Começando o insertion sort com:
Começando o insertion sort com: 303 303 303 303 303 303 303
Pivô escolhido: 308
Pivô escolhido: 306
Começando o insertion sort com: 305 305 305 305 305 305 305 305 305 305
Começando o insertion sort com: 307 307 307 307 307 307 307 307 307
Pivô escolhido: 312
Pivô escolhido: 311
Pivô escolhido: 310
Começando o insertion sort com: 309 309 309 309 309 309 309 309 309 309
Começando o insertion sort com:
Começando o insertion sort com:
Pivô escolhido: 313
Começando o insertion sort com:
Pivô escolhido: 314
Começando o insertion sort com:
Pivô escolhido: 316
Começando o insertion sort com: 315 315 315 315 315 315
Começando o insertion sort com:
Pivô escolhido: 320
Pivô escolhido: 319
Começando o insertion sort com: 318 318 318 318 318 318 318 318 318 318
Começando o insertion sort com:
Começando o insertion sort com:
Pivô escolhido: 322
Começando o insertion sort com:
Pivô escolhido: 326
Pivô escolhido: 323
Começando o insertion sort com:
Pivô escolhido: 325
Começando o insertion sort com: 324 324 324 324 324 324 324 324
Começando o insertion sort com:
Pivô escolhido: 327
Começando o insertion sort com:
Pivô escolhido: 331
Pivô escolhido: 329
Pivô escolhido: 328
Começando o insertion sort com:
Começando o insertion sort com:
Começando o insertion sort com: 330 330 330 330 330 330 330
Começando o insertion sort com:
Pivô escolhido: 333
Começando o insertion sort com:
Pivô escolhido: 334
Começando o insertion sort com:
Começando o insertion sort com:
Pivô escolhido: 366
Pivô escolhido: 353
Pivô escolhido: 338
Pivô escolhido: 336
Começando o insertion sort com:
Pivô escolhido: 337
Começando o insertion sort com:
Começando o insertion sort com:
Pivô escolhido: 347
Pivô escolhido: 344
Pivô escolhido: 343
Pivô escolhido: 340
Começando o insertion sort com: 339 339 339 339 339 339 339 339 339 339
Pivô escolhido: 341
Começando o insertion sort com:
Começando o insertion sort com: 342 342 342 342 342 342 342 342 342
Começando o insertion sort com:
Pivô escolhido: 346
Pivô escolhido: 345
Começando o insertion sort com:
Começando o insertion sort com:
Começando o insertion sort com:
Pivô escolhido: 350
Pivô escolhido: 348
Começando o insertion sort com:
Começando o insertion sort com: 349 349 349 349 349 349 349 349 349 349
Pivô escolhido: 352
Começando o insertion sort com: 351 351 351 351 351 351 351 351 351 351
Começando o insertion sort com:
Pivô escolhido: 363
Pivô escolhido: 362
Pivô escolhido: 361
Pivô escolhido: 356
Pivô escolhido: 355
Começando o insertion sort com: 354 354 354 354 354 354 354 354 354
Começando o insertion sort com:
Pivô escolhido: 357
Começando o insertion sort com:
Pivô escolhido: 358
Começando o insertion sort com:
Pivô escolhido: 359
Começando o insertion sort com:
Pivô escolhido: 360
Começando o insertion sort com:
Começando o insertion sort com:
Começando o insertion sort com:
Começando o insertion sort com:
Pivô escolhido: 364
Começando o insertion sort com:
Pivô escolhido: 365
Começando o insertion sort com:
Começando o insertion sort com:
Pivô escolhido: 395
Pivô escolhido: 371
Pivô escolhido: 367
Começando o insertion sort com:
Pivô escolhido: 369
Começando o insertion sort com: 368 368 368 368 368 368 368 368 368
Começando o insertion sort com: 370 370 370 370
Pivô escolhido: 378
Pivô escolhido: 377
Pivô escolhido: 374
Pivô escolhido: 373
Começando o insertion sort com: 372 372 372 372 372 372
Começando o insertion sort com:
Pivô escolhido: 375
Começando o insertion sort com:
Pivô escolhido: 376
Começando o insertion sort com:
Começando o insertion sort com:
Começando o insertion sort com:
Pivô escolhido: 394
Pivô escolhido: 392
Pivô escolhido: 388
Pivô escolhido: 384
Pivô escolhido: 379
Começando o insertion sort com:
Pivô escolhido: 382
Pivô escolhido: 380
Começando o insertion sort com:
Começando o insertion sort com: 381 381 381 381 381 381 381 381 381 381
Começando o insertion sort com: 383 383 383 383 383 383 383
Pivô escolhido: 386
Começando o insertion sort com: 385 385 385 385 385 385 385 385 385
Começando o insertion sort com: 387 387 387 387 387 387 387 387
Pivô escolhido: 390
Pivô escolhido: 389
Começando o insertion sort com:
Começando o insertion sort com:
Começando o insertion sort com: 391 391 391 391 391 391 391 391
Começando o insertion sort com: 393 393 393 393 393 393 393 393 393 393
Começando o insertion sort com:
Começando o insertion sort com: 396 396 396 396 396 396 396 396 396 396
Pivô escolhido: 416
Pivô escolhido: 410
Pivô escolhido: 399
Começando o insertion sort com: 398 398 398 398 398 398 398
Pivô escolhido: 403
Pivô escolhido: 401
Começando o insertion sort com: 400 400 400 400 400 400 400 400 400 400
Começando o insertion sort com: 402 402 402 402 402 402 402 402
Pivô escolhido: 404
Começando o insertion sort com:
Pivô escolhido: 405
Começando o insertion sort com:
Pivô escolhido: 409
Pivô escolhido: 408
Pivô escolhido: 407
Começando o insertion sort com: 406 406 406 406 406 406 406 406 406
Começando o insertion sort com:
Começando o insertion sort com:
Começando o insertion sort com:
Pivô escolhido: 411
Começando o insertion sort com:
Pivô escolhido: 415
Pivô escolhido: 414
Pivô escolhido: 412
Começando o insertion sort com:
Começando o insertion sort com: 413 413 413 413
Começando o insertion sort com:
Começando o insertion sort com:
Pivô escolhido: 463
Pivô escolhido: 422
Pivô escolhido: 417
Começando o insertion sort com:
Pivô escolhido: 418
Começando o insertion sort com:
Pivô escolhido: 421
Pivô escolhido: 419
Começando o insertion sort com:
Pivô escolhido: 420
Começando o insertion sort com:
Começando o insertion sort com:
Começando o insertion sort com:
Pivô escolhido: 442
Pivô escolhido: 440
Pivô escolhido: 434
Pivô escolhido: 423
Começando o insertion sort com:
Pivô escolhido: 427
Pivô escolhido: 425
Começando o insertion sort com: 424 424 424 424 424 424 424 424 424
Começando o insertion sort com: 426 426 426 426 426 426 426 426 426 426
Pivô escolhido: 431
Pivô escolhido: 430
Pivô escolhido: 428
Começando o insertion sort com:
Começando o insertion sort com: 429 429 429 429 429 429 429 429 429
Começando o insertion sort com:
Pivô escolhido: 433
Começando o insertion sort com: 432 432 432 432 432 432 432 432
Começando o insertion sort com:
Pivô escolhido: 438
Pivô escolhido: 436
Pivô escolhido: 435
Começando o insertion sort com:
Começando o insertion sort com:
Começando o insertion sort com: 437 437 437 437 437 437 437
Começando o insertion sort com: 439 439 439 439 439
Começando o insertion sort com: 441 441 441 441 441 441 441
Pivô escolhido: 449
Pivô escolhido: 443
Começando o insertion sort com:
Pivô escolhido: 445
Pivô escolhido: 444
Começando o insertion sort com:
Começando o insertion sort com:
Pivô escolhido: 446
Começando o insertion sort com:
Pivô escolhido: 448
Começando o insertion sort com: 447 447 447 447 447 447 447 447
Começando o insertion sort com:
Pivô escolhido: 456
Pivô escolhido: 455
Pivô escolhido: 454
Pivô escolhido: 451
Começando o insertion sort com: 450 450 450 450 450 450
Pivô escolhido: 452
Começando o insertion sort com:
Pivô escolhido: 453
Começando o insertion sort com:
Começando o insertion sort com:
Começando o insertion sort com:
Começando o insertion sort com:
Pivô escolhido: 460
Pivô escolhido: 459
Pivô escolhido: 457
Começando o insertion sort com:
Começando o insertion sort com: 458 458 458 458
Começando o insertion sort com:
Pivô escolhido: 461
Começando o insertion sort com:
Pivô escolhido: 462
Começando o insertion sort com:
Começando o insertion sort com:
Pivô escolhido: 474
Pivô escolhido: 471
Pivô escolhido: 469
Pivô escolhido: 464
Começando o insertion sort com:
Pivô escolhido: 468
Pivô escolhido: 465
Começando o insertion sort com:
Começando o insertion sort com: 466 466 467 467 467 467 467 466 466
Começando o insertion sort com:
Pivô escolhido: 470
Começando o insertion sort com:
Começando o insertion sort com:
Pivô escolhido: 473
Começando o insertion sort com: 472 472 472 472 472 472 472 472
Começando o insertion sort com:
Pivô escolhido: 479
Pivô escolhido: 478
Pivô escolhido: 475
Começando o insertion sort com:
Pivô escolhido: 476
Começando o insertion sort com:
Pivô escolhido: 477
Começando o insertion sort com:
Começando o insertion sort com:
Começando o insertion sort com:
Pivô escolhido: 480
Começando o insertion sort com:
Pivô escolhido: 485
Pivô escolhido: 483
Pivô escolhido: 481
Começando o insertion sort com:
Começando o insertion sort com: 482 482 482 482 482 482
Começando o insertion sort com: 484 484 484 484 484 484 484 484
Pivô escolhido: 488
Pivô escolhido: 486
Começando o insertion sort com:
Começando o insertion sort com: 487 487 487 487 487 487 487
Começando o insertion sort com:
Pivô escolhido: 502
Pivô escolhido: 497
Pivô escolhido: 490
Começando o insertion sort com:
Pivô escolhido: 494
Pivô escolhido: 492
Pivô escolhido: 491
Começando o insertion sort com:
Começando o insertion sort com:
Pivô escolhido: 493
Começando o insertion sort com:
Começando o insertion sort com:
Pivô escolhido: 496
Começando o insertion sort com: 495 495 495 495 495 495 495 495
Começando o insertion sort com:
Pivô escolhido: 501
Pivô escolhido: 500
Pivô escolhido: 499
Pivô escolhido: 498
Começando o insertion sort com:
Começando o insertion sort com:
Começando o insertion sort com:
Começando o insertion sort com:
Começando o insertion sort com:
Pivô escolhido: 506
Pivô escolhido: 504
Começando o insertion sort com: 503 503 503 503 503 503 503 503 503
Começando o insertion sort com: 505 505 505 505 505 505 505 505
Pivô escolhido: 516
Pivô escolhido: 514
Pivô escolhido: 510
Pivô escolhido: 509
Pivô escolhido: 508
Começando o insertion sort com: 507 507 507 507 507
Começando o insertion sort com:
Começando o insertion sort com:
Pivô escolhido: 511
Começando o insertion sort com:
Pivô escolhido: 513
Começando o insertion sort com: 512 512 512 512 512 512 512
Começando o insertion sort com:
Começando o insertion sort com: 515 515 515 515 515 515 515 515
Começando o insertion sort com:
Pivô escolhido: 539
Pivô escolhido: 534
Pivô escolhido: 523
Pivô escolhido: 522
Pivô escolhido: 518
Começando o insertion sort com:
Pivô escolhido: 519
Começando o insertion sort com:
Pivô escolhido: 520
Começando o insertion sort com:
Começando o insertion sort com: 521 521 521 521 521 521 521 521
Começando o insertion sort com:
Pivô escolhido: 531
Pivô escolhido: 528
Pivô escolhido: 524
Começando o insertion sort com:
Pivô escolhido: 525
Começando o insertion sort com:
Pivô escolhido: 526
Começando o insertion sort com:
Começando o insertion sort com: 527 527 527 527 527 527
Pivô escolhido: 530
Começando o insertion sort com: 529 529 529 529 529 529 529
Começando o insertion sort com:
Pivô escolhido: 533
Começando o insertion sort com: 532 532 532 532 532 532 532 532
Começando o insertion sort com:
Pivô escolhido: 537
Pivô escolhido: 535
Começando o insertion sort com:
Começando o insertion sort com: 536 536 536 536 536 536 536 536 536
Pivô escolhido: 538
Começando o insertion sort com:
Começando o insertion sort com:
Pivô escolhido: 695
Pivô escolhido: 555
Pivô escolhido: 546
Pivô escolhido: 545
Pivô escolhido: 544
Pivô escolhido: 541
Pivô escolhido: 540
Começando o insertion sort com:
Começando o insertion sort com:
Pivô escolhido: 542
Começando o insertion sort com:
Começando o insertion sort com: 543 543 543 543 543 543 543 543 543
Começando o insertion sort com:
Começando o insertion sort com:
Pivô escolhido: 549
Pivô escolhido: 547
Começando o insertion sort com:
Começando o insertion sort com: 548 548 548 548 548 548 548 548 548
Pivô escolhido: 550
Começando o insertion sort com:
Pivô escolhido: 552
Pivô escolhido: 551
Começando o insertion sort com:
Começando o insertion sort com:
Pivô escolhido: 553
Começando o insertion sort com:
Começando o insertion sort com: 554 554 554 554 554 554 554 554 554 554
Pivô escolhido: 666
Pivô escolhido: 650
Pivô escolhido: 589
Pivô escolhido: 557
Começando o insertion sort com: 556 556 556 556 556 556 556
Pivô escolhido: 572
Pivô escolhido: 568
Pivô escolhido: 565
Pivô escolhido: 562
Pivô escolhido: 559
Começando o insertion sort com: 558 558 558 558 558 558 558 558 558
Pivô escolhido: 561
Começando o insertion sort com: 560 560 560 560 560 560 560
Começando o insertion sort com:
Pivô escolhido: 564
Começando o insertion sort com: 563 563 563 563 563 563 563
Começando o insertion sort com:
Pivô escolhido: 566
Começando o insertion sort com:
Pivô escolhido: 567
Começando o insertion sort com:
Começando o insertion sort com:
Pivô escolhido: 569
Começando o insertion sort com:
Pivô escolhido: 570
Começando o insertion sort com:
Pivô escolhido: 571
Começando o insertion sort com:
Começando o insertion sort com:
Pivô escolhido: 581
Pivô escolhido: 578
Pivô escolhido: 576
Pivô escolhido: 575
Pivô escolhido: 574
Começando o insertion sort com: 573 573 573 573
Começando o insertion sort com:
Começando o insertion sort com:
Começando o insertion sort com: 577 577 577 577 577 577
Pivô escolhido: 580
Pivô escolhido: 579
Começando o insertion sort com:
Começando o insertion sort com:
Começando o insertion sort com:
Pivô escolhido: 584
Pivô escolhido: 583
Pivô escolhido: 582
Começando o insertion sort com:
Começando o insertion sort com:
Começando o insertion sort com:
Pivô escolhido: 587
Pivô escolhido: 586
Começando o insertion sort com: 585 585 585 585 585 585 585 585 585
Começando o insertion sort com:
Começando o insertion sort com: 588 588 588 588 588 588 588 588 588 588
Pivô escolhido: 621
Pivô escolhido: 603
Pivô escolhido: 590
Começando o insertion sort com:
Pivô escolhido: 595
Pivô escolhido: 592
Pivô escolhido: 591
Começando o insertion sort com:
Começando o insertion sort com:
Pivô escolhido: 594
Começando o insertion sort com: 593 593 593 593 593 593 593
Começando o insertion sort com:
Pivô escolhido: 597
Começando o insertion sort com: 596 596 596 596 596 596 596
Pivô escolhido: 599
Pivô escolhido: 598
Começando o insertion sort com:
Começando o insertion sort com:
Pivô escolhido: 602
Pivô escolhido: 601
Começando o insertion sort com: 600 600 600 600 600 600 600 600 600
Começando o insertion sort com:
Começando o insertion sort com:
Pivô escolhido: 611
Pivô escolhido: 604
Começando o insertion sort com:
Pivô escolhido: 606
Começando o insertion sort com: 605 605 605 605 605 605 605 605 605
Pivô escolhido: 608
Começando o insertion sort com: 607 607 607 607 607 607 607 607 607 607
Pivô escolhido: 609
Começando o insertion sort com:
Começando o insertion sort com: 610 610 610 610
Pivô escolhido: 613
Começando o insertion sort com: 612 612 612 612 612 612 612 612 612 612
Pivô escolhido: 616
Pivô escolhido: 614
Começando o insertion sort com:
Começando o insertion sort com: 615 615 615 615 615 615 615 615 615
Pivô escolhido: 619
Pivô escolhido: 618
Começando o insertion sort com: 617 617 617 617 617 617 617 617 617 617
Começando o insertion sort com:
Começando o insertion sort com: 620 620 620 620 620 620 620
Pivô escolhido: 645
Pivô escolhido: 637
Pivô escolhido: 631
Pivô escolhido: 628
Pivô escolhido: 625
Pivô escolhido: 622
Começando o insertion sort com:
Pivô escolhido: 623
Começando o insertion sort com:
Começando o insertion sort com: 624 624 624 624 624 624 624 624
Pivô escolhido: 626
Começando o insertion sort com:
Começando o insertion sort com: 627 627 627 627 627 627 627 627
Pivô escolhido: 630
Começando o insertion sort com: 629 629 629 629 629 629 629 629 629 629
Começando o insertion sort com:
Pivô escolhido: 634
Pivô escolhido: 632
Começando o insertion sort com:
Pivô escolhido: 633
Começando o insertion sort com:
Começando o insertion sort com:
Pivô escolhido: 635
Começando o insertion sort com:
Começando o insertion sort com: 636 636 636 636 636 636 636 636 636 636
Pivô escolhido: 641
Pivô escolhido: 640
Pivô escolhido: 639
Começando o insertion sort com: 638 638 638 638 638
Começando o insertion sort com:
Começando o insertion sort com:
Pivô escolhido: 643
Começando o insertion sort com: 642 642 642 642 642 642 642 642
Pivô escolhido: 644
Começando o insertion sort com:
Começando o insertion sort com:
Pivô escolhido: 649
Pivô escolhido: 648
Pivô escolhido: 647
Começando o insertion sort com: 646 646 646 646 646 646
Começando o insertion sort com:
Começando o insertion sort com:
Começando o insertion sort com:
Pivô escolhido: 660
Pivô escolhido: 654
Pivô escolhido: 651
Começando o insertion sort com:
Pivô escolhido: 653
Começando o insertion sort com: 652 652 652 652 652 652 652 652
Começando o insertion sort com:
Pivô escolhido: 657
Começando o insertion sort com: 655 655 655 655 655 655 656 655
Pivô escolhido: 659
Pivô escolhido: 658
Começando o insertion sort com:
Começando o insertion sort com:
Começando o insertion sort com:
Pivô escolhido: 661
Começando o insertion sort com:
Pivô escolhido: 665
Pivô escolhido: 662
Começando o insertion sort com:
Pivô escolhido: 663
Começando o insertion sort com:
Começando o insertion sort com: 664 664 664 664 664 664
Começando o insertion sort com:
Pivô escolhido: 680
Pivô escolhido: 667
Começando o insertion sort com:
Pivô escolhido: 674
Pivô escolhido: 669
Pivô escolhido: 668
Começando o insertion sort com:
Começando o insertion sort com:
Pivô escolhido: 670
Começando o insertion sort com:
Pivô escolhido: 672
Começando o insertion sort com: 671 671 671 671 671 671 671 671
Começando o insertion sort com: 673 673 673 673 673 673 673 673 673
Pivô escolhido: 678
Pivô escolhido: 676
Começando o insertion sort com: 675 675 675 675 675 675
Começando o insertion sort com: 677 677 677 677 677 677 677 677
Começando o insertion sort com: 679 679 679 679 679 679 679
Pivô escolhido: 689
Pivô escolhido: 684
Pivô escolhido: 681
Começando o insertion sort com:
Pivô escolhido: 683
Começando o insertion sort com: 682 682 682 682 682 682 682
Começando o insertion sort com:
Pivô escolhido: 685
Começando o insertion sort com:
Pivô escolhido: 686
Começando o insertion sort com:
Pivô escolhido: 687
Começando o insertion sort com:
Pivô escolhido: 688
Começando o insertion sort com:
Começando o insertion sort com:
Pivô escolhido: 692
Começando o insertion sort com: 690 690 691 690 691 691 691 690 691 691
Pivô escolhido: 694
Começando o insertion sort com: 693 693 693 693 693 693 693 693 693 693
Começando o insertion sort com:
Pivô escolhido: 708
Pivô escolhido: 706
Pivô escolhido: 701
Pivô escolhido: 700
Pivô escolhido: 699
Pivô escolhido: 696
Começando o insertion sort com:
Pivô escolhido: 698
Começando o insertion sort com: 697 697 697 697 697 697 697 697 697 697
Começando o insertion sort com:
Começando o insertion sort com:
Começando o insertion sort com:
Pivô escolhido: 705
Pivô escolhido: 703
Começando o insertion sort com: 702 702 702 702 702 702 702
Pivô escolhido: 704
Começando o insertion sort com:
Começando o insertion sort com:
Começando o insertion sort com:
Começando o insertion sort com: 707 707 707 707 707 707
Pivô escolhido: 719
Pivô escolhido: 712
Pivô escolhido: 710
Começando o insertion sort com: 709 709 709 709 709 709 709 709 709
Pivô escolhido: 711
Começando o insertion sort com:
Começando o insertion sort com:
Pivô escolhido: 713
Começando o insertion sort com:
Pivô escolhido: 716
Pivô escolhido: 715
Começando o insertion sort com: 714 714 714 714 714
Começando o insertion sort com:
Pivô escolhido: 718
Começando o insertion sort com: 717 717 717 717 717 717 717 717
Começando o insertion sort com:
Pivô escolhido: 821
Pivô escolhido: 776
Pivô escolhido: 754
Pivô escolhido: 753
Pivô escolhido: 731
Pivô escolhido: 722
Pivô escolhido: 721
Começando o insertion sort com: 720 720 720 720 720 720 720
Começando o insertion sort com:
Pivô escolhido: 729
Pivô escolhido: 724
Começando o insertion sort com: 723 723 723 723 723 723 723 723 723 723
Pivô escolhido: 726
Pivô escolhido: 725
Começando o insertion sort com:
Começando o insertion sort com:
Pivô escolhido: 727
Começando o insertion sort com:
Começando o insertion sort com: 728 728 728 728 728 728 728 728 728
Começando o insertion sort com: 730 730 730 730 730 730 730 730 730
Pivô escolhido: 738
Pivô escolhido: 737
Pivô escolhido: 732
Começando o insertion sort com:
Pivô escolhido: 736
Pivô escolhido: 733
Começando o insertion sort com:
Pivô escolhido: 734
Começando o insertion sort com:
Começando o insertion sort com: 735 735 735 735 735 735 735 735
Começando o insertion sort com:
Começando o insertion sort com:
Pivô escolhido: 752
Pivô escolhido: 739
Começando o insertion sort com:
Pivô escolhido: 740
Começando o insertion sort com:
Pivô escolhido: 751
Pivô escolhido: 741
Começando o insertion sort com:
Pivô escolhido: 745
Pivô escolhido: 742
Começando o insertion sort com:
Pivô escolhido: 744
Pivô escolhido: 743
Começando o insertion sort com:
Começando o insertion sort com:
Começando o insertion sort com:
Pivô escolhido: 746
Começando o insertion sort com:
Pivô escolhido: 749
Pivô escolhido: 748
Começando o insertion sort com: 747 747 747 747
Começando o insertion sort com:
Pivô escolhido: 750
Começando o insertion sort com:
Começando o insertion sort com:
Começando o insertion sort com:
Começando o insertion sort com:
Começando o insertion sort com:
Pivô escolhido: 771
Pivô escolhido: 762
Pivô escolhido: 760
Pivô escolhido: 759
Pivô escolhido: 755
Começando o insertion sort com:
Pivô escolhido: 757
Começando o insertion sort com: 756 756 756 756 756 756 756 756
Começando o insertion sort com: 758
Começando o insertion sort com:
Pivô escolhido: 761
Começando o insertion sort com:
Começando o insertion sort com:
Pivô escolhido: 763
Começando o insertion sort com:
Pivô escolhido: 770
Pivô escolhido: 766
Pivô escolhido: 765
Começando o insertion sort com: 764 764 764
Começando o insertion sort com:
Pivô escolhido: 769
Pivô escolhido: 767
Começando o insertion sort com:
Pivô escolhido: 768
Começando o insertion sort com:
Começando o insertion sort com:
Começando o insertion sort com:
Começando o insertion sort com:
Pivô escolhido: 775
Pivô escolhido: 773
Começando o insertion sort com: 772 772 772 772
Começando o insertion sort com: 774 774 774 774 774
Começando o insertion sort com:
Pivô escolhido: 787
Pivô escolhido: 785
Pivô escolhido: 779
Pivô escolhido: 777
Começando o insertion sort com:
Começando o insertion sort com: 778 778 778 778 778 778 778 778 778 778
Pivô escolhido: 780
Começando o insertion sort com:
Pivô escolhido: 784
Pivô escolhido: 783
Pivô escolhido: 781
Começando o insertion sort com:
Começando o insertion sort com: 782 782 782 782 782 782 782 782
Começando o insertion sort com:
Começando o insertion sort com:
Começando o insertion sort com: 786 786 786 786 786 786 786
Pivô escolhido: 800
Pivô escolhido: 793
Pivô escolhido: 789
Começando o insertion sort com: 788 788 788 788 788 788 788 788
Pivô escolhido: 792
Pivô escolhido: 791
Pivô escolhido: 790
Começando o insertion sort com:
Começando o insertion sort com:
Começando o insertion sort com:
Começando o insertion sort com:
Pivô escolhido: 794
Começando o insertion sort com:
Pivô escolhido: 798
Pivô escolhido: 795
Começando o insertion sort com:
Pivô escolhido: 797
Pivô escolhido: 796
Começando o insertion sort com:
Começando o insertion sort com:
Começando o insertion sort com:
Pivô escolhido: 799
Começando o insertion sort com:
Começando o insertion sort com:
Pivô escolhido: 819
Pivô escolhido: 804
Pivô escolhido: 802
Começando o insertion sort com: 801 801 801 801 801 801 801 801
Começando o insertion sort com: 803 803 803 803 803 803 803 803
Pivô escolhido: 816
Pivô escolhido: 811
Pivô escolhido: 808
Pivô escolhido: 807
Pivô escolhido: 806
Pivô escolhido: 805
Começando o insertion sort com:
Começando o insertion sort com:
Começando o insertion sort com:
Começando o insertion sort com:
Pivô escolhido: 810
Começando o insertion sort com: 809 809 809 809 809 809 809 809
Começando o insertion sort com:
Pivô escolhido: 813
Começando o insertion sort com: 812 812 812 812 812 812 812 812 812
Pivô escolhido: 814
Começando o insertion sort com:
Começando o insertion sort com: 815 815 815 815 815 815 815 815 815 815
Pivô escolhido: 817
Começando o insertion sort com:
Começando o insertion sort com: 818 818 818 818 818 818 818 818 818 818
Começando o insertion sort com: 820 820 820 820 820 820 820 820 820
Pivô escolhido: 856
Pivô escolhido: 847
Pivô escolhido: 842
Pivô escolhido: 826
Pivô escolhido: 824
Pivô escolhido: 822
Começando o insertion sort com:
Pivô escolhido: 823
Começando o insertion sort com:
Começando o insertion sort com:
Começando o insertion sort com: 825 825 825 825 825 825 825 825 825 825
Pivô escolhido: 827
Começando o insertion sort com:
Pivô escolhido: 830
Pivô escolhido: 828
Começando o insertion sort com:
Pivô escolhido: 829
Começando o insertion sort com:
Começando o insertion sort com:
Pivô escolhido: 834
Pivô escolhido: 831
Começando o insertion sort com:
Pivô escolhido: 833
Começando o insertion sort com: 832 832 832 832 832 832 832 832 832
Começando o insertion sort com:
Pivô escolhido: 839
Pivô escolhido: 836
Começando o insertion sort com: 835 835 835 835 835 835 835 835 835 835
Pivô escolhido: 838
Pivô escolhido: 837
Começando o insertion sort com:
Começando o insertion sort com:
Começando o insertion sort com:
Pivô escolhido: 841
Começando o insertion sort com: 840 840 840 840 840 840 840 840
Começando o insertion sort com:
Pivô escolhido: 846
Pivô escolhido: 844
Começando o insertion sort com: 843 843 843 843 843 843 843 843 843 843
Começando o insertion sort com: 845 845 845 845 845 845 845
Começando o insertion sort com:
Pivô escolhido: 849
Começando o insertion sort com: 848 848 848 848 848 848
Pivô escolhido: 854
Pivô escolhido: 852
Pivô escolhido: 850
Começando o insertion sort com:
Começando o insertion sort com: 851 851 851 851 851 851 851 851 851
Começando o insertion sort com: 853 853 853 853 853 853 853
Começando o insertion sort com: 855 855 855 855 855 855 855 855 855 855
Pivô escolhido: 858
Começando o insertion sort com: 857 857 857 857 857 857 857 857 857
Pivô escolhido: 860
Pivô escolhido: 859
Começando o insertion sort com:
Começando o insertion sort com:
Começando o insertion sort com: 861 861 861 861
Pivô escolhido: 897
Pivô escolhido: 866
Pivô escolhido: 865
Pivô escolhido: 863
Começando o insertion sort com:
Pivô escolhido: 864
Começando o insertion sort com:
Começando o insertion sort com:
Começando o insertion sort com:
Pivô escolhido: 892
Pivô escolhido: 868
Pivô escolhido: 867
Começando o insertion sort com:
Começando o insertion sort com:
Pivô escolhido: 883
Pivô escolhido: 877
Pivô escolhido: 876
Pivô escolhido: 869
Começando o insertion sort com:
Pivô escolhido: 873
Pivô escolhido: 872
Pivô escolhido: 871
Começando o insertion sort com: 870 870 870 870 870
Começando o insertion sort com:
Começando o insertion sort com:
Pivô escolhido: 874
Começando o insertion sort com:
Pivô escolhido: 875
Começando o insertion sort com:
Começando o insertion sort com:
Começando o insertion sort com:
Pivô escolhido: 882
Pivô escolhido: 881
Pivô escolhido: 880
Pivô escolhido: 878
Começando o insertion sort com:
Começando o insertion sort com: 879 879 879 879 879
Começando o insertion sort com:
Começando o insertion sort com:
Começando o insertion sort com:
Pivô escolhido: 885
Começando o insertion sort com: 884 884 884 884 884 884 884 884
Pivô escolhido: 889
Pivô escolhido: 888
Pivô escolhido: 887
Começando o insertion sort com: 886 886 886 886
Começando o insertion sort com:
Começando o insertion sort com:
Pivô escolhido: 890
Começando o insertion sort com:
Pivô escolhido: 891
Começando o insertion sort com:
Começando o insertion sort com:
Pivô escolhido: 893
Começando o insertion sort com:
Pivô escolhido: 896
Pivô escolhido: 895
Começando o insertion sort com: 894 894 894 894 894 894 894 894
Começando o insertion sort com:
Começando o insertion sort com:
Pivô escolhido: 947
Pivô escolhido: 898
Começando o insertion sort com:
Pivô escolhido: 938
Pivô escolhido: 937
Pivô escolhido: 908
Pivô escolhido: 900
Começando o insertion sort com: 899 899 899 899
Pivô escolhido: 906
Pivô escolhido: 904
Pivô escolhido: 901
Começando o insertion sort com:
Começando o insertion sort com: 902 902 902 903 903 903 902 903
Pivô escolhido: 905
Começando o insertion sort com:
Começando o insertion sort com:
Pivô escolhido: 907
Começando o insertion sort com:
Começando o insertion sort com:
Pivô escolhido: 909
Começando o insertion sort com:
Pivô escolhido: 932
Pivô escolhido: 927
Pivô escolhido: 922
Pivô escolhido: 911
Começando o insertion sort com: 910 910
Pivô escolhido: 921
Pivô escolhido: 919
Pivô escolhido: 912
Começando o insertion sort com:
Pivô escolhido: 914
Começando o insertion sort com: 913 913 913 913 913 913 913
Pivô escolhido: 916
Começando o insertion sort com: 915 915 915 915 915 915 915 915 915
Pivô escolhido: 918
Começando o insertion sort com: 917 917 917 917 917 917 917
Começando o insertion sort com:
Pivô escolhido: 920
Começando o insertion sort com:
Começando o insertion sort com:
Começando o insertion sort com:
Pivô escolhido: 925
Pivô escolhido: 924
Começando o insertion sort com: 923 923 923 923 923 923
Começando o insertion sort com:
Começando o insertion sort com: 926 926 926 926 926 926 926 926
Pivô escolhido: 928
Começando o insertion sort com:
Pivô escolhido: 931
Pivô escolhido: 929
Começando o insertion sort com:
Começando o insertion sort com: 930 930 930 930 930
Começando o insertion sort com:
Pivô escolhido: 934
Pivô escolhido: 933
Começando o insertion sort com:
Começando o insertion sort com:
Pivô escolhido: 935
Começando o insertion sort com:
Pivô escolhido: 936
Começando o insertion sort com:
Começando o insertion sort com:
Começando o insertion sort com:
Pivô escolhido: 940
Começando o insertion sort com: 939 939 939 939 939 939 939 939 939
Pivô escolhido: 943
Pivô escolhido: 941
Começando o insertion sort com:
Começando o insertion sort com: 942 942 942 942 942 942 942 942 942
Pivô escolhido: 946
Pivô escolhido: 944
Começando o insertion sort com:
Começando o insertion sort com: 945 945 945 945 945
Começando o insertion sort com:
Pivô escolhido: 964
Pivô escolhido: 959
Pivô escolhido: 953
Pivô escolhido: 950
Pivô escolhido: 949
Começando o insertion sort com: 948 948 948 948 948 948 948 948
Começando o insertion sort com:
Pivô escolhido: 951
Começando o insertion sort com:
Pivô escolhido: 952
Começando o insertion sort com:
Começando o insertion sort com:
Pivô escolhido: 957
Pivô escolhido: 955
Começando o insertion sort com: 954 954 954 954 954 954 954 954 954
Começando o insertion sort com: 956 956 956 956 956 956
Pivô escolhido: 958
Começando o insertion sort com:
Começando o insertion sort com:
Pivô escolhido: 961
Começando o insertion sort com: 960 960 960 960 960 960 960 960 960
Pivô escolhido: 962
Começando o insertion sort com:
Pivô escolhido: 963
Começando o insertion sort com:
Começando o insertion sort com:
Pivô escolhido: 991
Pivô escolhido: 967
Pivô escolhido: 966
Pivô escolhido: 965
Começando o insertion sort com:
Começando o insertion sort com:
Começando o insertion sort com:
Pivô escolhido: 980
Pivô escolhido: 975
Pivô escolhido: 968
Começando o insertion sort com:
Pivô escolhido: 973
Pivô escolhido: 972
Pivô escolhido: 970
Começando o insertion sort com: 969 969 969 969 969 969
Começando o insertion sort com: 971 971 971 971 971 971 971 971 971
Começando o insertion sort com:
Começando o insertion sort com: 974 974 974 974
Pivô escolhido: 978
Pivô escolhido: 977
Pivô escolhido: 976
Começando o insertion sort com:
Começando o insertion sort com:
Começando o insertion sort com:
Começando o insertion sort com: 979 979 979 979 979 979 979
Pivô escolhido: 985
Pivô escolhido: 984
Pivô escolhido: 983
Pivô escolhido: 982
Pivô escolhido: 981
Começando o insertion sort com:
Começando o insertion sort com:
Começando o insertion sort com:
Começando o insertion sort com:
Começando o insertion sort com:
Pivô escolhido: 990
Pivô escolhido: 989
Pivô escolhido: 987
Começando o insertion sort com: 986 986 986 986
Começando o insertion sort com: 988 988 988 988 988 988 988 988
Começando o insertion sort com:
Começando o insertion sort com:
Pivô escolhido: 995
Pivô escolhido: 993
Começando o insertion sort com: 992 992 992 992 992 992
Começando o insertion sort com: 994 994 994 994 994 994 994 994
Pivô escolhido: 1000
Pivô escolhido: 996
Começando o insertion sort com:
Pivô escolhido: 998
Começando o insertion sort com: 997 997 997 997 997 997 997 997
Pivô escolhido: 999
Começando o insertion sort com:
Começando o insertion sort com:
Começando o insertion sort com:
0
0
0
0
0
0
0
0
0
0
0
0
0
1
1
1
1
1
1
1
1
1
1
1
1
2
2
2
2
2
2
2
2
2
2
3
3
3
3
3
3
4
4
4
4
4
4
4
4
5
5
5
5
5
5
5
5
5
6
6
6
6
6
6
6
6
6
6
6
7
7
7
7
7
7
7
7
8
8
8
8
8
8
8
8
8
8
8
8
8
8
8
8
8
8
8
9
9
9
9
9
9
9
9
9
9
9
10
10
10
11
11
11
11
11
11
11
11
11
11
11
11
11
11
12
12
12
12
12
12
12
12
12
12
12
12
12
13
13
13
13
13
13
13
13
13
13
13
13
13
13
13
13
14
14
14
14
14
14
14
14
14
14
14
14
14
14
15
15
15
15
16
16
16
16
16
16
16
16
16
16
16
16
16
16
16
16
16
17
17
17
17
17
17
17
18
18
18
18
18
18
18
18
19
19
19
19
19
19
20
20
20
20
20
20
20
20
20
21
21
21
21
21
21
21
21
21
21
22
22
22
22
22
22
22
22
23
23
23
23
23
23
23
23
23
24
24
24
24
24
24
24
24
24
24
25
25
25
25
25
25
25
25
25
26
26
26
26
26
26
26
26
26
26
27
27
27
27
27
27
27
27
27
27
27
28
28
28
28
28
28
28
29
29
29
29
29
29
29
29
29
29
29
29
29
29
29
30
30
30
30
30
30
30
30
30
30
30
30
30
30
31
31
31
31
31
31
31
32
32
32
32
32
32
32
32
32
32
32
32
32
33
33
33
33
33
34
34
34
34
34
34
34
35
35
35
35
35
35
35
35
35
35
36
36
36
36
36
36
36
36
36
36
36
36
36
37
37
37
37
37
37
38
38
38
38
38
38
38
38
38
39
39
39
39
39
39
39
39
39
39
39
39
40
40
40
40
40
40
40
40
40
40
40
41
41
41
41
41
41
41
41
42
42
42
42
42
42
42
43
43
43
43
43
43
43
43
43
43
43
43
43
43
43
44
44
44
44
44
44
44
44
44
44
44
44
44
44
44
44
44
44
45
45
45
45
45
45
45
45
45
45
45
45
45
46
46
46
46
46
46
46
46
46
47
47
47
47
47
47
47
48
48
48
48
48
48
48
48
48
48
48
48
48
48
49
49
49
49
49
49
49
49
49
49
49
49
50
50
50
50
50
51
51
51
51
51
51
51
51
51
51
51
51
52
52
52
52
52
52
52
52
52
52
52
52
52
53
53
53
53
53
53
53
53
53
53
54
54
54
54
54
54
54
54
54
54
54
54
54
54
54
54
54
54
55
55
55
55
55
55
55
55
55
55
55
55
56
56
56
56
56
56
56
56
57
57
57
57
57
57
57
57
58
58
58
58
58
58
58
58
58
59
59
59
59
59
59
59
59
59
60
60
60
60
60
60
60
60
61
61
61
61
61
61
62
62
62
62
62
62
62
62
63
63
63
63
63
63
63
63
63
63
63
63
63
63
63
63
63
63
63
64
64
64
64
64
64
64
64
64
64
64
64
65
65
65
65
65
65
65
65
65
66
66
66
66
66
66
66
66
67
67
67
67
67
67
68
68
68
68
68
68
68
68
68
68
69
69
69
69
69
70
70
70
70
70
70
70
70
70
70
70
70
70
70
70
71
71
71
71
71
71
72
72
72
72
72
72
72
72
72
72
72
72
72
72
72
72
73
73
73
73
73
73
73
73
73
73
73
73
73
74
74
74
74
74
74
74
74
75
75
75
75
75
75
75
75
75
75
75
76
76
76
76
76
76
76
76
76
76
77
77
77
77
77
77
77
77
77
77
77
77
77
77
77
78
78
78
78
78
78
78
78
78
78
78
79
79
79
79
79
79
79
79
79
79
79
79
80
80
80
80
80
80
80
80
80
80
80
81
81
81
81
81
81
81
81
81
81
81
82
82
82
82
82
82
82
82
82
82
82
83
83
83
83
83
83
83
83
83
83
83
83
84
84
84
84
84
84
84
84
84
84
84
84
85
85
85
85
85
85
85
85
86
86
86
86
86
86
86
86
87
87
87
87
87
87
87
87
87
87
87
87
87
87
87
88
88
88
88
88
88
88
88
88
88
88
88
88
88
89
89
89
89
89
89
89
89
89
90
90
90
90
90
90
90
90
90
90
90
90
91
91
91
91
91
91
91
91
91
92
92
92
92
92
92
92
92
92
92
92
92
92
93
93
93
93
93
93
94
94
94
94
94
94
94
94
94
94
94
94
95
95
95
95
95
95
95
95
96
96
96
96
96
96
96
96
96
97
97
97
97
97
97
97
97
97
97
98
98
98
98
98
98
98
98
98
98
98
99
99
99
99
99
99
99
99
99
100
100
100
100
100
100
100
100
100
101
101
101
101
101
101
101
101
101
102
102
102
102
102
102
102
102
102
102
102
103
103
103
103
103
103
103
103
103
103
104
104
104
104
104
104
104
104
104
105
105
105
105
105
105
105
105
106
106
106
106
106
106
106
106
106
107
107
107
107
107
107
107
107
107
108
108
108
108
108
108
109
109
109
109
109
109
109
109
109
109
109
109
109
109
110
110
110
110
110
110
110
110
110
111
111
111
111
111
111
111
112
112
112
112
112
113
113
113
113
113
113
113
114
114
114
114
114
114
114
114
114
114
115
115
115
115
115
115
115
115
115
116
116
116
116
116
116
116
116
116
117
117
117
117
117
117
117
117
117
117
117
118
118
118
118
118
118
118
118
119
119
119
119
120
120
120
120
120
120
120
120
120
121
121
121
121
121
121
121
121
121
121
121
121
121
122
122
122
122
122
122
122
123
123
123
123
123
123
123
123
123
123
123
123
124
124
124
124
124
124
124
125
125
125
125
125
126
126
126
126
126
126
126
126
126
126
127
127
127
127
127
127
127
127
127
128
128
128
128
128
128
128
128
128
128
128
128
129
129
129
129
129
129
129
130
130
130
130
130
130
130
130
130
130
130
130
130
131
131
131
131
131
131
131
131
131
131
132
132
132
132
132
132
132
132
132
132
132
132
133
133
133
133
133
133
133
133
133
134
134
134
134
134
134
134
135
135
135
135
135
135
135
135
136
136
136
136
136
136
136
136
136
137
137
137
137
137
137
137
137
137
137
137
137
138
138
138
138
138
138
139
139
139
139
139
139
139
139
139
139
139
139
140
140
140
140
140
140
140
140
140
141
141
141
141
141
141
141
141
142
142
142
142
142
142
142
142
142
142
142
143
143
143
143
143
143
143
143
143
143
143
144
144
144
144
144
144
144
145
145
145
145
145
145
145
145
145
146
146
146
146
146
146
146
146
146
146
146
147
147
147
147
147
147
147
147
147
147
147
147
148
148
148
148
148
148
148
148
149
149
149
149
149
149
150
150
150
150
150
150
150
150
150
150
150
150
151
151
151
151
151
151
151
151
151
151
152
152
152
152
152
152
152
152
152
152
152
153
153
153
153
153
153
153
153
153
153
154
154
154
154
154
154
154
154
154
154
154
154
155
155
155
155
155
155
155
155
155
155
155
155
156
156
156
156
156
156
156
157
157
157
157
157
157
157
157
157
157
157
157
157
157
157
157
157
158
158
158
158
158
158
158
158
158
158
158
158
158
158
159
159
159
159
159
159
159
160
160
160
160
160
160
160
160
160
160
160
161
161
161
161
161
161
161
161
161
161
162
162
162
162
162
162
162
162
162
162
162
162
162
162
163
163
163
163
163
163
163
163
164
164
164
164
164
164
164
164
164
165
165
165
165
165
165
165
166
166
166
166
166
166
167
167
167
167
167
167
167
167
167
167
167
167
167
167
167
168
168
168
168
168
168
168
168
168
168
168
168
169
169
169
169
169
169
170
170
170
170
170
170
170
170
170
170
170
170
171
171
171
171
171
171
171
171
171
171
171
172
172
172
172
172
172
172
172
172
173
173
173
173
173
173
173
173
173
174
174
174
174
174
174
174
174
174
174
174
175
175
175
175
175
175
175
175
175
175
175
175
175
175
175
176
176
176
176
176
176
176
176
176
177
177
177
177
177
178
178
178
178
178
178
179
179
179
179
179
179
179
179
179
179
180
180
180
180
180
180
180
180
180
180
180
180
181
181
181
181
181
181
181
181
181
182
182
182
182
182
182
182
182
182
182
182
183
183
183
183
183
183
183
183
183
183
183
183
184
184
184
184
184
184
184
184
184
184
184
184
185
185
185
185
185
185
185
185
185
185
185
185
185
186
186
186
186
186
186
186
186
186
186
186
187
187
187
187
187
187
187
187
188
188
188
188
188
188
188
188
188
188
188
188
188
188
188
189
189
189
189
189
189
189
189
189
189
189
189
190
190
190
190
190
190
190
190
190
190
191
191
191
191
191
191
191
191
191
191
191
192
192
192
192
192
192
192
192
192
192
192
193
193
193
193
193
193
193
193
193
193
194
194
194
194
194
194
194
194
194
194
195
195
195
195
195
195
195
195
196
196
196
196
196
196
196
196
197
197
197
197
197
197
197
197
197
198
198
198
198
198
199
199
199
199
199
199
199
199
199
199
200
200
200
200
200
200
200
200
200
200
201
201
201
201
201
201
201
201
201
202
202
202
202
202
202
202
202
202
202
202
202
202
202
202
202
202
203
203
203
203
203
203
203
204
204
204
204
204
204
204
204
204
204
204
204
204
205
205
205
205
205
205
205
205
205
205
205
206
206
206
206
206
206
206
206
206
206
207
207
207
207
207
207
207
207
207
207
207
208
208
208
208
209
209
209
209
209
210
210
210
210
210
210
210
210
210
210
210
210
210
210
210
211
211
211
211
211
211
211
211
211
211
211
212
212
212
212
212
212
212
212
212
212
212
212
213
213
213
213
213
213
213
213
213
213
214
214
214
214
214
214
214
214
214
214
214
214
214
214
215
215
215
215
215
215
215
215
215
215
215
215
215
215
215
215
216
216
216
216
216
216
216
216
216
216
216
216
216
216
216
217
217
217
217
217
217
217
217
217
217
218
218
218
218
218
218
218
218
218
218
219
219
219
219
219
219
219
219
219
219
219
220
220
220
220
220
220
220
220
220
221
221
221
221
221
222
222
222
222
222
222
222
222
222
222
222
223
223
223
223
223
223
223
223
223
223
223
223
223
223
224
224
224
224
224
224
225
225
225
225
225
225
225
225
225
225
225
226
226
226
226
226
226
226
226
226
226
226
226
226
226
226
227
227
227
227
227
227
227
227
228
228
228
228
228
228
228
228
228
229
229
229
229
229
229
229
229
229
229
229
229
229
229
229
230
230
230
230
230
230
230
230
230
231
231
231
231
231
231
231
231
231
231
231
231
231
232
232
232
232
232
232
232
232
232
232
233
233
233
233
233
233
233
233
233
233
233
233
233
233
234
234
234
234
234
234
234
234
234
234
234
235
235
235
235
235
235
235
235
235
235
236
236
236
236
236
236
236
236
236
236
236
236
236
236
237
237
237
237
237
237
237
237
237
237
237
238
238
238
238
238
238
238
239
239
239
239
239
239
239
239
239
239
239
239
239
239
239
240
240
240
240
240
240
240
240
240
240
240
240
241
241
241
241
241
241
241
241
241
241
242
242
242
242
242
243
243
243
243
243
243
243
243
243
243
243
243
243
243
243
244
244
244
244
244
244
244
244
244
244
244
244
244
244
245
245
245
245
245
245
245
245
245
245
246
246
246
246
246
246
246
247
247
247
247
247
247
247
247
247
247
247
248
248
248
248
248
248
248
249
249
249
249
249
249
249
249
250
250
250
250
250
250
250
250
250
250
250
250
251
251
251
251
251
251
251
252
252
252
252
252
252
252
252
252
252
252
252
253
253
253
253
253
253
253
253
253
253
254
254
254
254
254
254
254
254
254
254
254
254
254
254
254
255
255
255
255
255
255
256
256
256
256
256
256
256
256
256
256
257
257
257
257
257
257
257
257
257
258
258
258
258
258
258
258
258
258
258
259
259
259
259
259
259
259
259
260
260
260
260
261
261
261
261
261
261
261
261
261
261
261
262
262
262
262
262
262
262
262
262
262
262
263
263
263
263
263
263
263
263
263
263
263
264
264
264
264
264
264
264
264
265
265
265
265
265
265
265
265
265
266
266
266
266
266
267
267
267
267
267
267
267
267
267
267
267
267
267
267
267
268
268
268
268
268
268
268
268
268
269
269
269
269
269
269
269
269
269
270
270
270
270
270
270
270
270
270
270
270
270
270
271
271
271
271
271
271
271
271
271
271
271
271
271
272
272
272
272
272
272
273
273
273
273
273
273
273
273
273
273
274
274
274
274
274
274
274
274
274
274
274
274
274
275
275
275
275
276
276
276
276
276
276
276
276
276
276
276
276
276
276
276
276
276
276
276
277
277
277
277
277
277
277
277
277
277
277
278
278
278
278
278
278
278
278
278
278
278
279
279
279
279
279
279
279
279
280
280
280
280
281
281
281
281
281
281
281
281
281
281
281
281
281
281
281
281
282
282
282
282
282
282
282
282
282
282
282
283
283
283
283
283
283
283
283
283
283
284
284
284
284
284
284
284
285
285
285
285
285
285
285
285
286
286
286
286
286
286
286
286
286
286
286
286
286
286
286
286
287
287
287
287
287
287
287
288
288
288
288
288
288
288
288
288
288
288
288
289
289
289
289
289
289
289
290
290
290
290
290
290
290
291
291
291
291
291
291
291
291
292
292
292
292
292
292
292
292
292
293
293
293
293
293
293
293
293
293
293
294
294
294
294
294
294
294
295
295
295
295
295
295
296
296
296
296
296
297
297
297
297
297
297
298
298
298
298
298
298
298
298
298
298
298
299
299
299
299
299
299
299
299
299
299
299
299
299
299
300
300
300
300
300
301
301
301
301
301
301
301
301
301
301
301
302
302
302
302
302
302
302
302
302
302
302
303
303
303
303
303
303
303
304
304
304
304
304
304
304
304
304
304
304
304
304
305
305
305
305
305
305
305
305
305
305
306
306
306
306
306
306
306
306
306
307
307
307
307
307
307
307
307
307
308
308
308
308
308
308
308
309
309
309
309
309
309
309
309
309
309
310
310
310
310
310
310
310
310
310
310
311
311
311
311
311
312
312
312
312
312
313
313
313
313
313
313
313
313
313
313
313
313
313
314
314
314
314
314
314
314
314
314
314
314
314
314
314
314
314
315
315
315
315
315
315
316
316
316
316
316
316
316
317
317
317
317
317
317
317
317
317
317
318
318
318
318
318
318
318
318
318
318
319
319
319
319
319
319
319
319
319
319
319
319
319
319
319
319
319
319
319
320
320
320
320
320
320
320
320
320
320
320
320
320
320
321
321
321
321
321
321
321
321
321
321
321
321
321
321
321
322
322
322
322
322
322
322
322
322
322
322
323
323
323
323
323
323
323
323
323
324
324
324
324
324
324
324
324
325
325
325
325
325
326
326
326
326
326
326
326
326
327
327
327
327
327
328
328
328
328
328
328
328
328
328
328
328
328
328
328
329
329
329
329
329
329
330
330
330
330
330
330
330
331
331
331
331
331
331
331
331
331
331
332
332
332
332
332
332
332
332
333
333
333
333
333
333
333
333
334
334
334
334
334
334
334
334
334
334
334
334
335
335
335
335
335
335
335
335
335
335
335
335
336
336
336
336
336
336
336
336
336
336
336
336
336
336
336
336
336
337
337
337
337
337
337
337
337
337
337
337
337
337
337
337
338
338
338
338
338
338
338
339
339
339
339
339
339
339
339
339
339
340
340
340
340
340
340
340
340
340
340
340
340
341
341
341
341
341
341
341
341
341
341
342
342
342
342
342
342
342
342
342
343
343
343
343
343
343
343
343
343
343
343
344
344
344
344
344
344
344
344
344
344
344
344
344
345
345
345
345
345
345
345
345
345
345
345
346
346
346
346
346
346
346
346
346
346
347
347
347
347
347
347
347
347
347
348
348
348
348
348
348
348
348
348
348
349
349
349
349
349
349
349
349
349
349
350
350
350
350
350
350
350
350
350
350
350
351
351
351
351
351
351
351
351
351
351
352
352
352
352
352
352
352
352
352
352
352
353
353
353
353
353
353
354
354
354
354
354
354
354
354
354
355
355
355
355
355
355
355
355
355
356
356
356
356
356
356
357
357
357
357
357
357
357
357
358
358
358
358
358
358
358
358
358
358
358
358
358
358
358
358
358
358
358
358
359
359
359
359
359
359
359
359
359
359
359
359
359
359
360
360
360
360
360
360
360
360
360
360
360
360
360
360
360
361
361
361
361
361
361
361
361
361
361
361
361
361
362
362
362
362
362
362
362
362
362
363
363
363
363
363
363
363
363
363
363
363
363
363
364
364
364
364
364
364
364
364
364
364
364
365
365
365
365
365
365
365
365
365
365
365
366
366
366
366
366
366
366
366
366
366
366
367
367
367
367
367
367
367
367
368
368
368
368
368
368
368
368
368
369
369
369
369
369
369
369
369
369
370
370
370
370
371
371
371
371
371
371
371
371
371
371
371
371
371
371
372
372
372
372
372
372
373
373
373
373
373
374
374
374
374
374
374
374
374
374
374
375
375
375
375
375
375
375
375
375
375
375
375
375
376
376
376
376
376
376
376
376
376
376
376
376
376
376
376
376
377
377
377
377
377
377
377
377
377
377
377
377
378
378
378
378
378
378
378
379
379
379
379
379
379
379
379
379
379
379
379
379
379
379
380
380
380
380
380
380
380
380
380
380
380
380
380
381
381
381
381
381
381
381
381
381
381
382
382
382
382
382
382
382
383
383
383
383
383
383
383
384
384
384
384
384
384
384
384
384
384
384
384
384
384
384
384
385
385
385
385
385
385
385
385
385
386
386
386
386
386
386
386
386
387
387
387
387
387
387
387
387
388
388
388
388
388
388
388
388
388
388
388
388
389
389
389
389
389
389
389
389
389
389
389
389
390
390
390
390
390
390
390
390
390
390
390
391
391
391
391
391
391
391
391
392
392
392
392
392
392
393
393
393
393
393
393
393
393
393
393
394
394
394
394
394
394
394
394
394
394
395
395
395
395
395
395
395
395
395
396
396
396
396
396
396
396
396
396
396
397
397
397
397
397
397
397
397
397
397
397
397
397
398
398
398
398
398
398
398
399
399
399
399
399
400
400
400
400
400
400
400
400
400
400
401
401
401
401
401
401
402
402
402
402
402
402
402
402
403
403
403
403
403
403
404
404
404
404
404
404
405
405
405
405
405
405
405
405
405
405
405
405
405
406
406
406
406
406
406
406
406
406
407
407
407
407
407
407
407
407
407
407
407
407
407
407
407
408
408
408
408
408
408
408
408
408
408
408
408
408
409
409
409
409
409
409
409
409
409
409
409
409
409
409
410
410
410
410
410
410
410
410
410
410
410
410
410
410
410
411
411
411
411
411
411
411
411
411
411
411
411
411
411
411
411
411
412
412
412
412
412
412
412
412
412
412
412
413
413
413
413
414
414
414
414
414
414
414
414
415
415
415
415
415
416
416
416
416
416
416
416
416
416
416
416
416
417
417
417
417
417
417
417
417
417
417
417
418
418
418
418
418
418
418
418
418
418
418
419
419
419
419
419
419
419
419
419
419
420
420
420
420
420
420
420
420
420
420
420
420
421
421
421
421
421
421
421
421
421
421
421
421
421
422
422
422
422
422
422
422
422
422
422
422
422
422
423
423
423
423
423
423
423
423
423
423
423
424
424
424
424
424
424
424
424
424
425
425
425
425
425
425
425
425
426
426
426
426
426
426
426
426
426
426
427
427
427
427
427
427
427
427
427
427
427
427
427
428
428
428
428
428
428
428
428
428
428
429
429
429
429
429
429
429
429
429
430
430
430
430
430
430
430
430
430
431
431
431
431
431
431
431
431
431
431
432
432
432
432
432
432
432
432
433
433
433
433
433
433
433
433
433
433
433
433
433
433
433
433
433
434
434
434
434
434
434
435
435
435
435
435
435
435
435
435
435
435
436
436
436
436
436
436
436
436
436
436
436
436
437
437
437
437
437
437
437
438
438
438
438
438
438
438
438
438
438
439
439
439
439
439
440
440
440
440
440
440
440
440
440
440
440
440
440
440
440
440
440
441
441
441
441
441
441
441
442
442
442
442
442
442
442
442
442
443
443
443
443
443
443
443
443
443
444
444
444
444
444
444
444
444
444
444
444
444
445
445
445
445
445
445
445
445
445
445
446
446
446
446
446
446
446
447
447
447
447
447
447
447
447
448
448
448
448
448
448
448
449
449
449
449
449
449
449
449
449
449
449
449
449
449
449
449
449
449
450
450
450
450
450
450
451
451
451
451
451
451
451
451
451
451
451
451
451
451
451
452
452
452
452
452
452
452
453
453
453
453
453
453
453
453
453
453
453
453
453
454
454
454
454
454
454
454
454
454
454
455
455
455
455
455
455
455
456
456
456
456
456
456
457
457
457
457
457
457
457
457
457
457
457
457
458
458
458
458
459
459
459
459
459
459
459
459
459
459
459
459
459
459
459
459
459
459
460
460
460
460
460
460
460
460
460
460
460
461
461
461
461
461
461
461
461
461
461
461
461
461
461
461
461
462
462
462
462
462
462
462
462
462
462
462
462
463
463
463
463
463
463
463
463
463
463
463
463
464
464
464
464
464
464
464
464
464
464
464
464
464
465
465
465
465
465
465
466
466
466
466
467
467
467
467
467
468
468
468
468
468
468
468
468
468
468
468
468
469
469
469
469
469
469
469
469
469
469
469
470
470
470
470
470
470
470
470
470
470
470
470
470
471
471
471
471
471
471
471
471
471
471
471
471
471
471
471
472
472
472
472
472
472
472
472
473
473
473
473
473
473
473
473
473
473
474
474
474
474
474
474
474
474
474
474
474
474
475
475
475
475
475
475
475
475
475
475
475
475
475
475
475
475
475
475
475
475
475
476
476
476
476
476
476
476
476
476
476
477
477
477
477
477
477
477
477
477
477
477
477
477
478
478
478
478
478
478
478
478
478
478
478
479
479
479
479
479
479
479
479
479
479
479
479
479
480
480
480
480
480
480
480
480
480
481
481
481
481
481
481
481
481
482
482
482
482
482
482
483
483
483
483
483
483
483
483
484
484
484
484
484
484
484
484
485
485
485
485
485
485
485
485
485
485
485
485
485
485
485
486
486
486
486
486
486
486
486
486
486
487
487
487
487
487
487
487
488
488
488
488
488
488
489
489
489
489
489
489
489
489
489
489
489
489
489
489
489
489
489
490
490
490
490
490
490
490
490
490
490
490
490
491
491
491
491
491
491
491
491
491
491
491
491
492
492
492
492
492
492
492
492
492
493
493
493
493
493
493
493
493
493
493
493
493
493
494
494
494
494
494
494
494
494
494
494
494
494
495
495
495
495
495
495
495
495
496
496
496
496
496
496
496
497
497
497
497
497
497
497
497
497
498
498
498
498
498
498
498
498
498
498
498
499
499
499
499
499
499
499
499
499
500
500
500
500
500
500
500
500
500
500
500
501
501
501
501
501
501
501
501
501
502
502
502
502
502
502
502
502
502
502
502
502
502
502
503
503
503
503
503
503
503
503
503
504
504
504
504
504
504
504
504
505
505
505
505
505
505
505
505
506
506
506
506
506
506
506
506
506
506
506
507
507
507
507
507
508
508
508
508
508
508
508
508
508
509
509
509
509
509
509
509
509
509
509
509
509
509
509
509
510
510
510
510
510
510
510
510
510
510
510
510
511
511
511
511
511
511
511
512
512
512
512
512
512
512
513
513
513
513
513
513
513
513
513
513
513
514
514
514
514
514
514
514
514
515
515
515
515
515
515
515
515
516
516
516
516
516
516
516
516
516
516
517
517
517
517
517
517
517
517
517
517
517
517
518
518
518
518
518
518
519
519
519
519
519
519
519
519
520
520
520
520
520
520
520
520
520
520
520
520
520
521
521
521
521
521
521
521
521
522
522
522
522
522
522
522
522
522
522
522
522
522
522
522
523
523
523
523
523
523
523
523
523
523
523
524
524
524
524
524
524
524
524
524
525
525
525
525
525
525
525
525
525
526
526
526
526
526
526
526
526
526
526
526
526
527
527
527
527
527
527
528
528
528
528
528
528
528
528
528
528
528
528
528
529
529
529
529
529
529
529
530
530
530
530
530
530
530
530
531
531
531
531
531
531
531
531
531
531
531
532
532
532
532
532
532
532
532
533
533
533
533
533
534
534
534
534
534
534
534
534
534
534
535
535
535
535
535
535
535
535
535
535
535
535
535
535
535
536
536
536
536
536
536
536
536
536
537
537
537
537
537
537
537
538
538
538
538
538
538
538
538
538
538
538
538
538
539
539
539
539
539
539
539
539
539
539
539
539
540
540
540
540
540
540
540
540
540
540
540
540
540
540
540
540
541
541
541
541
541
541
541
541
541
541
541
542
542
542
542
542
542
542
542
542
543
543
543
543
543
543
543
543
543
544
544
544
544
544
544
544
544
544
545
545
545
545
545
545
545
545
545
545
545
545
545
545
546
546
546
546
546
546
546
546
546
546
546
546
546
546
547
547
547
547
547
547
547
547
548
548
548
548
548
548
548
548
548
549
549
549
549
549
549
549
549
549
549
549
549
549
550
550
550
550
550
550
550
550
551
551
551
551
551
551
551
551
551
551
551
551
551
551
552
552
552
552
552
552
552
552
553
553
553
553
553
554
554
554
554
554
554
554
554
554
554
555
555
555
555
555
555
555
555
555
555
555
555
555
556
556
556
556
556
556
556
557
557
557
557
557
557
557
557
557
557
557
557
557
558
558
558
558
558
558
558
558
558
559
559
559
559
559
559
559
559
559
559
559
559
559
560
560
560
560
560
560
560
561
561
561
561
561
561
562
562
562
562
562
562
562
563
563
563
563
563
563
563
564
564
564
564
564
564
564
564
565
565
565
565
565
565
565
565
565
565
565
565
566
566
566
566
566
566
566
566
566
566
566
567
567
567
567
567
567
567
567
567
567
567
568
568
568
568
568
568
568
568
569
569
569
569
569
569
570
570
570
570
570
570
570
570
571
571
571
571
571
571
571
571
571
571
571
572
572
572
572
572
572
572
572
572
572
572
572
573
573
573
573
574
574
574
574
574
574
574
574
574
574
574
574
575
575
575
575
575
575
575
575
575
576
576
576
576
576
576
576
576
577
577
577
577
577
577
578
578
578
578
578
578
578
578
578
578
578
579
579
579
579
579
579
579
579
579
579
579
579
579
580
580
580
580
580
580
580
580
580
581
581
581
581
581
581
581
581
582
582
582
582
582
582
582
582
582
582
582
582
583
583
583
583
583
583
584
584
584
584
584
584
584
584
585
585
585
585
585
585
585
585
585
586
586
586
586
586
586
586
586
586
586
587
587
587
587
587
587
587
587
587
587
587
588
588
588
588
588
588
588
588
588
588
589
589
589
589
589
589
589
589
589
590
590
590
590
590
590
590
590
590
590
590
590
591
591
591
591
591
591
591
591
591
591
591
591
591
591
591
591
592
592
592
592
592
592
592
592
592
592
592
592
592
593
593
593
593
593
593
593
594
594
594
594
594
594
594
594
595
595
595
595
595
595
595
595
595
595
595
595
595
595
595
595
596
596
596
596
596
596
596
597
597
597
597
597
597
597
597
597
597
597
598
598
598
598
598
598
598
598
598
598
598
599
599
599
599
599
599
599
599
599
600
600
600
600
600
600
600
600
600
601
601
601
601
601
601
601
601
601
601
601
601
601
601
601
601
601
601
602
602
602
602
602
602
602
602
602
603
603
603
603
603
603
603
603
603
603
603
603
604
604
604
604
604
604
604
604
604
604
604
604
604
604
605
605
605
605
605
605
605
605
605
606
606
606
606
606
606
606
606
606
607
607
607
607
607
607
607
607
607
607
608
608
608
608
608
608
608
608
608
608
609
609
609
609
609
609
609
609
609
609
609
610
610
610
610
611
611
611
611
611
611
611
611
611
611
611
611
612
612
612
612
612
612
612
612
612
612
613
613
613
613
613
613
613
613
613
613
613
614
614
614
614
614
614
614
615
615
615
615
615
615
615
615
615
616
616
616
616
616
616
616
616
616
616
616
617
617
617
617
617
617
617
617
617
617
618
618
618
618
618
618
618
618
618
618
619
619
619
619
619
619
619
619
619
619
619
619
619
620
620
620
620
620
620
620
621
621
621
621
621
621
621
621
621
621
621
621
622
622
622
622
622
622
622
622
622
622
622
622
622
623
623
623
623
623
623
623
623
623
623
623
623
624
624
624
624
624
624
624
624
625
625
625
625
625
625
625
626
626
626
626
626
626
626
626
626
626
627
627
627
627
627
627
627
627
628
628
628
628
628
628
628
628
628
629
629
629
629
629
629
629
629
629
629
630
630
630
630
630
630
630
630
630
631
631
631
631
631
631
631
631
631
632
632
632
632
632
632
632
633
633
633
633
633
633
633
633
633
633
633
634
634
634
634
634
634
634
634
634
634
634
634
634
635
635
635
635
635
635
635
635
635
635
635
636
636
636
636
636
636
636
636
636
636
637
637
637
637
637
637
637
637
637
637
637
637
638
638
638
638
638
639
639
639
639
639
639
639
639
639
639
639
640
640
640
640
640
640
640
641
641
641
641
641
641
641
641
641
641
642
642
642
642
642
642
642
642
643
643
643
643
643
643
643
643
643
643
644
644
644
644
644
644
644
644
644
644
644
645
645
645
645
645
645
645
645
645
646
646
646
646
646
646
647
647
647
647
647
647
647
647
647
647
648
648
648
648
648
648
648
648
648
648
648
648
648
648
648
648
649
649
649
649
649
649
649
649
649
649
649
649
650
650
650
650
650
650
650
650
650
650
650
651
651
651
651
651
651
651
651
651
652
652
652
652
652
652
652
652
653
653
653
653
653
653
653
653
654
654
654
654
654
654
654
654
654
655
655
655
655
655
655
655
656
657
657
657
657
657
657
657
657
658
658
658
658
658
658
658
658
658
658
658
658
659
659
659
659
659
659
659
659
659
659
660
660
660
660
660
660
660
660
660
660
660
660
660
660
661
661
661
661
661
661
661
661
661
662
662
662
662
662
662
662
663
663
663
663
663
663
663
663
663
664
664
664
664
664
664
665
665
665
665
665
665
665
665
665
666
666
666
666
666
666
666
666
666
666
667
667
667
667
667
667
667
667
667
668
668
668
668
668
668
668
668
668
668
668
669
669
669
669
670
670
670
670
670
670
670
670
670
671
671
671
671
671
671
671
671
672
672
672
672
672
672
672
672
672
672
673
673
673
673
673
673
673
673
673
674
674
674
674
674
674
674
674
675
675
675
675
675
675
676
676
676
676
676
676
676
676
677
677
677
677
677
677
677
677
678
678
678
678
678
678
678
678
678
678
679
679
679
679
679
679
679
680
680
680
680
680
680
680
680
680
681
681
681
681
681
681
681
681
681
682
682
682
682
682
682
682
683
683
683
683
683
684
684
684
684
684
684
684
684
684
684
684
684
685
685
685
685
685
685
685
685
685
685
685
686
686
686
686
686
686
687
687
687
687
687
687
687
687
687
687
687
688
688
688
688
688
688
688
688
688
688
688
688
688
688
689
689
689
689
689
689
689
689
689
689
689
689
689
689
689
690
690
690
690
691
691
691
691
691
691
692
692
692
692
692
692
692
692
692
693
693
693
693
693
693
693
693
693
693
694
694
694
694
694
694
694
694
694
695
695
695
695
695
695
695
695
695
696
696
696
696
696
696
696
696
696
696
696
697
697
697
697
697
697
697
697
697
697
698
698
698
698
698
698
698
698
698
698
698
698
698
699
699
699
699
699
699
699
699
699
699
700
700
700
700
701
701
701
701
701
701
701
702
702
702
702
702
702
702
703
703
703
703
703
703
703
703
703
703
703
704
704
704
704
704
704
704
704
704
704
704
704
704
704
705
705
705
705
705
705
705
706
706
706
706
706
706
706
706
706
706
706
706
706
706
706
706
706
707
707
707
707
707
707
708
708
708
708
708
708
708
708
708
708
708
708
709
709
709
709
709
709
709
709
709
710
710
710
710
710
710
710
710
710
710
710
710
710
711
711
711
711
711
711
711
711
711
711
711
712
712
712
712
712
712
712
712
712
712
712
712
712
712
713
713
713
713
713
713
713
713
713
713
714
714
714
714
714
715
715
715
715
715
715
715
715
715
715
715
716
716
716
716
716
716
716
716
716
716
716
716
716
716
716
716
717
717
717
717
717
717
717
717
718
718
718
718
718
718
718
718
718
718
718
718
718
718
718
719
719
719
719
719
719
719
719
719
720
720
720
720
720
720
720
721
721
721
721
721
721
721
721
721
722
722
722
722
722
722
722
723
723
723
723
723
723
723
723
723
723
724
724
724
724
724
724
724
724
724
724
725
725
725
725
725
725
725
725
725
725
725
725
725
725
725
726
726
726
726
726
726
726
726
726
726
726
727
727
727
727
727
727
727
727
727
727
727
728
728
728
728
728
728
728
728
728
729
729
729
729
729
730
730
730
730
730
730
730
730
730
731
731
731
731
731
731
731
731
731
732
732
732
732
732
732
732
732
732
732
733
733
733
733
733
733
733
733
733
733
733
734
734
734
734
734
734
734
734
734
734
734
734
734
734
735
735
735
735
735
735
735
735
736
736
736
736
736
736
736
736
736
736
737
737
737
737
737
737
737
737
737
737
737
737
738
738
738
738
738
738
738
738
738
738
738
739
739
739
739
739
739
739
739
739
739
739
739
739
739
739
740
740
740
740
740
740
740
740
740
740
740
740
740
740
740
741
741
741
741
741
741
741
741
741
742
742
742
742
742
742
742
742
742
743
743
743
743
743
743
743
743
743
743
743
743
743
744
744
744
744
744
744
744
744
744
744
744
744
745
745
745
745
745
745
745
745
745
746
746
746
746
746
746
746
747
747
747
747
748
748
748
748
748
748
748
749
749
749
749
749
749
750
750
750
750
750
750
750
750
750
750
750
750
751
751
751
751
751
751
751
752
752
752
752
752
752
752
752
752
752
752
752
753
753
753
753
753
753
753
753
753
753
753
753
753
754
754
754
754
754
754
754
754
755
755
755
755
755
755
755
756
756
756
756
756
756
756
756
757
757
757
757
757
757
757
758
759
759
759
759
759
759
759
759
760
760
760
760
760
760
760
760
760
761
761
761
761
761
761
761
761
761
761
761
761
761
761
761
761
761
762
762
762
762
762
762
762
762
762
762
762
762
762
762
762
762
763
763
763
763
763
763
763
763
763
764
764
764
765
765
765
765
765
765
765
765
766
766
766
766
766
766
766
766
767
767
767
767
767
767
767
767
768
768
768
768
768
768
768
768
768
768
768
768
769
769
769
769
769
769
769
769
769
770
770
770
770
770
770
770
770
770
770
770
770
770
770
770
770
770
770
771
771
771
771
771
771
771
771
771
772
772
772
772
773
773
773
773
773
773
773
773
773
773
773
773
773
774
774
774
774
774
775
775
775
775
775
775
775
775
776
776
776
776
776
776
776
776
776
776
776
777
777
777
777
777
777
777
777
777
777
778
778
778
778
778
778
778
778
778
778
779
779
779
779
779
779
779
779
779
779
779
779
779
779
779
779
780
780
780
780
780
780
780
780
780
781
781
781
781
781
781
781
782
782
782
782
782
782
782
782
783
783
783
783
783
783
783
784
784
784
784
784
784
784
784
784
784
785
785
785
785
785
785
785
785
785
785
785
785
785
785
785
786
786
786
786
786
786
786
787
787
787
787
787
787
787
787
787
787
787
787
787
787
787
788
788
788
788
788
788
788
788
789
789
789
789
789
789
789
789
789
789
789
789
790
790
790
790
790
790
790
790
790
790
790
791
791
791
791
791
791
791
791
791
791
792
792
792
792
792
792
792
792
792
792
792
793
793
793
793
793
793
793
793
793
793
793
793
794
794
794
794
794
794
794
794
794
795
795
795
795
795
795
795
795
795
795
795
796
796
796
796
796
796
796
796
796
796
796
796
796
796
796
797
797
797
797
797
797
797
797
797
798
798
798
798
798
798
798
798
798
798
798
798
798
798
799
799
799
799
799
799
799
799
799
799
799
799
799
799
799
799
799
799
799
800
800
800
800
800
800
800
800
800
800
800
800
800
801
801
801
801
801
801
801
801
802
802
802
802
802
802
802
803
803
803
803
803
803
803
803
804
804
804
804
804
804
804
804
804
804
804
804
805
805
805
805
805
805
805
805
805
805
805
805
805
806
806
806
806
806
806
806
807
807
807
807
807
807
807
807
807
807
808
808
808
808
808
808
808
808
808
808
809
809
809
809
809
809
809
809
810
810
810
810
810
810
810
810
810
810
811
811
811
811
811
811
811
811
811
812
812
812
812
812
812
812
812
812
813
813
813
813
813
813
813
813
813
813
813
813
813
814
814
814
814
814
814
814
814
814
814
814
814
814
814
814
815
815
815
815
815
815
815
815
815
815
816
816
816
816
816
816
816
817
817
817
817
817
817
817
817
817
817
818
818
818
818
818
818
818
818
818
818
819
819
819
819
819
819
819
819
819
819
819
819
819
820
820
820
820
820
820
820
820
820
821
821
821
821
821
821
821
821
821
821
821
821
821
821
821
821
821
821
821
822
822
822
822
822
822
822
822
822
822
822
822
822
823
823
823
823
823
823
823
823
823
823
823
823
824
824
824
824
824
824
824
824
824
824
824
824
824
825
825
825
825
825
825
825
825
825
825
826
826
826
826
826
826
826
826
827
827
827
827
827
827
827
827
827
827
827
827
827
828
828
828
828
828
828
828
828
828
828
829
829
829
829
829
829
829
829
829
829
829
829
829
829
829
830
830
830
830
830
830
830
830
831
831
831
831
831
831
831
831
831
831
831
831
831
831
831
831
832
832
832
832
832
832
832
832
832
833
833
833
833
833
833
833
834
834
834
834
834
834
834
834
835
835
835
835
835
835
835
835
835
835
836
836
836
837
837
837
837
837
837
837
837
837
837
837
837
837
837
837
837
838
838
838
838
838
838
838
838
838
838
839
839
839
839
839
839
840
840
840
840
840
840
840
840
841
841
841
841
841
841
841
841
841
841
841
841
841
842
842
842
842
842
842
842
842
842
843
843
843
843
843
843
843
843
843
843
844
844
844
844
844
844
844
845
845
845
845
845
845
845
846
846
846
846
846
846
846
846
846
846
846
846
846
847
847
847
847
847
847
847
847
847
847
847
847
848
848
848
848
848
848
849
849
849
849
849
849
849
849
849
850
850
850
850
850
850
850
850
850
850
851
851
851
851
851
851
851
851
851
852
852
852
852
852
852
853
853
853
853
853
853
853
854
854
854
854
854
854
854
854
854
854
854
854
854
854
854
854
855
855
855
855
855
855
855
855
855
855
856
856
856
856
856
856
856
856
856
856
857
857
857
857
857
857
857
857
857
858
858
858
858
858
859
859
859
859
859
859
859
859
859
859
859
859
859
859
860
860
860
860
860
860
860
860
860
860
861
861
861
861
862
862
862
862
862
862
862
862
862
862
862
862
862
862
863
863
863
863
863
863
863
863
863
863
864
864
864
864
864
864
864
864
864
864
864
864
864
864
864
864
865
865
865
865
865
865
865
865
865
865
865
865
865
865
866
866
866
866
866
866
866
867
867
867
867
867
867
867
867
867
867
867
868
868
868
868
868
868
868
868
868
869
869
869
869
869
869
869
869
869
869
869
869
869
870
870
870
870
870
871
871
871
871
871
871
871
871
872
872
872
872
872
872
872
872
872
872
872
872
872
873
873
873
873
873
873
873
873
873
873
873
873
873
873
874
874
874
874
874
874
874
874
874
874
874
874
875
875
875
875
875
875
875
875
875
875
875
875
876
876
876
876
876
876
876
876
876
877
877
877
877
877
877
877
877
877
877
877
878
878
878
878
878
878
878
878
878
878
878
879
879
879
879
879
880
880
880
880
880
880
880
880
880
880
880
880
880
880
881
881
881
881
881
881
881
881
881
881
882
882
882
882
882
882
882
882
883
883
883
883
883
883
883
883
884
884
884
884
884
884
884
884
885
885
885
885
885
885
885
885
885
885
885
885
885
885
885
886
886
886
886
887
887
887
887
887
887
887
887
887
888
888
888
888
888
888
888
888
888
889
889
889
889
889
889
889
889
889
889
889
889
889
889
890
890
890
890
890
890
890
890
890
891
891
891
891
891
891
891
891
891
891
891
892
892
892
892
892
892
892
893
893
893
893
893
893
893
893
893
893
894
894
894
894
894
894
894
894
895
895
895
895
895
895
896
896
896
896
896
896
896
896
896
896
896
897
897
897
897
897
897
897
898
898
898
898
898
898
899
899
899
899
900
900
900
900
900
900
900
900
901
901
901
901
901
901
901
901
902
902
902
902
903
903
903
903
904
904
904
904
904
904
904
904
904
904
905
905
905
905
905
905
905
905
905
905
905
906
906
906
906
906
906
906
906
906
906
907
907
907
907
907
907
907
907
907
907
907
907
907
907
907
907
908
908
908
908
908
908
908
908
908
908
909
909
909
909
909
909
909
909
909
909
910
910
911
911
911
911
911
911
911
911
911
911
912
912
912
912
912
912
912
913
913
913
913
913
913
913
914
914
914
914
914
914
914
914
914
914
914
914
915
915
915
915
915
915
915
915
915
916
916
916
916
916
917
917
917
917
917
917
917
918
918
918
918
918
918
918
919
919
919
919
919
919
919
919
920
920
920
920
920
920
920
920
920
920
920
921
921
921
921
921
921
921
921
921
922
922
922
922
922
922
922
922
923
923
923
923
923
923
924
924
924
924
924
924
924
924
925
925
925
925
926
926
926
926
926
926
926
926
927
927
927
927
927
927
927
927
927
927
927
927
927
927
927
927
927
927
928
928
928
928
928
928
928
928
928
928
928
928
928
928
928
928
928
929
929
929
929
929
929
929
929
929
930
930
930
930
930
931
931
931
931
931
931
931
931
931
931
931
931
931
931
931
931
931
931
931
931
931
931
932
932
932
932
932
932
932
932
933
933
933
933
933
933
933
933
933
933
933
933
934
934
934
934
934
934
934
934
935
935
935
935
935
935
935
936
936
936
936
936
936
936
936
936
936
936
936
937
937
937
937
937
937
937
937
937
937
937
937
937
937
937
937
937
937
937
938
938
938
938
938
938
938
938
939
939
939
939
939
939
939
939
939
940
940
940
940
940
940
940
940
940
940
940
941
941
941
941
941
941
941
941
941
941
941
941
941
942
942
942
942
942
942
942
942
942
943
943
943
943
943
943
943
943
944
944
944
944
944
944
944
944
944
944
944
944
945
945
945
945
945
946
946
946
946
946
946
946
946
946
946
946
946
947
947
947
947
947
947
947
947
947
947
947
948
948
948
948
948
948
948
948
949
949
949
949
949
949
949
949
949
949
950
950
950
950
950
950
950
950
950
950
950
950
950
950
950
951
951
951
951
951
951
951
951
951
951
951
951
951
951
952
952
952
952
952
952
952
952
952
952
952
952
952
952
952
952
952
952
953
953
953
953
953
953
953
953
953
953
953
953
953
954
954
954
954
954
954
954
954
954
955
955
955
955
955
955
955
955
955
955
955
956
956
956
956
956
956
957
957
957
957
957
957
957
958
958
958
958
958
958
958
958
958
958
958
959
959
959
959
959
959
959
959
959
959
960
960
960
960
960
960
960
960
960
961
961
961
961
961
961
961
961
961
961
961
962
962
962
962
962
962
962
962
962
962
962
963
963
963
963
963
963
963
963
963
963
963
963
964
964
964
964
964
964
964
964
965
965
965
965
965
965
965
965
965
965
965
965
966
966
966
966
966
966
966
966
966
967
967
967
967
967
967
967
967
967
967
967
967
968
968
968
968
968
968
968
968
968
968
968
968
968
968
968
968
968
968
968
968
969
969
969
969
969
969
970
970
970
970
970
970
970
970
970
971
971
971
971
971
971
971
971
971
972
972
972
972
972
972
972
972
972
972
972
972
973
973
973
973
973
973
973
973
973
973
973
973
973
974
974
974
974
975
975
975
975
975
975
975
975
975
975
975
975
975
976
976
976
976
976
976
976
976
976
976
976
977
977
977
977
977
977
977
977
977
977
977
978
978
978
978
978
978
978
978
978
979
979
979
979
979
979
979
980
980
980
980
980
980
980
980
980
980
980
981
981
981
981
981
981
981
981
981
981
981
981
981
981
981
982
982
982
982
982
982
982
982
982
982
982
983
983
983
983
983
983
983
983
983
984
984
984
984
984
984
984
984
984
984
984
984
985
985
985
985
985
985
985
985
985
985
986
986
986
986
987
987
987
987
987
987
987
987
987
987
987
988
988
988
988
988
988
988
988
989
989
989
989
989
989
989
989
989
989
990
990
990
990
990
990
990
990
990
990
990
990
990
991
991
991
991
991
991
991
991
991
991
991
991
992
992
992
992
992
992
993
993
993
993
993
993
993
993
993
993
994
994
994
994
994
994
994
994
995
995
995
995
995
995
995
995
995
995
995
995
996
996
996
996
996
996
996
996
996
996
996
996
996
997
997
997
997
997
997
997
997
998
998
998
998
998
998
998
998
998
999
999
999
999
999
999
999
999
999
999
999
999
999
1000
1000
1000
1000
1000
1000
1000
1000
1000
1000
1000
1000
1000
1000
1000
1000
