.......x..x.x.......
.......x..x.x.......
...........x........
xxxxxxx..x...xxxxxxx
............x.......
xxxxx.x..x...xxxxxxx
....................
.......x..x.x.......
.......x..x.x.......

........x...........
........x...........
xxxxx.x..x...xxxxxxx
....................
xxxxx.x..x...xxxxxxx
....................
....................
........x...........
........x...........

xxxxx.x.xx...xxxxxxx
xxxxx.x.xx...xxxxxxx
....................
....................
....................
....................
....................
xxxxx.x.xx...xxxxxxx
xxxxx.x.xx...xxxxxxx

....................
....................
....................
....................
....................
....................
....................
....................
....................

....................
....................
....................
....................
....................
....................
....................
....................
....................

....................
....................
....................
....................
....................
....................
....................
....................
....................

....................
....................
....................
....................
....................
....................
....................
....................
....................

....................
....................
....................
....................
....................
....................
....................
....................
....................

....................
....................
....................
....................
....................
....................
....................
....................
....................

....................
....................
....................
....................
....................
....................
....................
....................
....................

....................
....................
....................
....................
....................
....................
....................
....................
....................

....................
....................
....................
....................
....................
....................
....................
....................
....................

....................
....................
....................
....................
....................
....................
....................
....................
....................

....................
....................
....................
....................
....................
....................
....................
....................
....................

....................
....................
....................
....................
....................
....................
....................
....................
....................

....................
....................
....................
....................
....................
....................
....................
....................
....................

....................
....................
....................
....................
....................
....................
....................
....................
....................

....................
....................
....................
....................
....................
....................
....................
....................
....................

....................
....................
....................
....................
....................
....................
....................
....................
....................

