1 pinguim
2 pinguins
no gelo
3 pinguins
no gelo
uhuu!
4 pinguins
4 pinguins
no gelo
uhuu!
5 pinguins
5 pinguins
no gelo
no gelo
uhuu!
6 pinguins
6 pinguins
no gelo
no gelo
uhuu!
uhuu!
7 pinguins
7 pinguins
7 pinguins
no gelo
no gelo
uhuu!
uhuu!
8 pinguins
8 pinguins
8 pinguins
no gelo
no gelo
no gelo
uhuu!
uhuu!
9 pinguins
9 pinguins
9 pinguins
no gelo
no gelo
no gelo
uhuu!
uhuu!
uhuu!
10 pinguins
10 pinguins
10 pinguins
10 pinguins
no gelo
no gelo
no gelo
uhuu!
uhuu!
uhuu!
11 pinguins
11 pinguins
11 pinguins
11 pinguins
no gelo
no gelo
no gelo
no gelo
uhuu!
uhuu!
uhuu!
12 pinguins
12 pinguins
12 pinguins
12 pinguins
no gelo
no gelo
no gelo
no gelo
uhuu!
uhuu!
uhuu!
uhuu!
13 pinguins
13 pinguins
13 pinguins
13 pinguins
13 pinguins
no gelo
no gelo
no gelo
no gelo
uhuu!
uhuu!
uhuu!
uhuu!
14 pinguins
14 pinguins
14 pinguins
14 pinguins
14 pinguins
no gelo
no gelo
no gelo
no gelo
no gelo
uhuu!
uhuu!
uhuu!
uhuu!
15 pinguins
15 pinguins
15 pinguins
15 pinguins
15 pinguins
no gelo
no gelo
no gelo
no gelo
no gelo
uhuu!
uhuu!
uhuu!
uhuu!
uhuu!
16 pinguins
16 pinguins
16 pinguins
16 pinguins
16 pinguins
16 pinguins
no gelo
no gelo
no gelo
no gelo
no gelo
uhuu!
uhuu!
uhuu!
uhuu!
uhuu!
17 pinguins
17 pinguins
17 pinguins
17 pinguins
17 pinguins
17 pinguins
no gelo
no gelo
no gelo
no gelo
no gelo
no gelo
uhuu!
uhuu!
uhuu!
uhuu!
uhuu!
18 pinguins
18 pinguins
18 pinguins
18 pinguins
18 pinguins
18 pinguins
no gelo
no gelo
no gelo
no gelo
no gelo
no gelo
uhuu!
uhuu!
uhuu!
uhuu!
uhuu!
uhuu!
19 pinguins
19 pinguins
19 pinguins
19 pinguins
19 pinguins
19 pinguins
19 pinguins
no gelo
no gelo
no gelo
no gelo
no gelo
no gelo
uhuu!
uhuu!
uhuu!
uhuu!
uhuu!
uhuu!
20 pinguins
20 pinguins
20 pinguins
20 pinguins
20 pinguins
20 pinguins
20 pinguins
no gelo
no gelo
no gelo
no gelo
no gelo
no gelo
no gelo
uhuu!
uhuu!
uhuu!
uhuu!
uhuu!
uhuu!
21 pinguins
21 pinguins
21 pinguins
21 pinguins
21 pinguins
21 pinguins
21 pinguins
no gelo
no gelo
no gelo
no gelo
no gelo
no gelo
no gelo
uhuu!
uhuu!
uhuu!
uhuu!
uhuu!
uhuu!
uhuu!
22 pinguins
22 pinguins
22 pinguins
22 pinguins
22 pinguins
22 pinguins
22 pinguins
22 pinguins
no gelo
no gelo
no gelo
no gelo
no gelo
no gelo
no gelo
uhuu!
uhuu!
uhuu!
uhuu!
uhuu!
uhuu!
uhuu!
23 pinguins
23 pinguins
23 pinguins
23 pinguins
23 pinguins
23 pinguins
23 pinguins
23 pinguins
no gelo
no gelo
no gelo
no gelo
no gelo
no gelo
no gelo
no gelo
uhuu!
uhuu!
uhuu!
uhuu!
uhuu!
uhuu!
uhuu!
24 pinguins
24 pinguins
24 pinguins
24 pinguins
24 pinguins
24 pinguins
24 pinguins
24 pinguins
no gelo
no gelo
no gelo
no gelo
no gelo
no gelo
no gelo
no gelo
uhuu!
uhuu!
uhuu!
uhuu!
uhuu!
uhuu!
uhuu!
uhuu!
25 pinguins
25 pinguins
25 pinguins
25 pinguins
25 pinguins
25 pinguins
25 pinguins
25 pinguins
25 pinguins
no gelo
no gelo
no gelo
no gelo
no gelo
no gelo
no gelo
no gelo
uhuu!
uhuu!
uhuu!
uhuu!
uhuu!
uhuu!
uhuu!
uhuu!
26 pinguins
26 pinguins
26 pinguins
26 pinguins
26 pinguins
26 pinguins
26 pinguins
26 pinguins
26 pinguins
no gelo
no gelo
no gelo
no gelo
no gelo
no gelo
no gelo
no gelo
no gelo
uhuu!
uhuu!
uhuu!
uhuu!
uhuu!
uhuu!
uhuu!
uhuu!
27 pinguins
27 pinguins
27 pinguins
27 pinguins
27 pinguins
27 pinguins
27 pinguins
27 pinguins
27 pinguins
no gelo
no gelo
no gelo
no gelo
no gelo
no gelo
no gelo
no gelo
no gelo
uhuu!
uhuu!
uhuu!
uhuu!
uhuu!
uhuu!
uhuu!
uhuu!
uhuu!
28 pinguins
28 pinguins
28 pinguins
28 pinguins
28 pinguins
28 pinguins
28 pinguins
28 pinguins
28 pinguins
28 pinguins
no gelo
no gelo
no gelo
no gelo
no gelo
no gelo
no gelo
no gelo
no gelo
uhuu!
uhuu!
uhuu!
uhuu!
uhuu!
uhuu!
uhuu!
uhuu!
uhuu!
29 pinguins
29 pinguins
29 pinguins
29 pinguins
29 pinguins
29 pinguins
29 pinguins
29 pinguins
29 pinguins
29 pinguins
no gelo
no gelo
no gelo
no gelo
no gelo
no gelo
no gelo
no gelo
no gelo
no gelo
uhuu!
uhuu!
uhuu!
uhuu!
uhuu!
uhuu!
uhuu!
uhuu!
uhuu!
30 pinguins
30 pinguins
30 pinguins
30 pinguins
30 pinguins
30 pinguins
30 pinguins
30 pinguins
30 pinguins
30 pinguins
no gelo
no gelo
no gelo
no gelo
no gelo
no gelo
no gelo
no gelo
no gelo
no gelo
uhuu!
uhuu!
uhuu!
uhuu!
uhuu!
uhuu!
uhuu!
uhuu!
uhuu!
uhuu!
31 pinguins
31 pinguins
31 pinguins
31 pinguins
31 pinguins
31 pinguins
31 pinguins
31 pinguins
31 pinguins
31 pinguins
31 pinguins
no gelo
no gelo
no gelo
no gelo
no gelo
no gelo
no gelo
no gelo
no gelo
no gelo
uhuu!
uhuu!
uhuu!
uhuu!
uhuu!
uhuu!
uhuu!
uhuu!
uhuu!
uhuu!
32 pinguins
32 pinguins
32 pinguins
32 pinguins
32 pinguins
32 pinguins
32 pinguins
32 pinguins
32 pinguins
32 pinguins
32 pinguins
no gelo
no gelo
no gelo
no gelo
no gelo
no gelo
no gelo
no gelo
no gelo
no gelo
no gelo
uhuu!
uhuu!
uhuu!
uhuu!
uhuu!
uhuu!
uhuu!
uhuu!
uhuu!
uhuu!
33 pinguins
33 pinguins
33 pinguins
33 pinguins
33 pinguins
33 pinguins
33 pinguins
33 pinguins
33 pinguins
33 pinguins
33 pinguins
no gelo
no gelo
no gelo
no gelo
no gelo
no gelo
no gelo
no gelo
no gelo
no gelo
no gelo
uhuu!
uhuu!
uhuu!
uhuu!
uhuu!
uhuu!
uhuu!
uhuu!
uhuu!
uhuu!
uhuu!
34 pinguins
34 pinguins
34 pinguins
34 pinguins
34 pinguins
34 pinguins
34 pinguins
34 pinguins
34 pinguins
34 pinguins
34 pinguins
34 pinguins
no gelo
no gelo
no gelo
no gelo
no gelo
no gelo
no gelo
no gelo
no gelo
no gelo
no gelo
uhuu!
uhuu!
uhuu!
uhuu!
uhuu!
uhuu!
uhuu!
uhuu!
uhuu!
uhuu!
uhuu!
35 pinguins
35 pinguins
35 pinguins
35 pinguins
35 pinguins
35 pinguins
35 pinguins
35 pinguins
35 pinguins
35 pinguins
35 pinguins
35 pinguins
no gelo
no gelo
no gelo
no gelo
no gelo
no gelo
no gelo
no gelo
no gelo
no gelo
no gelo
no gelo
uhuu!
uhuu!
uhuu!
uhuu!
uhuu!
uhuu!
uhuu!
uhuu!
uhuu!
uhuu!
uhuu!
36 pinguins
36 pinguins
36 pinguins
36 pinguins
36 pinguins
36 pinguins
36 pinguins
36 pinguins
36 pinguins
36 pinguins
36 pinguins
36 pinguins
no gelo
no gelo
no gelo
no gelo
no gelo
no gelo
no gelo
no gelo
no gelo
no gelo
no gelo
no gelo
uhuu!
uhuu!
uhuu!
uhuu!
uhuu!
uhuu!
uhuu!
uhuu!
uhuu!
uhuu!
uhuu!
uhuu!
37 pinguins
37 pinguins
37 pinguins
37 pinguins
37 pinguins
37 pinguins
37 pinguins
37 pinguins
37 pinguins
37 pinguins
37 pinguins
37 pinguins
37 pinguins
no gelo
no gelo
no gelo
no gelo
no gelo
no gelo
no gelo
no gelo
no gelo
no gelo
no gelo
no gelo
uhuu!
uhuu!
uhuu!
uhuu!
uhuu!
uhuu!
uhuu!
uhuu!
uhuu!
uhuu!
uhuu!
uhuu!
38 pinguins
38 pinguins
38 pinguins
38 pinguins
38 pinguins
38 pinguins
38 pinguins
38 pinguins
38 pinguins
38 pinguins
38 pinguins
38 pinguins
38 pinguins
no gelo
no gelo
no gelo
no gelo
no gelo
no gelo
no gelo
no gelo
no gelo
no gelo
no gelo
no gelo
no gelo
uhuu!
uhuu!
uhuu!
uhuu!
uhuu!
uhuu!
uhuu!
uhuu!
uhuu!
uhuu!
uhuu!
uhuu!
39 pinguins
39 pinguins
39 pinguins
39 pinguins
39 pinguins
39 pinguins
39 pinguins
39 pinguins
39 pinguins
39 pinguins
39 pinguins
39 pinguins
39 pinguins
no gelo
no gelo
no gelo
no gelo
no gelo
no gelo
no gelo
no gelo
no gelo
no gelo
no gelo
no gelo
no gelo
uhuu!
uhuu!
uhuu!
uhuu!
uhuu!
uhuu!
uhuu!
uhuu!
uhuu!
uhuu!
uhuu!
uhuu!
uhuu!
40 pinguins
40 pinguins
40 pinguins
40 pinguins
40 pinguins
40 pinguins
40 pinguins
40 pinguins
40 pinguins
40 pinguins
40 pinguins
40 pinguins
40 pinguins
40 pinguins
no gelo
no gelo
no gelo
no gelo
no gelo
no gelo
no gelo
no gelo
no gelo
no gelo
no gelo
no gelo
no gelo
uhuu!
uhuu!
uhuu!
uhuu!
uhuu!
uhuu!
uhuu!
uhuu!
uhuu!
uhuu!
uhuu!
uhuu!
uhuu!
41 pinguins
41 pinguins
41 pinguins
41 pinguins
41 pinguins
41 pinguins
41 pinguins
41 pinguins
41 pinguins
41 pinguins
41 pinguins
41 pinguins
41 pinguins
41 pinguins
no gelo
no gelo
no gelo
no gelo
no gelo
no gelo
no gelo
no gelo
no gelo
no gelo
no gelo
no gelo
no gelo
no gelo
uhuu!
uhuu!
uhuu!
uhuu!
uhuu!
uhuu!
uhuu!
uhuu!
uhuu!
uhuu!
uhuu!
uhuu!
uhuu!
42 pinguins
42 pinguins
42 pinguins
42 pinguins
42 pinguins
42 pinguins
42 pinguins
42 pinguins
42 pinguins
42 pinguins
42 pinguins
42 pinguins
42 pinguins
42 pinguins
no gelo
no gelo
no gelo
no gelo
no gelo
no gelo
no gelo
no gelo
no gelo
no gelo
no gelo
no gelo
no gelo
no gelo
uhuu!
uhuu!
uhuu!
uhuu!
uhuu!
uhuu!
uhuu!
uhuu!
uhuu!
uhuu!
uhuu!
uhuu!
uhuu!
uhuu!
43 pinguins
43 pinguins
43 pinguins
43 pinguins
43 pinguins
43 pinguins
43 pinguins
43 pinguins
43 pinguins
43 pinguins
43 pinguins
43 pinguins
43 pinguins
43 pinguins
43 pinguins
no gelo
no gelo
no gelo
no gelo
no gelo
no gelo
no gelo
no gelo
no gelo
no gelo
no gelo
no gelo
no gelo
no gelo
uhuu!
uhuu!
uhuu!
uhuu!
uhuu!
uhuu!
uhuu!
uhuu!
uhuu!
uhuu!
uhuu!
uhuu!
uhuu!
uhuu!
44 pinguins
44 pinguins
44 pinguins
44 pinguins
44 pinguins
44 pinguins
44 pinguins
44 pinguins
44 pinguins
44 pinguins
44 pinguins
44 pinguins
44 pinguins
44 pinguins
44 pinguins
no gelo
no gelo
no gelo
no gelo
no gelo
no gelo
no gelo
no gelo
no gelo
no gelo
no gelo
no gelo
no gelo
no gelo
no gelo
uhuu!
uhuu!
uhuu!
uhuu!
uhuu!
uhuu!
uhuu!
uhuu!
uhuu!
uhuu!
uhuu!
uhuu!
uhuu!
uhuu!
45 pinguins
45 pinguins
45 pinguins
45 pinguins
45 pinguins
45 pinguins
45 pinguins
45 pinguins
45 pinguins
45 pinguins
45 pinguins
45 pinguins
45 pinguins
45 pinguins
45 pinguins
no gelo
no gelo
no gelo
no gelo
no gelo
no gelo
no gelo
no gelo
no gelo
no gelo
no gelo
no gelo
no gelo
no gelo
no gelo
uhuu!
uhuu!
uhuu!
uhuu!
uhuu!
uhuu!
uhuu!
uhuu!
uhuu!
uhuu!
uhuu!
uhuu!
uhuu!
uhuu!
uhuu!
46 pinguins
46 pinguins
46 pinguins
46 pinguins
46 pinguins
46 pinguins
46 pinguins
46 pinguins
46 pinguins
46 pinguins
46 pinguins
46 pinguins
46 pinguins
46 pinguins
46 pinguins
46 pinguins
no gelo
no gelo
no gelo
no gelo
no gelo
no gelo
no gelo
no gelo
no gelo
no gelo
no gelo
no gelo
no gelo
no gelo
no gelo
uhuu!
uhuu!
uhuu!
uhuu!
uhuu!
uhuu!
uhuu!
uhuu!
uhuu!
uhuu!
uhuu!
uhuu!
uhuu!
uhuu!
uhuu!
47 pinguins
47 pinguins
47 pinguins
47 pinguins
47 pinguins
47 pinguins
47 pinguins
47 pinguins
47 pinguins
47 pinguins
47 pinguins
47 pinguins
47 pinguins
47 pinguins
47 pinguins
47 pinguins
no gelo
no gelo
no gelo
no gelo
no gelo
no gelo
no gelo
no gelo
no gelo
no gelo
no gelo
no gelo
no gelo
no gelo
no gelo
no gelo
uhuu!
uhuu!
uhuu!
uhuu!
uhuu!
uhuu!
uhuu!
uhuu!
uhuu!
uhuu!
uhuu!
uhuu!
uhuu!
uhuu!
uhuu!
48 pinguins
48 pinguins
48 pinguins
48 pinguins
48 pinguins
48 pinguins
48 pinguins
48 pinguins
48 pinguins
48 pinguins
48 pinguins
48 pinguins
48 pinguins
48 pinguins
48 pinguins
48 pinguins
no gelo
no gelo
no gelo
no gelo
no gelo
no gelo
no gelo
no gelo
no gelo
no gelo
no gelo
no gelo
no gelo
no gelo
no gelo
no gelo
uhuu!
uhuu!
uhuu!
uhuu!
uhuu!
uhuu!
uhuu!
uhuu!
uhuu!
uhuu!
uhuu!
uhuu!
uhuu!
uhuu!
uhuu!
uhuu!
49 pinguins
49 pinguins
49 pinguins
49 pinguins
49 pinguins
49 pinguins
49 pinguins
49 pinguins
49 pinguins
49 pinguins
49 pinguins
49 pinguins
49 pinguins
49 pinguins
49 pinguins
49 pinguins
49 pinguins
no gelo
no gelo
no gelo
no gelo
no gelo
no gelo
no gelo
no gelo
no gelo
no gelo
no gelo
no gelo
no gelo
no gelo
no gelo
no gelo
uhuu!
uhuu!
uhuu!
uhuu!
uhuu!
uhuu!
uhuu!
uhuu!
uhuu!
uhuu!
uhuu!
uhuu!
uhuu!
uhuu!
uhuu!
uhuu!
50 pinguins
50 pinguins
50 pinguins
50 pinguins
50 pinguins
50 pinguins
50 pinguins
50 pinguins
50 pinguins
50 pinguins
50 pinguins
50 pinguins
50 pinguins
50 pinguins
50 pinguins
50 pinguins
50 pinguins
no gelo
no gelo
no gelo
no gelo
no gelo
no gelo
no gelo
no gelo
no gelo
no gelo
no gelo
no gelo
no gelo
no gelo
no gelo
no gelo
no gelo
uhuu!
uhuu!
uhuu!
uhuu!
uhuu!
uhuu!
uhuu!
uhuu!
uhuu!
uhuu!
uhuu!
uhuu!
uhuu!
uhuu!
uhuu!
uhuu!
51 pinguins
51 pinguins
51 pinguins
51 pinguins
51 pinguins
51 pinguins
51 pinguins
51 pinguins
51 pinguins
51 pinguins
51 pinguins
51 pinguins
51 pinguins
51 pinguins
51 pinguins
51 pinguins
51 pinguins
no gelo
no gelo
no gelo
no gelo
no gelo
no gelo
no gelo
no gelo
no gelo
no gelo
no gelo
no gelo
no gelo
no gelo
no gelo
no gelo
no gelo
uhuu!
uhuu!
uhuu!
uhuu!
uhuu!
uhuu!
uhuu!
uhuu!
uhuu!
uhuu!
uhuu!
uhuu!
uhuu!
uhuu!
uhuu!
uhuu!
uhuu!
52 pinguins
52 pinguins
52 pinguins
52 pinguins
52 pinguins
52 pinguins
52 pinguins
52 pinguins
52 pinguins
52 pinguins
52 pinguins
52 pinguins
52 pinguins
52 pinguins
52 pinguins
52 pinguins
52 pinguins
52 pinguins
no gelo
no gelo
no gelo
no gelo
no gelo
no gelo
no gelo
no gelo
no gelo
no gelo
no gelo
no gelo
no gelo
no gelo
no gelo
no gelo
no gelo
uhuu!
uhuu!
uhuu!
uhuu!
uhuu!
uhuu!
uhuu!
uhuu!
uhuu!
uhuu!
uhuu!
uhuu!
uhuu!
uhuu!
uhuu!
uhuu!
uhuu!
53 pinguins
53 pinguins
53 pinguins
53 pinguins
53 pinguins
53 pinguins
53 pinguins
53 pinguins
53 pinguins
53 pinguins
53 pinguins
53 pinguins
53 pinguins
53 pinguins
53 pinguins
53 pinguins
53 pinguins
53 pinguins
no gelo
no gelo
no gelo
no gelo
no gelo
no gelo
no gelo
no gelo
no gelo
no gelo
no gelo
no gelo
no gelo
no gelo
no gelo
no gelo
no gelo
no gelo
uhuu!
uhuu!
uhuu!
uhuu!
uhuu!
uhuu!
uhuu!
uhuu!
uhuu!
uhuu!
uhuu!
uhuu!
uhuu!
uhuu!
uhuu!
uhuu!
uhuu!
54 pinguins
54 pinguins
54 pinguins
54 pinguins
54 pinguins
54 pinguins
54 pinguins
54 pinguins
54 pinguins
54 pinguins
54 pinguins
54 pinguins
54 pinguins
54 pinguins
54 pinguins
54 pinguins
54 pinguins
54 pinguins
no gelo
no gelo
no gelo
no gelo
no gelo
no gelo
no gelo
no gelo
no gelo
no gelo
no gelo
no gelo
no gelo
no gelo
no gelo
no gelo
no gelo
no gelo
uhuu!
uhuu!
uhuu!
uhuu!
uhuu!
uhuu!
uhuu!
uhuu!
uhuu!
uhuu!
uhuu!
uhuu!
uhuu!
uhuu!
uhuu!
uhuu!
uhuu!
uhuu!
55 pinguins
55 pinguins
55 pinguins
55 pinguins
55 pinguins
55 pinguins
55 pinguins
55 pinguins
55 pinguins
55 pinguins
55 pinguins
55 pinguins
55 pinguins
55 pinguins
55 pinguins
55 pinguins
55 pinguins
55 pinguins
55 pinguins
no gelo
no gelo
no gelo
no gelo
no gelo
no gelo
no gelo
no gelo
no gelo
no gelo
no gelo
no gelo
no gelo
no gelo
no gelo
no gelo
no gelo
no gelo
uhuu!
uhuu!
uhuu!
uhuu!
uhuu!
uhuu!
uhuu!
uhuu!
uhuu!
uhuu!
uhuu!
uhuu!
uhuu!
uhuu!
uhuu!
uhuu!
uhuu!
uhuu!
56 pinguins
56 pinguins
56 pinguins
56 pinguins
56 pinguins
56 pinguins
56 pinguins
56 pinguins
56 pinguins
56 pinguins
56 pinguins
56 pinguins
56 pinguins
56 pinguins
56 pinguins
56 pinguins
56 pinguins
56 pinguins
56 pinguins
no gelo
no gelo
no gelo
no gelo
no gelo
no gelo
no gelo
no gelo
no gelo
no gelo
no gelo
no gelo
no gelo
no gelo
no gelo
no gelo
no gelo
no gelo
no gelo
uhuu!
uhuu!
uhuu!
uhuu!
uhuu!
uhuu!
uhuu!
uhuu!
uhuu!
uhuu!
uhuu!
uhuu!
uhuu!
uhuu!
uhuu!
uhuu!
uhuu!
uhuu!
57 pinguins
57 pinguins
57 pinguins
57 pinguins
57 pinguins
57 pinguins
57 pinguins
57 pinguins
57 pinguins
57 pinguins
57 pinguins
57 pinguins
57 pinguins
57 pinguins
57 pinguins
57 pinguins
57 pinguins
57 pinguins
57 pinguins
no gelo
no gelo
no gelo
no gelo
no gelo
no gelo
no gelo
no gelo
no gelo
no gelo
no gelo
no gelo
no gelo
no gelo
no gelo
no gelo
no gelo
no gelo
no gelo
uhuu!
uhuu!
uhuu!
uhuu!
uhuu!
uhuu!
uhuu!
uhuu!
uhuu!
uhuu!
uhuu!
uhuu!
uhuu!
uhuu!
uhuu!
uhuu!
uhuu!
uhuu!
uhuu!
58 pinguins
58 pinguins
58 pinguins
58 pinguins
58 pinguins
58 pinguins
58 pinguins
58 pinguins
58 pinguins
58 pinguins
58 pinguins
58 pinguins
58 pinguins
58 pinguins
58 pinguins
58 pinguins
58 pinguins
58 pinguins
58 pinguins
58 pinguins
no gelo
no gelo
no gelo
no gelo
no gelo
no gelo
no gelo
no gelo
no gelo
no gelo
no gelo
no gelo
no gelo
no gelo
no gelo
no gelo
no gelo
no gelo
no gelo
uhuu!
uhuu!
uhuu!
uhuu!
uhuu!
uhuu!
uhuu!
uhuu!
uhuu!
uhuu!
uhuu!
uhuu!
uhuu!
uhuu!
uhuu!
uhuu!
uhuu!
uhuu!
uhuu!
59 pinguins
59 pinguins
59 pinguins
59 pinguins
59 pinguins
59 pinguins
59 pinguins
59 pinguins
59 pinguins
59 pinguins
59 pinguins
59 pinguins
59 pinguins
59 pinguins
59 pinguins
59 pinguins
59 pinguins
59 pinguins
59 pinguins
59 pinguins
no gelo
no gelo
no gelo
no gelo
no gelo
no gelo
no gelo
no gelo
no gelo
no gelo
no gelo
no gelo
no gelo
no gelo
no gelo
no gelo
no gelo
no gelo
no gelo
no gelo
uhuu!
uhuu!
uhuu!
uhuu!
uhuu!
uhuu!
uhuu!
uhuu!
uhuu!
uhuu!
uhuu!
uhuu!
uhuu!
uhuu!
uhuu!
uhuu!
uhuu!
uhuu!
uhuu!
60 pinguins
60 pinguins
60 pinguins
60 pinguins
60 pinguins
60 pinguins
60 pinguins
60 pinguins
60 pinguins
60 pinguins
60 pinguins
60 pinguins
60 pinguins
60 pinguins
60 pinguins
60 pinguins
60 pinguins
60 pinguins
60 pinguins
60 pinguins
no gelo
no gelo
no gelo
no gelo
no gelo
no gelo
no gelo
no gelo
no gelo
no gelo
no gelo
no gelo
no gelo
no gelo
no gelo
no gelo
no gelo
no gelo
no gelo
no gelo
uhuu!
uhuu!
uhuu!
uhuu!
uhuu!
uhuu!
uhuu!
uhuu!
uhuu!
uhuu!
uhuu!
uhuu!
uhuu!
uhuu!
uhuu!
uhuu!
uhuu!
uhuu!
uhuu!
uhuu!
61 pinguins
61 pinguins
61 pinguins
61 pinguins
61 pinguins
61 pinguins
61 pinguins
61 pinguins
61 pinguins
61 pinguins
61 pinguins
61 pinguins
61 pinguins
61 pinguins
61 pinguins
61 pinguins
61 pinguins
61 pinguins
61 pinguins
61 pinguins
61 pinguins
no gelo
no gelo
no gelo
no gelo
no gelo
no gelo
no gelo
no gelo
no gelo
no gelo
no gelo
no gelo
no gelo
no gelo
no gelo
no gelo
no gelo
no gelo
no gelo
no gelo
uhuu!
uhuu!
uhuu!
uhuu!
uhuu!
uhuu!
uhuu!
uhuu!
uhuu!
uhuu!
uhuu!
uhuu!
uhuu!
uhuu!
uhuu!
uhuu!
uhuu!
uhuu!
uhuu!
uhuu!
62 pinguins
62 pinguins
62 pinguins
62 pinguins
62 pinguins
62 pinguins
62 pinguins
62 pinguins
62 pinguins
62 pinguins
62 pinguins
62 pinguins
62 pinguins
62 pinguins
62 pinguins
62 pinguins
62 pinguins
62 pinguins
62 pinguins
62 pinguins
62 pinguins
no gelo
no gelo
no gelo
no gelo
no gelo
no gelo
no gelo
no gelo
no gelo
no gelo
no gelo
no gelo
no gelo
no gelo
no gelo
no gelo
no gelo
no gelo
no gelo
no gelo
no gelo
uhuu!
uhuu!
uhuu!
uhuu!
uhuu!
uhuu!
uhuu!
uhuu!
uhuu!
uhuu!
uhuu!
uhuu!
uhuu!
uhuu!
uhuu!
uhuu!
uhuu!
uhuu!
uhuu!
uhuu!
63 pinguins
63 pinguins
63 pinguins
63 pinguins
63 pinguins
63 pinguins
63 pinguins
63 pinguins
63 pinguins
63 pinguins
63 pinguins
63 pinguins
63 pinguins
63 pinguins
63 pinguins
63 pinguins
63 pinguins
63 pinguins
63 pinguins
63 pinguins
63 pinguins
no gelo
no gelo
no gelo
no gelo
no gelo
no gelo
no gelo
no gelo
no gelo
no gelo
no gelo
no gelo
no gelo
no gelo
no gelo
no gelo
no gelo
no gelo
no gelo
no gelo
no gelo
uhuu!
uhuu!
uhuu!
uhuu!
uhuu!
uhuu!
uhuu!
uhuu!
uhuu!
uhuu!
uhuu!
uhuu!
uhuu!
uhuu!
uhuu!
uhuu!
uhuu!
uhuu!
uhuu!
uhuu!
uhuu!
64 pinguins
64 pinguins
64 pinguins
64 pinguins
64 pinguins
64 pinguins
64 pinguins
64 pinguins
64 pinguins
64 pinguins
64 pinguins
64 pinguins
64 pinguins
64 pinguins
64 pinguins
64 pinguins
64 pinguins
64 pinguins
64 pinguins
64 pinguins
64 pinguins
64 pinguins
no gelo
no gelo
no gelo
no gelo
no gelo
no gelo
no gelo
no gelo
no gelo
no gelo
no gelo
no gelo
no gelo
no gelo
no gelo
no gelo
no gelo
no gelo
no gelo
no gelo
no gelo
uhuu!
uhuu!
uhuu!
uhuu!
uhuu!
uhuu!
uhuu!
uhuu!
uhuu!
uhuu!
uhuu!
uhuu!
uhuu!
uhuu!
uhuu!
uhuu!
uhuu!
uhuu!
uhuu!
uhuu!
uhuu!
65 pinguins
65 pinguins
65 pinguins
65 pinguins
65 pinguins
65 pinguins
65 pinguins
65 pinguins
65 pinguins
65 pinguins
65 pinguins
65 pinguins
65 pinguins
65 pinguins
65 pinguins
65 pinguins
65 pinguins
65 pinguins
65 pinguins
65 pinguins
65 pinguins
65 pinguins
no gelo
no gelo
no gelo
no gelo
no gelo
no gelo
no gelo
no gelo
no gelo
no gelo
no gelo
no gelo
no gelo
no gelo
no gelo
no gelo
no gelo
no gelo
no gelo
no gelo
no gelo
no gelo
uhuu!
uhuu!
uhuu!
uhuu!
uhuu!
uhuu!
uhuu!
uhuu!
uhuu!
uhuu!
uhuu!
uhuu!
uhuu!
uhuu!
uhuu!
uhuu!
uhuu!
uhuu!
uhuu!
uhuu!
uhuu!
66 pinguins
66 pinguins
66 pinguins
66 pinguins
66 pinguins
66 pinguins
66 pinguins
66 pinguins
66 pinguins
66 pinguins
66 pinguins
66 pinguins
66 pinguins
66 pinguins
66 pinguins
66 pinguins
66 pinguins
66 pinguins
66 pinguins
66 pinguins
66 pinguins
66 pinguins
no gelo
no gelo
no gelo
no gelo
no gelo
no gelo
no gelo
no gelo
no gelo
no gelo
no gelo
no gelo
no gelo
no gelo
no gelo
no gelo
no gelo
no gelo
no gelo
no gelo
no gelo
no gelo
uhuu!
uhuu!
uhuu!
uhuu!
uhuu!
uhuu!
uhuu!
uhuu!
uhuu!
uhuu!
uhuu!
uhuu!
uhuu!
uhuu!
uhuu!
uhuu!
uhuu!
uhuu!
uhuu!
uhuu!
uhuu!
uhuu!
67 pinguins
67 pinguins
67 pinguins
67 pinguins
67 pinguins
67 pinguins
67 pinguins
67 pinguins
67 pinguins
67 pinguins
67 pinguins
67 pinguins
67 pinguins
67 pinguins
67 pinguins
67 pinguins
67 pinguins
67 pinguins
67 pinguins
67 pinguins
67 pinguins
67 pinguins
67 pinguins
no gelo
no gelo
no gelo
no gelo
no gelo
no gelo
no gelo
no gelo
no gelo
no gelo
no gelo
no gelo
no gelo
no gelo
no gelo
no gelo
no gelo
no gelo
no gelo
no gelo
no gelo
no gelo
uhuu!
uhuu!
uhuu!
uhuu!
uhuu!
uhuu!
uhuu!
uhuu!
uhuu!
uhuu!
uhuu!
uhuu!
uhuu!
uhuu!
uhuu!
uhuu!
uhuu!
uhuu!
uhuu!
uhuu!
uhuu!
uhuu!
68 pinguins
68 pinguins
68 pinguins
68 pinguins
68 pinguins
68 pinguins
68 pinguins
68 pinguins
68 pinguins
68 pinguins
68 pinguins
68 pinguins
68 pinguins
68 pinguins
68 pinguins
68 pinguins
68 pinguins
68 pinguins
68 pinguins
68 pinguins
68 pinguins
68 pinguins
68 pinguins
no gelo
no gelo
no gelo
no gelo
no gelo
no gelo
no gelo
no gelo
no gelo
no gelo
no gelo
no gelo
no gelo
no gelo
no gelo
no gelo
no gelo
no gelo
no gelo
no gelo
no gelo
no gelo
no gelo
uhuu!
uhuu!
uhuu!
uhuu!
uhuu!
uhuu!
uhuu!
uhuu!
uhuu!
uhuu!
uhuu!
uhuu!
uhuu!
uhuu!
uhuu!
uhuu!
uhuu!
uhuu!
uhuu!
uhuu!
uhuu!
uhuu!
69 pinguins
69 pinguins
69 pinguins
69 pinguins
69 pinguins
69 pinguins
69 pinguins
69 pinguins
69 pinguins
69 pinguins
69 pinguins
69 pinguins
69 pinguins
69 pinguins
69 pinguins
69 pinguins
69 pinguins
69 pinguins
69 pinguins
69 pinguins
69 pinguins
69 pinguins
69 pinguins
no gelo
no gelo
no gelo
no gelo
no gelo
no gelo
no gelo
no gelo
no gelo
no gelo
no gelo
no gelo
no gelo
no gelo
no gelo
no gelo
no gelo
no gelo
no gelo
no gelo
no gelo
no gelo
no gelo
uhuu!
uhuu!
uhuu!
uhuu!
uhuu!
uhuu!
uhuu!
uhuu!
uhuu!
uhuu!
uhuu!
uhuu!
uhuu!
uhuu!
uhuu!
uhuu!
uhuu!
uhuu!
uhuu!
uhuu!
uhuu!
uhuu!
uhuu!
70 pinguins
70 pinguins
70 pinguins
70 pinguins
70 pinguins
70 pinguins
70 pinguins
70 pinguins
70 pinguins
70 pinguins
70 pinguins
70 pinguins
70 pinguins
70 pinguins
70 pinguins
70 pinguins
70 pinguins
70 pinguins
70 pinguins
70 pinguins
70 pinguins
70 pinguins
70 pinguins
70 pinguins
no gelo
no gelo
no gelo
no gelo
no gelo
no gelo
no gelo
no gelo
no gelo
no gelo
no gelo
no gelo
no gelo
no gelo
no gelo
no gelo
no gelo
no gelo
no gelo
no gelo
no gelo
no gelo
no gelo
uhuu!
uhuu!
uhuu!
uhuu!
uhuu!
uhuu!
uhuu!
uhuu!
uhuu!
uhuu!
uhuu!
uhuu!
uhuu!
uhuu!
uhuu!
uhuu!
uhuu!
uhuu!
uhuu!
uhuu!
uhuu!
uhuu!
uhuu!
71 pinguins
71 pinguins
71 pinguins
71 pinguins
71 pinguins
71 pinguins
71 pinguins
71 pinguins
71 pinguins
71 pinguins
71 pinguins
71 pinguins
71 pinguins
71 pinguins
71 pinguins
71 pinguins
71 pinguins
71 pinguins
71 pinguins
71 pinguins
71 pinguins
71 pinguins
71 pinguins
71 pinguins
no gelo
no gelo
no gelo
no gelo
no gelo
no gelo
no gelo
no gelo
no gelo
no gelo
no gelo
no gelo
no gelo
no gelo
no gelo
no gelo
no gelo
no gelo
no gelo
no gelo
no gelo
no gelo
no gelo
no gelo
uhuu!
uhuu!
uhuu!
uhuu!
uhuu!
uhuu!
uhuu!
uhuu!
uhuu!
uhuu!
uhuu!
uhuu!
uhuu!
uhuu!
uhuu!
uhuu!
uhuu!
uhuu!
uhuu!
uhuu!
uhuu!
uhuu!
uhuu!
72 pinguins
72 pinguins
72 pinguins
72 pinguins
72 pinguins
72 pinguins
72 pinguins
72 pinguins
72 pinguins
72 pinguins
72 pinguins
72 pinguins
72 pinguins
72 pinguins
72 pinguins
72 pinguins
72 pinguins
72 pinguins
72 pinguins
72 pinguins
72 pinguins
72 pinguins
72 pinguins
72 pinguins
no gelo
no gelo
no gelo
no gelo
no gelo
no gelo
no gelo
no gelo
no gelo
no gelo
no gelo
no gelo
no gelo
no gelo
no gelo
no gelo
no gelo
no gelo
no gelo
no gelo
no gelo
no gelo
no gelo
no gelo
uhuu!
uhuu!
uhuu!
uhuu!
uhuu!
uhuu!
uhuu!
uhuu!
uhuu!
uhuu!
uhuu!
uhuu!
uhuu!
uhuu!
uhuu!
uhuu!
uhuu!
uhuu!
uhuu!
uhuu!
uhuu!
uhuu!
uhuu!
uhuu!
73 pinguins
73 pinguins
73 pinguins
73 pinguins
73 pinguins
73 pinguins
73 pinguins
73 pinguins
73 pinguins
73 pinguins
73 pinguins
73 pinguins
73 pinguins
73 pinguins
73 pinguins
73 pinguins
73 pinguins
73 pinguins
73 pinguins
73 pinguins
73 pinguins
73 pinguins
73 pinguins
73 pinguins
73 pinguins
no gelo
no gelo
no gelo
no gelo
no gelo
no gelo
no gelo
no gelo
no gelo
no gelo
no gelo
no gelo
no gelo
no gelo
no gelo
no gelo
no gelo
no gelo
no gelo
no gelo
no gelo
no gelo
no gelo
no gelo
uhuu!
uhuu!
uhuu!
uhuu!
uhuu!
uhuu!
uhuu!
uhuu!
uhuu!
uhuu!
uhuu!
uhuu!
uhuu!
uhuu!
uhuu!
uhuu!
uhuu!
uhuu!
uhuu!
uhuu!
uhuu!
uhuu!
uhuu!
uhuu!
74 pinguins
74 pinguins
74 pinguins
74 pinguins
74 pinguins
74 pinguins
74 pinguins
74 pinguins
74 pinguins
74 pinguins
74 pinguins
74 pinguins
74 pinguins
74 pinguins
74 pinguins
74 pinguins
74 pinguins
74 pinguins
74 pinguins
74 pinguins
74 pinguins
74 pinguins
74 pinguins
74 pinguins
74 pinguins
no gelo
no gelo
no gelo
no gelo
no gelo
no gelo
no gelo
no gelo
no gelo
no gelo
no gelo
no gelo
no gelo
no gelo
no gelo
no gelo
no gelo
no gelo
no gelo
no gelo
no gelo
no gelo
no gelo
no gelo
no gelo
uhuu!
uhuu!
uhuu!
uhuu!
uhuu!
uhuu!
uhuu!
uhuu!
uhuu!
uhuu!
uhuu!
uhuu!
uhuu!
uhuu!
uhuu!
uhuu!
uhuu!
uhuu!
uhuu!
uhuu!
uhuu!
uhuu!
uhuu!
uhuu!
75 pinguins
75 pinguins
75 pinguins
75 pinguins
75 pinguins
75 pinguins
75 pinguins
75 pinguins
75 pinguins
75 pinguins
75 pinguins
75 pinguins
75 pinguins
75 pinguins
75 pinguins
75 pinguins
75 pinguins
75 pinguins
75 pinguins
75 pinguins
75 pinguins
75 pinguins
75 pinguins
75 pinguins
75 pinguins
no gelo
no gelo
no gelo
no gelo
no gelo
no gelo
no gelo
no gelo
no gelo
no gelo
no gelo
no gelo
no gelo
no gelo
no gelo
no gelo
no gelo
no gelo
no gelo
no gelo
no gelo
no gelo
no gelo
no gelo
no gelo
uhuu!
uhuu!
uhuu!
uhuu!
uhuu!
uhuu!
uhuu!
uhuu!
uhuu!
uhuu!
uhuu!
uhuu!
uhuu!
uhuu!
uhuu!
uhuu!
uhuu!
uhuu!
uhuu!
uhuu!
uhuu!
uhuu!
uhuu!
uhuu!
uhuu!
76 pinguins
76 pinguins
76 pinguins
76 pinguins
76 pinguins
76 pinguins
76 pinguins
76 pinguins
76 pinguins
76 pinguins
76 pinguins
76 pinguins
76 pinguins
76 pinguins
76 pinguins
76 pinguins
76 pinguins
76 pinguins
76 pinguins
76 pinguins
76 pinguins
76 pinguins
76 pinguins
76 pinguins
76 pinguins
76 pinguins
no gelo
no gelo
no gelo
no gelo
no gelo
no gelo
no gelo
no gelo
no gelo
no gelo
no gelo
no gelo
no gelo
no gelo
no gelo
no gelo
no gelo
no gelo
no gelo
no gelo
no gelo
no gelo
no gelo
no gelo
no gelo
uhuu!
uhuu!
uhuu!
uhuu!
uhuu!
uhuu!
uhuu!
uhuu!
uhuu!
uhuu!
uhuu!
uhuu!
uhuu!
uhuu!
uhuu!
uhuu!
uhuu!
uhuu!
uhuu!
uhuu!
uhuu!
uhuu!
uhuu!
uhuu!
uhuu!
77 pinguins
77 pinguins
77 pinguins
77 pinguins
77 pinguins
77 pinguins
77 pinguins
77 pinguins
77 pinguins
77 pinguins
77 pinguins
77 pinguins
77 pinguins
77 pinguins
77 pinguins
77 pinguins
77 pinguins
77 pinguins
77 pinguins
77 pinguins
77 pinguins
77 pinguins
77 pinguins
77 pinguins
77 pinguins
77 pinguins
no gelo
no gelo
no gelo
no gelo
no gelo
no gelo
no gelo
no gelo
no gelo
no gelo
no gelo
no gelo
no gelo
no gelo
no gelo
no gelo
no gelo
no gelo
no gelo
no gelo
no gelo
no gelo
no gelo
no gelo
no gelo
no gelo
uhuu!
uhuu!
uhuu!
uhuu!
uhuu!
uhuu!
uhuu!
uhuu!
uhuu!
uhuu!
uhuu!
uhuu!
uhuu!
uhuu!
uhuu!
uhuu!
uhuu!
uhuu!
uhuu!
uhuu!
uhuu!
uhuu!
uhuu!
uhuu!
uhuu!
78 pinguins
78 pinguins
78 pinguins
78 pinguins
78 pinguins
78 pinguins
78 pinguins
78 pinguins
78 pinguins
78 pinguins
78 pinguins
78 pinguins
78 pinguins
78 pinguins
78 pinguins
78 pinguins
78 pinguins
78 pinguins
78 pinguins
78 pinguins
78 pinguins
78 pinguins
78 pinguins
78 pinguins
78 pinguins
78 pinguins
no gelo
no gelo
no gelo
no gelo
no gelo
no gelo
no gelo
no gelo
no gelo
no gelo
no gelo
no gelo
no gelo
no gelo
no gelo
no gelo
no gelo
no gelo
no gelo
no gelo
no gelo
no gelo
no gelo
no gelo
no gelo
no gelo
uhuu!
uhuu!
uhuu!
uhuu!
uhuu!
uhuu!
uhuu!
uhuu!
uhuu!
uhuu!
uhuu!
uhuu!
uhuu!
uhuu!
uhuu!
uhuu!
uhuu!
uhuu!
uhuu!
uhuu!
uhuu!
uhuu!
uhuu!
uhuu!
uhuu!
uhuu!
79 pinguins
79 pinguins
79 pinguins
79 pinguins
79 pinguins
79 pinguins
79 pinguins
79 pinguins
79 pinguins
79 pinguins
79 pinguins
79 pinguins
79 pinguins
79 pinguins
79 pinguins
79 pinguins
79 pinguins
79 pinguins
79 pinguins
79 pinguins
79 pinguins
79 pinguins
79 pinguins
79 pinguins
79 pinguins
79 pinguins
79 pinguins
no gelo
no gelo
no gelo
no gelo
no gelo
no gelo
no gelo
no gelo
no gelo
no gelo
no gelo
no gelo
no gelo
no gelo
no gelo
no gelo
no gelo
no gelo
no gelo
no gelo
no gelo
no gelo
no gelo
no gelo
no gelo
no gelo
uhuu!
uhuu!
uhuu!
uhuu!
uhuu!
uhuu!
uhuu!
uhuu!
uhuu!
uhuu!
uhuu!
uhuu!
uhuu!
uhuu!
uhuu!
uhuu!
uhuu!
uhuu!
uhuu!
uhuu!
uhuu!
uhuu!
uhuu!
uhuu!
uhuu!
uhuu!
80 pinguins
80 pinguins
80 pinguins
80 pinguins
80 pinguins
80 pinguins
80 pinguins
80 pinguins
80 pinguins
80 pinguins
80 pinguins
80 pinguins
80 pinguins
80 pinguins
80 pinguins
80 pinguins
80 pinguins
80 pinguins
80 pinguins
80 pinguins
80 pinguins
80 pinguins
80 pinguins
80 pinguins
80 pinguins
80 pinguins
80 pinguins
no gelo
no gelo
no gelo
no gelo
no gelo
no gelo
no gelo
no gelo
no gelo
no gelo
no gelo
no gelo
no gelo
no gelo
no gelo
no gelo
no gelo
no gelo
no gelo
no gelo
no gelo
no gelo
no gelo
no gelo
no gelo
no gelo
no gelo
uhuu!
uhuu!
uhuu!
uhuu!
uhuu!
uhuu!
uhuu!
uhuu!
uhuu!
uhuu!
uhuu!
uhuu!
uhuu!
uhuu!
uhuu!
uhuu!
uhuu!
uhuu!
uhuu!
uhuu!
uhuu!
uhuu!
uhuu!
uhuu!
uhuu!
uhuu!
81 pinguins
81 pinguins
81 pinguins
81 pinguins
81 pinguins
81 pinguins
81 pinguins
81 pinguins
81 pinguins
81 pinguins
81 pinguins
81 pinguins
81 pinguins
81 pinguins
81 pinguins
81 pinguins
81 pinguins
81 pinguins
81 pinguins
81 pinguins
81 pinguins
81 pinguins
81 pinguins
81 pinguins
81 pinguins
81 pinguins
81 pinguins
no gelo
no gelo
no gelo
no gelo
no gelo
no gelo
no gelo
no gelo
no gelo
no gelo
no gelo
no gelo
no gelo
no gelo
no gelo
no gelo
no gelo
no gelo
no gelo
no gelo
no gelo
no gelo
no gelo
no gelo
no gelo
no gelo
no gelo
uhuu!
uhuu!
uhuu!
uhuu!
uhuu!
uhuu!
uhuu!
uhuu!
uhuu!
uhuu!
uhuu!
uhuu!
uhuu!
uhuu!
uhuu!
uhuu!
uhuu!
uhuu!
uhuu!
uhuu!
uhuu!
uhuu!
uhuu!
uhuu!
uhuu!
uhuu!
uhuu!
82 pinguins
82 pinguins
82 pinguins
82 pinguins
82 pinguins
82 pinguins
82 pinguins
82 pinguins
82 pinguins
82 pinguins
82 pinguins
82 pinguins
82 pinguins
82 pinguins
82 pinguins
82 pinguins
82 pinguins
82 pinguins
82 pinguins
82 pinguins
82 pinguins
82 pinguins
82 pinguins
82 pinguins
82 pinguins
82 pinguins
82 pinguins
82 pinguins
no gelo
no gelo
no gelo
no gelo
no gelo
no gelo
no gelo
no gelo
no gelo
no gelo
no gelo
no gelo
no gelo
no gelo
no gelo
no gelo
no gelo
no gelo
no gelo
no gelo
no gelo
no gelo
no gelo
no gelo
no gelo
no gelo
no gelo
uhuu!
uhuu!
uhuu!
uhuu!
uhuu!
uhuu!
uhuu!
uhuu!
uhuu!
uhuu!
uhuu!
uhuu!
uhuu!
uhuu!
uhuu!
uhuu!
uhuu!
uhuu!
uhuu!
uhuu!
uhuu!
uhuu!
uhuu!
uhuu!
uhuu!
uhuu!
uhuu!
83 pinguins
83 pinguins
83 pinguins
83 pinguins
83 pinguins
83 pinguins
83 pinguins
83 pinguins
83 pinguins
83 pinguins
83 pinguins
83 pinguins
83 pinguins
83 pinguins
83 pinguins
83 pinguins
83 pinguins
83 pinguins
83 pinguins
83 pinguins
83 pinguins
83 pinguins
83 pinguins
83 pinguins
83 pinguins
83 pinguins
83 pinguins
83 pinguins
no gelo
no gelo
no gelo
no gelo
no gelo
no gelo
no gelo
no gelo
no gelo
no gelo
no gelo
no gelo
no gelo
no gelo
no gelo
no gelo
no gelo
no gelo
no gelo
no gelo
no gelo
no gelo
no gelo
no gelo
no gelo
no gelo
no gelo
no gelo
uhuu!
uhuu!
uhuu!
uhuu!
uhuu!
uhuu!
uhuu!
uhuu!
uhuu!
uhuu!
uhuu!
uhuu!
uhuu!
uhuu!
uhuu!
uhuu!
uhuu!
uhuu!
uhuu!
uhuu!
uhuu!
uhuu!
uhuu!
uhuu!
uhuu!
uhuu!
uhuu!
84 pinguins
84 pinguins
84 pinguins
84 pinguins
84 pinguins
84 pinguins
84 pinguins
84 pinguins
84 pinguins
84 pinguins
84 pinguins
84 pinguins
84 pinguins
84 pinguins
84 pinguins
84 pinguins
84 pinguins
84 pinguins
84 pinguins
84 pinguins
84 pinguins
84 pinguins
84 pinguins
84 pinguins
84 pinguins
84 pinguins
84 pinguins
84 pinguins
no gelo
no gelo
no gelo
no gelo
no gelo
no gelo
no gelo
no gelo
no gelo
no gelo
no gelo
no gelo
no gelo
no gelo
no gelo
no gelo
no gelo
no gelo
no gelo
no gelo
no gelo
no gelo
no gelo
no gelo
no gelo
no gelo
no gelo
no gelo
uhuu!
uhuu!
uhuu!
uhuu!
uhuu!
uhuu!
uhuu!
uhuu!
uhuu!
uhuu!
uhuu!
uhuu!
uhuu!
uhuu!
uhuu!
uhuu!
uhuu!
uhuu!
uhuu!
uhuu!
uhuu!
uhuu!
uhuu!
uhuu!
uhuu!
uhuu!
uhuu!
uhuu!
85 pinguins
85 pinguins
85 pinguins
85 pinguins
85 pinguins
85 pinguins
85 pinguins
85 pinguins
85 pinguins
85 pinguins
85 pinguins
85 pinguins
85 pinguins
85 pinguins
85 pinguins
85 pinguins
85 pinguins
85 pinguins
85 pinguins
85 pinguins
85 pinguins
85 pinguins
85 pinguins
85 pinguins
85 pinguins
85 pinguins
85 pinguins
85 pinguins
85 pinguins
no gelo
no gelo
no gelo
no gelo
no gelo
no gelo
no gelo
no gelo
no gelo
no gelo
no gelo
no gelo
no gelo
no gelo
no gelo
no gelo
no gelo
no gelo
no gelo
no gelo
no gelo
no gelo
no gelo
no gelo
no gelo
no gelo
no gelo
no gelo
uhuu!
uhuu!
uhuu!
uhuu!
uhuu!
uhuu!
uhuu!
uhuu!
uhuu!
uhuu!
uhuu!
uhuu!
uhuu!
uhuu!
uhuu!
uhuu!
uhuu!
uhuu!
uhuu!
uhuu!
uhuu!
uhuu!
uhuu!
uhuu!
uhuu!
uhuu!
uhuu!
uhuu!
86 pinguins
86 pinguins
86 pinguins
86 pinguins
86 pinguins
86 pinguins
86 pinguins
86 pinguins
86 pinguins
86 pinguins
86 pinguins
86 pinguins
86 pinguins
86 pinguins
86 pinguins
86 pinguins
86 pinguins
86 pinguins
86 pinguins
86 pinguins
86 pinguins
86 pinguins
86 pinguins
86 pinguins
86 pinguins
86 pinguins
86 pinguins
86 pinguins
86 pinguins
no gelo
no gelo
no gelo
no gelo
no gelo
no gelo
no gelo
no gelo
no gelo
no gelo
no gelo
no gelo
no gelo
no gelo
no gelo
no gelo
no gelo
no gelo
no gelo
no gelo
no gelo
no gelo
no gelo
no gelo
no gelo
no gelo
no gelo
no gelo
no gelo
uhuu!
uhuu!
uhuu!
uhuu!
uhuu!
uhuu!
uhuu!
uhuu!
uhuu!
uhuu!
uhuu!
uhuu!
uhuu!
uhuu!
uhuu!
uhuu!
uhuu!
uhuu!
uhuu!
uhuu!
uhuu!
uhuu!
uhuu!
uhuu!
uhuu!
uhuu!
uhuu!
uhuu!
87 pinguins
87 pinguins
87 pinguins
87 pinguins
87 pinguins
87 pinguins
87 pinguins
87 pinguins
87 pinguins
87 pinguins
87 pinguins
87 pinguins
87 pinguins
87 pinguins
87 pinguins
87 pinguins
87 pinguins
87 pinguins
87 pinguins
87 pinguins
87 pinguins
87 pinguins
87 pinguins
87 pinguins
87 pinguins
87 pinguins
87 pinguins
87 pinguins
87 pinguins
no gelo
no gelo
no gelo
no gelo
no gelo
no gelo
no gelo
no gelo
no gelo
no gelo
no gelo
no gelo
no gelo
no gelo
no gelo
no gelo
no gelo
no gelo
no gelo
no gelo
no gelo
no gelo
no gelo
no gelo
no gelo
no gelo
no gelo
no gelo
no gelo
uhuu!
uhuu!
uhuu!
uhuu!
uhuu!
uhuu!
uhuu!
uhuu!
uhuu!
uhuu!
uhuu!
uhuu!
uhuu!
uhuu!
uhuu!
uhuu!
uhuu!
uhuu!
uhuu!
uhuu!
uhuu!
uhuu!
uhuu!
uhuu!
uhuu!
uhuu!
uhuu!
uhuu!
uhuu!
88 pinguins
88 pinguins
88 pinguins
88 pinguins
88 pinguins
88 pinguins
88 pinguins
88 pinguins
88 pinguins
88 pinguins
88 pinguins
88 pinguins
88 pinguins
88 pinguins
88 pinguins
88 pinguins
88 pinguins
88 pinguins
88 pinguins
88 pinguins
88 pinguins
88 pinguins
88 pinguins
88 pinguins
88 pinguins
88 pinguins
88 pinguins
88 pinguins
88 pinguins
88 pinguins
no gelo
no gelo
no gelo
no gelo
no gelo
no gelo
no gelo
no gelo
no gelo
no gelo
no gelo
no gelo
no gelo
no gelo
no gelo
no gelo
no gelo
no gelo
no gelo
no gelo
no gelo
no gelo
no gelo
no gelo
no gelo
no gelo
no gelo
no gelo
no gelo
uhuu!
uhuu!
uhuu!
uhuu!
uhuu!
uhuu!
uhuu!
uhuu!
uhuu!
uhuu!
uhuu!
uhuu!
uhuu!
uhuu!
uhuu!
uhuu!
uhuu!
uhuu!
uhuu!
uhuu!
uhuu!
uhuu!
uhuu!
uhuu!
uhuu!
uhuu!
uhuu!
uhuu!
uhuu!
89 pinguins
89 pinguins
89 pinguins
89 pinguins
89 pinguins
89 pinguins
89 pinguins
89 pinguins
89 pinguins
89 pinguins
89 pinguins
89 pinguins
89 pinguins
89 pinguins
89 pinguins
89 pinguins
89 pinguins
89 pinguins
89 pinguins
89 pinguins
89 pinguins
89 pinguins
89 pinguins
89 pinguins
89 pinguins
89 pinguins
89 pinguins
89 pinguins
89 pinguins
89 pinguins
no gelo
no gelo
no gelo
no gelo
no gelo
no gelo
no gelo
no gelo
no gelo
no gelo
no gelo
no gelo
no gelo
no gelo
no gelo
no gelo
no gelo
no gelo
no gelo
no gelo
no gelo
no gelo
no gelo
no gelo
no gelo
no gelo
no gelo
no gelo
no gelo
no gelo
uhuu!
uhuu!
uhuu!
uhuu!
uhuu!
uhuu!
uhuu!
uhuu!
uhuu!
uhuu!
uhuu!
uhuu!
uhuu!
uhuu!
uhuu!
uhuu!
uhuu!
uhuu!
uhuu!
uhuu!
uhuu!
uhuu!
uhuu!
uhuu!
uhuu!
uhuu!
uhuu!
uhuu!
uhuu!
90 pinguins
90 pinguins
90 pinguins
90 pinguins
90 pinguins
90 pinguins
90 pinguins
90 pinguins
90 pinguins
90 pinguins
90 pinguins
90 pinguins
90 pinguins
90 pinguins
90 pinguins
90 pinguins
90 pinguins
90 pinguins
90 pinguins
90 pinguins
90 pinguins
90 pinguins
90 pinguins
90 pinguins
90 pinguins
90 pinguins
90 pinguins
90 pinguins
90 pinguins
90 pinguins
no gelo
no gelo
no gelo
no gelo
no gelo
no gelo
no gelo
no gelo
no gelo
no gelo
no gelo
no gelo
no gelo
no gelo
no gelo
no gelo
no gelo
no gelo
no gelo
no gelo
no gelo
no gelo
no gelo
no gelo
no gelo
no gelo
no gelo
no gelo
no gelo
no gelo
uhuu!
uhuu!
uhuu!
uhuu!
uhuu!
uhuu!
uhuu!
uhuu!
uhuu!
uhuu!
uhuu!
uhuu!
uhuu!
uhuu!
uhuu!
uhuu!
uhuu!
uhuu!
uhuu!
uhuu!
uhuu!
uhuu!
uhuu!
uhuu!
uhuu!
uhuu!
uhuu!
uhuu!
uhuu!
uhuu!
91 pinguins
91 pinguins
91 pinguins
91 pinguins
91 pinguins
91 pinguins
91 pinguins
91 pinguins
91 pinguins
91 pinguins
91 pinguins
91 pinguins
91 pinguins
91 pinguins
91 pinguins
91 pinguins
91 pinguins
91 pinguins
91 pinguins
91 pinguins
91 pinguins
91 pinguins
91 pinguins
91 pinguins
91 pinguins
91 pinguins
91 pinguins
91 pinguins
91 pinguins
91 pinguins
91 pinguins
no gelo
no gelo
no gelo
no gelo
no gelo
no gelo
no gelo
no gelo
no gelo
no gelo
no gelo
no gelo
no gelo
no gelo
no gelo
no gelo
no gelo
no gelo
no gelo
no gelo
no gelo
no gelo
no gelo
no gelo
no gelo
no gelo
no gelo
no gelo
no gelo
no gelo
uhuu!
uhuu!
uhuu!
uhuu!
uhuu!
uhuu!
uhuu!
uhuu!
uhuu!
uhuu!
uhuu!
uhuu!
uhuu!
uhuu!
uhuu!
uhuu!
uhuu!
uhuu!
uhuu!
uhuu!
uhuu!
uhuu!
uhuu!
uhuu!
uhuu!
uhuu!
uhuu!
uhuu!
uhuu!
uhuu!
92 pinguins
92 pinguins
92 pinguins
92 pinguins
92 pinguins
92 pinguins
92 pinguins
92 pinguins
92 pinguins
92 pinguins
92 pinguins
92 pinguins
92 pinguins
92 pinguins
92 pinguins
92 pinguins
92 pinguins
92 pinguins
92 pinguins
92 pinguins
92 pinguins
92 pinguins
92 pinguins
92 pinguins
92 pinguins
92 pinguins
92 pinguins
92 pinguins
92 pinguins
92 pinguins
92 pinguins
no gelo
no gelo
no gelo
no gelo
no gelo
no gelo
no gelo
no gelo
no gelo
no gelo
no gelo
no gelo
no gelo
no gelo
no gelo
no gelo
no gelo
no gelo
no gelo
no gelo
no gelo
no gelo
no gelo
no gelo
no gelo
no gelo
no gelo
no gelo
no gelo
no gelo
no gelo
uhuu!
uhuu!
uhuu!
uhuu!
uhuu!
uhuu!
uhuu!
uhuu!
uhuu!
uhuu!
uhuu!
uhuu!
uhuu!
uhuu!
uhuu!
uhuu!
uhuu!
uhuu!
uhuu!
uhuu!
uhuu!
uhuu!
uhuu!
uhuu!
uhuu!
uhuu!
uhuu!
uhuu!
uhuu!
uhuu!
93 pinguins
93 pinguins
93 pinguins
93 pinguins
93 pinguins
93 pinguins
93 pinguins
93 pinguins
93 pinguins
93 pinguins
93 pinguins
93 pinguins
93 pinguins
93 pinguins
93 pinguins
93 pinguins
93 pinguins
93 pinguins
93 pinguins
93 pinguins
93 pinguins
93 pinguins
93 pinguins
93 pinguins
93 pinguins
93 pinguins
93 pinguins
93 pinguins
93 pinguins
93 pinguins
93 pinguins
no gelo
no gelo
no gelo
no gelo
no gelo
no gelo
no gelo
no gelo
no gelo
no gelo
no gelo
no gelo
no gelo
no gelo
no gelo
no gelo
no gelo
no gelo
no gelo
no gelo
no gelo
no gelo
no gelo
no gelo
no gelo
no gelo
no gelo
no gelo
no gelo
no gelo
no gelo
uhuu!
uhuu!
uhuu!
uhuu!
uhuu!
uhuu!
uhuu!
uhuu!
uhuu!
uhuu!
uhuu!
uhuu!
uhuu!
uhuu!
uhuu!
uhuu!
uhuu!
uhuu!
uhuu!
uhuu!
uhuu!
uhuu!
uhuu!
uhuu!
uhuu!
uhuu!
uhuu!
uhuu!
uhuu!
uhuu!
uhuu!
94 pinguins
94 pinguins
94 pinguins
94 pinguins
94 pinguins
94 pinguins
94 pinguins
94 pinguins
94 pinguins
94 pinguins
94 pinguins
94 pinguins
94 pinguins
94 pinguins
94 pinguins
94 pinguins
94 pinguins
94 pinguins
94 pinguins
94 pinguins
94 pinguins
94 pinguins
94 pinguins
94 pinguins
94 pinguins
94 pinguins
94 pinguins
94 pinguins
94 pinguins
94 pinguins
94 pinguins
94 pinguins
no gelo
no gelo
no gelo
no gelo
no gelo
no gelo
no gelo
no gelo
no gelo
no gelo
no gelo
no gelo
no gelo
no gelo
no gelo
no gelo
no gelo
no gelo
no gelo
no gelo
no gelo
no gelo
no gelo
no gelo
no gelo
no gelo
no gelo
no gelo
no gelo
no gelo
no gelo
uhuu!
uhuu!
uhuu!
uhuu!
uhuu!
uhuu!
uhuu!
uhuu!
uhuu!
uhuu!
uhuu!
uhuu!
uhuu!
uhuu!
uhuu!
uhuu!
uhuu!
uhuu!
uhuu!
uhuu!
uhuu!
uhuu!
uhuu!
uhuu!
uhuu!
uhuu!
uhuu!
uhuu!
uhuu!
uhuu!
uhuu!
95 pinguins
95 pinguins
95 pinguins
95 pinguins
95 pinguins
95 pinguins
95 pinguins
95 pinguins
95 pinguins
95 pinguins
95 pinguins
95 pinguins
95 pinguins
95 pinguins
95 pinguins
95 pinguins
95 pinguins
95 pinguins
95 pinguins
95 pinguins
95 pinguins
95 pinguins
95 pinguins
95 pinguins
95 pinguins
95 pinguins
95 pinguins
95 pinguins
95 pinguins
95 pinguins
95 pinguins
95 pinguins
no gelo
no gelo
no gelo
no gelo
no gelo
no gelo
no gelo
no gelo
no gelo
no gelo
no gelo
no gelo
no gelo
no gelo
no gelo
no gelo
no gelo
no gelo
no gelo
no gelo
no gelo
no gelo
no gelo
no gelo
no gelo
no gelo
no gelo
no gelo
no gelo
no gelo
no gelo
no gelo
uhuu!
uhuu!
uhuu!
uhuu!
uhuu!
uhuu!
uhuu!
uhuu!
uhuu!
uhuu!
uhuu!
uhuu!
uhuu!
uhuu!
uhuu!
uhuu!
uhuu!
uhuu!
uhuu!
uhuu!
uhuu!
uhuu!
uhuu!
uhuu!
uhuu!
uhuu!
uhuu!
uhuu!
uhuu!
uhuu!
uhuu!
96 pinguins
96 pinguins
96 pinguins
96 pinguins
96 pinguins
96 pinguins
96 pinguins
96 pinguins
96 pinguins
96 pinguins
96 pinguins
96 pinguins
96 pinguins
96 pinguins
96 pinguins
96 pinguins
96 pinguins
96 pinguins
96 pinguins
96 pinguins
96 pinguins
96 pinguins
96 pinguins
96 pinguins
96 pinguins
96 pinguins
96 pinguins
96 pinguins
96 pinguins
96 pinguins
96 pinguins
96 pinguins
no gelo
no gelo
no gelo
no gelo
no gelo
no gelo
no gelo
no gelo
no gelo
no gelo
no gelo
no gelo
no gelo
no gelo
no gelo
no gelo
no gelo
no gelo
no gelo
no gelo
no gelo
no gelo
no gelo
no gelo
no gelo
no gelo
no gelo
no gelo
no gelo
no gelo
no gelo
no gelo
uhuu!
uhuu!
uhuu!
uhuu!
uhuu!
uhuu!
uhuu!
uhuu!
uhuu!
uhuu!
uhuu!
uhuu!
uhuu!
uhuu!
uhuu!
uhuu!
uhuu!
uhuu!
uhuu!
uhuu!
uhuu!
uhuu!
uhuu!
uhuu!
uhuu!
uhuu!
uhuu!
uhuu!
uhuu!
uhuu!
uhuu!
uhuu!
97 pinguins
97 pinguins
97 pinguins
97 pinguins
97 pinguins
97 pinguins
97 pinguins
97 pinguins
97 pinguins
97 pinguins
97 pinguins
97 pinguins
97 pinguins
97 pinguins
97 pinguins
97 pinguins
97 pinguins
97 pinguins
97 pinguins
97 pinguins
97 pinguins
97 pinguins
97 pinguins
97 pinguins
97 pinguins
97 pinguins
97 pinguins
97 pinguins
97 pinguins
97 pinguins
97 pinguins
97 pinguins
97 pinguins
no gelo
no gelo
no gelo
no gelo
no gelo
no gelo
no gelo
no gelo
no gelo
no gelo
no gelo
no gelo
no gelo
no gelo
no gelo
no gelo
no gelo
no gelo
no gelo
no gelo
no gelo
no gelo
no gelo
no gelo
no gelo
no gelo
no gelo
no gelo
no gelo
no gelo
no gelo
no gelo
uhuu!
uhuu!
uhuu!
uhuu!
uhuu!
uhuu!
uhuu!
uhuu!
uhuu!
uhuu!
uhuu!
uhuu!
uhuu!
uhuu!
uhuu!
uhuu!
uhuu!
uhuu!
uhuu!
uhuu!
uhuu!
uhuu!
uhuu!
uhuu!
uhuu!
uhuu!
uhuu!
uhuu!
uhuu!
uhuu!
uhuu!
uhuu!
98 pinguins
98 pinguins
98 pinguins
98 pinguins
98 pinguins
98 pinguins
98 pinguins
98 pinguins
98 pinguins
98 pinguins
98 pinguins
98 pinguins
98 pinguins
98 pinguins
98 pinguins
98 pinguins
98 pinguins
98 pinguins
98 pinguins
98 pinguins
98 pinguins
98 pinguins
98 pinguins
98 pinguins
98 pinguins
98 pinguins
98 pinguins
98 pinguins
98 pinguins
98 pinguins
98 pinguins
98 pinguins
98 pinguins
no gelo
no gelo
no gelo
no gelo
no gelo
no gelo
no gelo
no gelo
no gelo
no gelo
no gelo
no gelo
no gelo
no gelo
no gelo
no gelo
no gelo
no gelo
no gelo
no gelo
no gelo
no gelo
no gelo
no gelo
no gelo
no gelo
no gelo
no gelo
no gelo
no gelo
no gelo
no gelo
no gelo
uhuu!
uhuu!
uhuu!
uhuu!
uhuu!
uhuu!
uhuu!
uhuu!
uhuu!
uhuu!
uhuu!
uhuu!
uhuu!
uhuu!
uhuu!
uhuu!
uhuu!
uhuu!
uhuu!
uhuu!
uhuu!
uhuu!
uhuu!
